<?xml version="1.0" encoding="UTF-8"?>
<robot generator="Robot 7.3.2 (Python 3.11.9 on win32)" generated="2025-07-30T12:56:39.725267" rpa="false" schemaversion="5">
<suite id="s1" name="Hello" source="C:\Users\gigab\Downloads\E-commerce-App-main\robot-tests\hello.robot">
<kw name="Log" owner="BuiltIn" type="SETUP">
<msg time="2025-07-30T12:56:39.981646" level="INFO">Suite de tests e-commerce démarrée</msg>
<arg>Suite de tests e-commerce démarrée</arg>
<doc>Logs the given message with the given level.</doc>
<status status="PASS" start="2025-07-30T12:56:39.980636" elapsed="0.001010"/>
</kw>
<test id="s1-t1" name="TC001 - Vérifier le chargement de la page d'accueil" line="230">
<kw name="Open Browser Setup" type="SETUP">
<kw name="Open Browser" owner="SeleniumLibrary">
<msg time="2025-07-30T12:56:39.982639" level="INFO">Opening browser 'chrome' to base url 'http://localhost:4200'.</msg>
<arg>${BASE_URL}</arg>
<arg>${BROWSER}</arg>
<doc>Opens a new browser instance to the optional ``url``.</doc>
<status status="PASS" start="2025-07-30T12:56:39.982639" elapsed="4.563667"/>
</kw>
<kw name="Maximize Browser Window" owner="SeleniumLibrary">
<doc>Maximizes current browser window.</doc>
<status status="PASS" start="2025-07-30T12:56:44.546306" elapsed="0.040916"/>
</kw>
<kw name="Set Selenium Timeout" owner="SeleniumLibrary">
<arg>${TIMEOUT}</arg>
<doc>Sets the timeout that is used by various keywords.</doc>
<status status="PASS" start="2025-07-30T12:56:44.587222" elapsed="0.001033"/>
</kw>
<kw name="Wait Until Page Contains Element" owner="SeleniumLibrary">
<arg>css:body</arg>
<arg>timeout=${TIMEOUT}</arg>
<doc>Waits until the element ``locator`` appears on the current page.</doc>
<status status="PASS" start="2025-07-30T12:56:44.589268" elapsed="0.016772"/>
</kw>
<status status="PASS" start="2025-07-30T12:56:39.981646" elapsed="4.624897"/>
</kw>
<kw name="Navigate To Home Page">
<kw name="Go To" owner="SeleniumLibrary">
<msg time="2025-07-30T12:56:44.607046" level="INFO">Opening url 'http://localhost:4200/home'</msg>
<arg>${BASE_URL}${HOME_ROUTE}</arg>
<doc>Navigates the current browser window to the provided ``url``.</doc>
<status status="PASS" start="2025-07-30T12:56:44.607046" elapsed="0.717808"/>
</kw>
<kw name="Wait Until Page Contains Element" owner="SeleniumLibrary">
<arg>css:body</arg>
<arg>timeout=${TIMEOUT}</arg>
<doc>Waits until the element ``locator`` appears on the current page.</doc>
<status status="PASS" start="2025-07-30T12:56:45.324854" elapsed="0.010926"/>
</kw>
<kw name="Page Should Contain Element" owner="SeleniumLibrary">
<msg time="2025-07-30T12:56:45.352192" level="INFO">Current page contains element 'css:.product-grid'.</msg>
<arg>${PRODUCT_GRID}</arg>
<doc>Verifies that element ``locator`` is found on the current page.</doc>
<status status="PASS" start="2025-07-30T12:56:45.335780" elapsed="0.016412"/>
</kw>
<status status="PASS" start="2025-07-30T12:56:44.607046" elapsed="0.745146"/>
</kw>
<kw name="Page Should Contain Element" owner="SeleniumLibrary">
<msg time="2025-07-30T12:56:45.363334" level="INFO">Current page contains element 'css:.product-grid'.</msg>
<arg>${PRODUCT_GRID}</arg>
<doc>Verifies that element ``locator`` is found on the current page.</doc>
<status status="PASS" start="2025-07-30T12:56:45.353189" elapsed="0.010145"/>
</kw>
<kw name="Close Browser" owner="SeleniumLibrary" type="TEARDOWN">
<doc>Closes the current browser.</doc>
<status status="PASS" start="2025-07-30T12:56:45.364416" elapsed="2.230663"/>
</kw>
<doc>Vérifier que la page d'accueil se charge correctement</doc>
<tag>smoke</tag>
<tag>ui</tag>
<status status="PASS" start="2025-07-30T12:56:39.981646" elapsed="7.613433"/>
</test>
<test id="s1-t2" name="TC002 - Navigation vers la page de connexion" line="236">
<kw name="Open Browser Setup" type="SETUP">
<kw name="Open Browser" owner="SeleniumLibrary">
<msg time="2025-07-30T12:56:47.597067" level="INFO">Opening browser 'chrome' to base url 'http://localhost:4200'.</msg>
<arg>${BASE_URL}</arg>
<arg>${BROWSER}</arg>
<doc>Opens a new browser instance to the optional ``url``.</doc>
<status status="PASS" start="2025-07-30T12:56:47.597067" elapsed="3.708414"/>
</kw>
<kw name="Maximize Browser Window" owner="SeleniumLibrary">
<doc>Maximizes current browser window.</doc>
<status status="PASS" start="2025-07-30T12:56:51.306484" elapsed="0.027868"/>
</kw>
<kw name="Set Selenium Timeout" owner="SeleniumLibrary">
<arg>${TIMEOUT}</arg>
<doc>Sets the timeout that is used by various keywords.</doc>
<status status="PASS" start="2025-07-30T12:56:51.334352" elapsed="0.001008"/>
</kw>
<kw name="Wait Until Page Contains Element" owner="SeleniumLibrary">
<arg>css:body</arg>
<arg>timeout=${TIMEOUT}</arg>
<doc>Waits until the element ``locator`` appears on the current page.</doc>
<status status="PASS" start="2025-07-30T12:56:51.336602" elapsed="0.015547"/>
</kw>
<status status="PASS" start="2025-07-30T12:56:47.597067" elapsed="3.755082"/>
</kw>
<kw name="Navigate To Login Page">
<kw name="Go To" owner="SeleniumLibrary">
<msg time="2025-07-30T12:56:51.354200" level="INFO">Opening url 'http://localhost:4200/login'</msg>
<arg>${BASE_URL}${LOGIN_ROUTE}</arg>
<doc>Navigates the current browser window to the provided ``url``.</doc>
<status status="PASS" start="2025-07-30T12:56:51.354200" elapsed="0.536306"/>
</kw>
<kw name="Wait Until Page Contains Element" owner="SeleniumLibrary">
<arg>${LOGIN_EMAIL_INPUT}</arg>
<arg>timeout=${TIMEOUT}</arg>
<doc>Waits until the element ``locator`` appears on the current page.</doc>
<status status="PASS" start="2025-07-30T12:56:51.890506" elapsed="0.014049"/>
</kw>
<kw name="Page Should Contain" owner="SeleniumLibrary">
<msg time="2025-07-30T12:56:51.921123" level="INFO">Current page contains text 'Sign in'.</msg>
<arg>Sign in</arg>
<doc>Verifies that current page contains ``text``.</doc>
<status status="PASS" start="2025-07-30T12:56:51.905560" elapsed="0.015563"/>
</kw>
<status status="PASS" start="2025-07-30T12:56:51.353192" elapsed="0.567931"/>
</kw>
<kw name="Page Should Contain" owner="SeleniumLibrary">
<msg time="2025-07-30T12:56:51.934847" level="INFO">Current page contains text 'Sign in'.</msg>
<arg>Sign in</arg>
<doc>Verifies that current page contains ``text``.</doc>
<status status="PASS" start="2025-07-30T12:56:51.922131" elapsed="0.012716"/>
</kw>
<kw name="Page Should Contain Element" owner="SeleniumLibrary">
<msg time="2025-07-30T12:56:51.942418" level="INFO">Current page contains element 'css:#form2Example1'.</msg>
<arg>${LOGIN_EMAIL_INPUT}</arg>
<doc>Verifies that element ``locator`` is found on the current page.</doc>
<status status="PASS" start="2025-07-30T12:56:51.934847" elapsed="0.007571"/>
</kw>
<kw name="Page Should Contain Element" owner="SeleniumLibrary">
<msg time="2025-07-30T12:56:51.955125" level="INFO">Current page contains element 'css:#form2Example2'.</msg>
<arg>${LOGIN_PASSWORD_INPUT}</arg>
<doc>Verifies that element ``locator`` is found on the current page.</doc>
<status status="PASS" start="2025-07-30T12:56:51.943418" elapsed="0.011707"/>
</kw>
<kw name="Page Should Contain Element" owner="SeleniumLibrary">
<msg time="2025-07-30T12:56:51.966167" level="INFO">Current page contains element 'css:#form2Example31'.</msg>
<arg>${REMEMBER_CHECKBOX}</arg>
<doc>Verifies that element ``locator`` is found on the current page.</doc>
<status status="PASS" start="2025-07-30T12:56:51.955125" elapsed="0.011042"/>
</kw>
<kw name="Close Browser" owner="SeleniumLibrary" type="TEARDOWN">
<doc>Closes the current browser.</doc>
<status status="PASS" start="2025-07-30T12:56:51.967163" elapsed="2.203444"/>
</kw>
<doc>Vérifier la navigation vers la page de connexion</doc>
<tag>navigation</tag>
<tag>ui</tag>
<status status="PASS" start="2025-07-30T12:56:47.596079" elapsed="6.574528"/>
</test>
<test id="s1-t3" name="TC003 - Navigation vers la page d'inscription" line="245">
<kw name="Open Browser Setup" type="SETUP">
<kw name="Open Browser" owner="SeleniumLibrary">
<msg time="2025-07-30T12:56:54.172758" level="INFO">Opening browser 'chrome' to base url 'http://localhost:4200'.</msg>
<arg>${BASE_URL}</arg>
<arg>${BROWSER}</arg>
<doc>Opens a new browser instance to the optional ``url``.</doc>
<status status="PASS" start="2025-07-30T12:56:54.172758" elapsed="3.973774"/>
</kw>
<kw name="Maximize Browser Window" owner="SeleniumLibrary">
<doc>Maximizes current browser window.</doc>
<status status="PASS" start="2025-07-30T12:56:58.146532" elapsed="0.028178"/>
</kw>
<kw name="Set Selenium Timeout" owner="SeleniumLibrary">
<arg>${TIMEOUT}</arg>
<doc>Sets the timeout that is used by various keywords.</doc>
<status status="PASS" start="2025-07-30T12:56:58.175712" elapsed="0.001199"/>
</kw>
<kw name="Wait Until Page Contains Element" owner="SeleniumLibrary">
<arg>css:body</arg>
<arg>timeout=${TIMEOUT}</arg>
<doc>Waits until the element ``locator`` appears on the current page.</doc>
<status status="PASS" start="2025-07-30T12:56:58.176911" elapsed="0.015157"/>
</kw>
<status status="PASS" start="2025-07-30T12:56:54.171683" elapsed="4.020385"/>
</kw>
<kw name="Navigate To Register Page">
<kw name="Go To" owner="SeleniumLibrary">
<msg time="2025-07-30T12:56:58.193069" level="INFO">Opening url 'http://localhost:4200/sign-up'</msg>
<arg>${BASE_URL}${SIGNUP_ROUTE}</arg>
<doc>Navigates the current browser window to the provided ``url``.</doc>
<status status="PASS" start="2025-07-30T12:56:58.193069" elapsed="0.523123"/>
</kw>
<kw name="Wait Until Page Contains Element" owner="SeleniumLibrary">
<arg>${REGISTER_EMAIL_INPUT}</arg>
<arg>timeout=${TIMEOUT}</arg>
<doc>Waits until the element ``locator`` appears on the current page.</doc>
<status status="PASS" start="2025-07-30T12:56:58.716192" elapsed="0.015199"/>
</kw>
<kw name="Page Should Contain" owner="SeleniumLibrary">
<msg time="2025-07-30T12:56:58.747469" level="INFO">Current page contains text 'Register'.</msg>
<arg>Register</arg>
<doc>Verifies that current page contains ``text``.</doc>
<status status="PASS" start="2025-07-30T12:56:58.732399" elapsed="0.016067"/>
</kw>
<status status="PASS" start="2025-07-30T12:56:58.193069" elapsed="0.555397"/>
</kw>
<kw name="Page Should Contain" owner="SeleniumLibrary">
<msg time="2025-07-30T12:56:58.761209" level="INFO">Current page contains text 'Register'.</msg>
<arg>Register</arg>
<doc>Verifies that current page contains ``text``.</doc>
<status status="PASS" start="2025-07-30T12:56:58.748466" elapsed="0.012743"/>
</kw>
<kw name="Page Should Contain Element" owner="SeleniumLibrary">
<msg time="2025-07-30T12:56:58.769182" level="INFO">Current page contains element 'css:#form2Example1'.</msg>
<arg>${REGISTER_EMAIL_INPUT}</arg>
<doc>Verifies that element ``locator`` is found on the current page.</doc>
<status status="PASS" start="2025-07-30T12:56:58.761209" elapsed="0.007973"/>
</kw>
<kw name="Page Should Contain Element" owner="SeleniumLibrary">
<msg time="2025-07-30T12:56:58.781551" level="INFO">Current page contains element 'css:#form2Example3'.</msg>
<arg>${REGISTER_USERNAME_INPUT}</arg>
<doc>Verifies that element ``locator`` is found on the current page.</doc>
<status status="PASS" start="2025-07-30T12:56:58.770184" elapsed="0.011367"/>
</kw>
<kw name="Page Should Contain Element" owner="SeleniumLibrary">
<msg time="2025-07-30T12:56:58.796069" level="INFO">Current page contains element 'css:#form2Example2'.</msg>
<arg>${REGISTER_PASSWORD_INPUT}</arg>
<doc>Verifies that element ``locator`` is found on the current page.</doc>
<status status="PASS" start="2025-07-30T12:56:58.782549" elapsed="0.013520"/>
</kw>
<kw name="Close Browser" owner="SeleniumLibrary" type="TEARDOWN">
<doc>Closes the current browser.</doc>
<status status="PASS" start="2025-07-30T12:56:58.796069" elapsed="2.200843"/>
</kw>
<doc>Vérifier la navigation vers la page d'inscription</doc>
<tag>navigation</tag>
<tag>ui</tag>
<status status="PASS" start="2025-07-30T12:56:54.171683" elapsed="6.825811"/>
</test>
<test id="s1-t4" name="TC004 - Inscription avec des données valides" line="254">
<kw name="Open Browser Setup" type="SETUP">
<kw name="Open Browser" owner="SeleniumLibrary">
<msg time="2025-07-30T12:57:00.999083" level="INFO">Opening browser 'chrome' to base url 'http://localhost:4200'.</msg>
<arg>${BASE_URL}</arg>
<arg>${BROWSER}</arg>
<doc>Opens a new browser instance to the optional ``url``.</doc>
<status status="PASS" start="2025-07-30T12:57:00.999083" elapsed="4.013178"/>
</kw>
<kw name="Maximize Browser Window" owner="SeleniumLibrary">
<doc>Maximizes current browser window.</doc>
<status status="PASS" start="2025-07-30T12:57:05.012261" elapsed="0.031767"/>
</kw>
<kw name="Set Selenium Timeout" owner="SeleniumLibrary">
<arg>${TIMEOUT}</arg>
<doc>Sets the timeout that is used by various keywords.</doc>
<status status="PASS" start="2025-07-30T12:57:05.044028" elapsed="0.002033"/>
</kw>
<kw name="Wait Until Page Contains Element" owner="SeleniumLibrary">
<arg>css:body</arg>
<arg>timeout=${TIMEOUT}</arg>
<doc>Waits until the element ``locator`` appears on the current page.</doc>
<status status="PASS" start="2025-07-30T12:57:05.046061" elapsed="0.015266"/>
</kw>
<status status="PASS" start="2025-07-30T12:57:00.998579" elapsed="4.062748"/>
</kw>
<kw name="Get Current Date" owner="DateTime">
<msg time="2025-07-30T12:57:05.062380" level="INFO">${timestamp} = 20250730125705</msg>
<var>${timestamp}</var>
<arg>result_format=%Y%m%d%H%M%S</arg>
<doc>Returns current local or UTC time with an optional increment.</doc>
<status status="PASS" start="2025-07-30T12:57:05.062380" elapsed="0.000000"/>
</kw>
<kw name="Set Variable" owner="BuiltIn">
<msg time="2025-07-30T12:57:05.063909" level="INFO">${unique_email} = test20250730125705@example.com</msg>
<var>${unique_email}</var>
<arg>test${timestamp}@example.com</arg>
<doc>Returns the given values which can then be assigned to a variables.</doc>
<status status="PASS" start="2025-07-30T12:57:05.063393" elapsed="0.000516"/>
</kw>
<kw name="Set Variable" owner="BuiltIn">
<msg time="2025-07-30T12:57:05.064421" level="INFO">${unique_username} = testuser20250730125705</msg>
<var>${unique_username}</var>
<arg>testuser${timestamp}</arg>
<doc>Returns the given values which can then be assigned to a variables.</doc>
<status status="PASS" start="2025-07-30T12:57:05.063909" elapsed="0.000512"/>
</kw>
<kw name="Set Variable" owner="BuiltIn">
<msg time="2025-07-30T12:57:05.064421" level="INFO">${password} = Test123!</msg>
<var>${password}</var>
<arg>Test123!</arg>
<doc>Returns the given values which can then be assigned to a variables.</doc>
<status status="PASS" start="2025-07-30T12:57:05.064421" elapsed="0.000000"/>
</kw>
<kw name="Set Suite Variable" owner="BuiltIn">
<msg time="2025-07-30T12:57:05.065434" level="INFO">${REGISTERED_EMAIL} = test20250730125705@example.com</msg>
<arg>${REGISTERED_EMAIL}</arg>
<arg>${unique_email}</arg>
<doc>Makes a variable available everywhere within the scope of the current suite.</doc>
<status status="PASS" start="2025-07-30T12:57:05.064421" elapsed="0.001013"/>
</kw>
<kw name="Set Suite Variable" owner="BuiltIn">
<msg time="2025-07-30T12:57:05.066063" level="INFO">${REGISTERED_USERNAME} = testuser20250730125705</msg>
<arg>${REGISTERED_USERNAME}</arg>
<arg>${unique_username}</arg>
<doc>Makes a variable available everywhere within the scope of the current suite.</doc>
<status status="PASS" start="2025-07-30T12:57:05.065434" elapsed="0.000629"/>
</kw>
<kw name="Set Suite Variable" owner="BuiltIn">
<msg time="2025-07-30T12:57:05.066063" level="INFO">${REGISTERED_PASSWORD} = Test123!</msg>
<arg>${REGISTERED_PASSWORD}</arg>
<arg>${password}</arg>
<doc>Makes a variable available everywhere within the scope of the current suite.</doc>
<status status="PASS" start="2025-07-30T12:57:05.066063" elapsed="0.000000"/>
</kw>
<kw name="Navigate To Register Page">
<kw name="Go To" owner="SeleniumLibrary">
<msg time="2025-07-30T12:57:05.067105" level="INFO">Opening url 'http://localhost:4200/sign-up'</msg>
<arg>${BASE_URL}${SIGNUP_ROUTE}</arg>
<doc>Navigates the current browser window to the provided ``url``.</doc>
<status status="PASS" start="2025-07-30T12:57:05.067105" elapsed="0.533029"/>
</kw>
<kw name="Wait Until Page Contains Element" owner="SeleniumLibrary">
<arg>${REGISTER_EMAIL_INPUT}</arg>
<arg>timeout=${TIMEOUT}</arg>
<doc>Waits until the element ``locator`` appears on the current page.</doc>
<status status="PASS" start="2025-07-30T12:57:05.600948" elapsed="0.014733"/>
</kw>
<kw name="Page Should Contain" owner="SeleniumLibrary">
<msg time="2025-07-30T12:57:05.634142" level="INFO">Current page contains text 'Register'.</msg>
<arg>Register</arg>
<doc>Verifies that current page contains ``text``.</doc>
<status status="PASS" start="2025-07-30T12:57:05.616681" elapsed="0.017461"/>
</kw>
<status status="PASS" start="2025-07-30T12:57:05.067105" elapsed="0.567037"/>
</kw>
<kw name="Wait Until Element Is Visible" owner="SeleniumLibrary">
<arg>${REGISTER_EMAIL_INPUT}</arg>
<arg>timeout=${TIMEOUT}</arg>
<doc>Waits until the element ``locator`` is visible.</doc>
<status status="PASS" start="2025-07-30T12:57:05.635152" elapsed="0.020032"/>
</kw>
<kw name="Input Text" owner="SeleniumLibrary">
<msg time="2025-07-30T12:57:05.656180" level="INFO">Typing text 'test20250730125705@example.com' into text field 'css:#form2Example1'.</msg>
<arg>${REGISTER_EMAIL_INPUT}</arg>
<arg>${unique_email}</arg>
<doc>Types the given ``text`` into the text field identified by ``locator``.</doc>
<status status="PASS" start="2025-07-30T12:57:05.656180" elapsed="0.129335"/>
</kw>
<kw name="Input Text" owner="SeleniumLibrary">
<msg time="2025-07-30T12:57:05.786513" level="INFO">Typing text 'testuser20250730125705' into text field 'css:#form2Example3'.</msg>
<arg>${REGISTER_USERNAME_INPUT}</arg>
<arg>${unique_username}</arg>
<doc>Types the given ``text`` into the text field identified by ``locator``.</doc>
<status status="PASS" start="2025-07-30T12:57:05.785515" elapsed="0.124581"/>
</kw>
<kw name="Input Text" owner="SeleniumLibrary">
<msg time="2025-07-30T12:57:05.911100" level="INFO">Typing text 'Test123!' into text field 'css:#form2Example2'.</msg>
<arg>${REGISTER_PASSWORD_INPUT}</arg>
<arg>${password}</arg>
<doc>Types the given ``text`` into the text field identified by ``locator``.</doc>
<status status="PASS" start="2025-07-30T12:57:05.910096" elapsed="0.100715"/>
</kw>
<kw name="Click Button" owner="SeleniumLibrary">
<msg time="2025-07-30T12:57:06.011915" level="INFO">Clicking button 'css:button[type="submit"]'.</msg>
<arg>${REGISTER_BUTTON}</arg>
<doc>Clicks the button identified by ``locator``.</doc>
<status status="PASS" start="2025-07-30T12:57:06.011915" elapsed="0.138179"/>
</kw>
<kw name="Wait Until Location Is" owner="SeleniumLibrary">
<arg>${BASE_URL}${HOME_ROUTE}</arg>
<arg>timeout=15s</arg>
<doc>Waits until the current URL is ``expected``.</doc>
<status status="PASS" start="2025-07-30T12:57:06.150094" elapsed="1.662282"/>
</kw>
<kw name="Verify Registration Success">
<kw name="Run Keyword And Return Status" owner="BuiltIn">
<kw name="Location Should Be" owner="SeleniumLibrary">
<msg time="2025-07-30T12:57:07.816205" level="INFO">Current location is 'http://localhost:4200/home'.</msg>
<arg>${BASE_URL}${HOME_ROUTE}</arg>
<doc>Verifies that the current URL is exactly ``url``.</doc>
<status status="PASS" start="2025-07-30T12:57:07.813172" elapsed="0.003033"/>
</kw>
<msg time="2025-07-30T12:57:07.816205" level="INFO">${on_home} = True</msg>
<var>${on_home}</var>
<arg>Location Should Be</arg>
<arg>${BASE_URL}${HOME_ROUTE}</arg>
<doc>Runs the given keyword with given arguments and returns the status as a Boolean value.</doc>
<status status="PASS" start="2025-07-30T12:57:07.813172" elapsed="0.003033"/>
</kw>
<kw name="Run Keyword If" owner="BuiltIn">
<kw name="Log" owner="BuiltIn">
<msg time="2025-07-30T12:57:07.816205" level="INFO">Registration successful - redirected to home</msg>
<arg>Registration successful - redirected to home</arg>
<doc>Logs the given message with the given level.</doc>
<status status="PASS" start="2025-07-30T12:57:07.816205" elapsed="0.000000"/>
</kw>
<arg>${on_home}</arg>
<arg>Log</arg>
<arg>Registration successful - redirected to home</arg>
<doc>Runs the given keyword with the given arguments, if ``condition`` is true.</doc>
<status status="PASS" start="2025-07-30T12:57:07.816205" elapsed="0.000000"/>
</kw>
<kw name="Run Keyword If" owner="BuiltIn">
<arg>not ${on_home}</arg>
<arg>Handle Registration Failure</arg>
<doc>Runs the given keyword with the given arguments, if ``condition`` is true.</doc>
<status status="PASS" start="2025-07-30T12:57:07.816205" elapsed="0.000000"/>
</kw>
<status status="PASS" start="2025-07-30T12:57:07.813172" elapsed="0.003033"/>
</kw>
<kw name="Check User Is Logged In">
<kw name="Location Should Be" owner="SeleniumLibrary">
<msg time="2025-07-30T12:57:07.821215" level="INFO">Current location is 'http://localhost:4200/home'.</msg>
<arg>${BASE_URL}${HOME_ROUTE}</arg>
<doc>Verifies that the current URL is exactly ``url``.</doc>
<status status="PASS" start="2025-07-30T12:57:07.818208" elapsed="0.003007"/>
</kw>
<kw name="Run Keyword And Return Status" owner="BuiltIn">
<kw name="Page Should Contain Element" owner="SeleniumLibrary">
<msg time="2025-07-30T12:57:09.970499" level="INFO" html="true">&lt;/td&gt;&lt;/tr&gt;&lt;tr&gt;&lt;td colspan="3"&gt;&lt;a href="selenium-screenshot-32.png"&gt;&lt;img src="selenium-screenshot-32.png" width="800px"&gt;&lt;/a&gt;</msg>
<msg time="2025-07-30T12:57:09.970499" level="FAIL">Page should have contained element 'css:[data-testid="cart-icon"]' but did not.</msg>
<arg>${CART_ICON}</arg>
<doc>Verifies that element ``locator`` is found on the current page.</doc>
<status status="FAIL" start="2025-07-30T12:57:07.821215" elapsed="2.151288">Page should have contained element 'css:[data-testid="cart-icon"]' but did not.</status>
</kw>
<msg time="2025-07-30T12:57:09.972503" level="INFO">${cart_found} = False</msg>
<var>${cart_found}</var>
<arg>Page Should Contain Element</arg>
<arg>${CART_ICON}</arg>
<doc>Runs the given keyword with given arguments and returns the status as a Boolean value.</doc>
<status status="PASS" start="2025-07-30T12:57:07.821215" elapsed="2.151288"/>
</kw>
<kw name="Run Keyword If" owner="BuiltIn">
<kw name="Try Alternative Cart Selector">
<kw name="Run Keyword And Return Status" owner="BuiltIn">
<kw name="Page Should Contain Element" owner="SeleniumLibrary">
<msg time="2025-07-30T12:57:10.098627" level="INFO" html="true">&lt;/td&gt;&lt;/tr&gt;&lt;tr&gt;&lt;td colspan="3"&gt;&lt;a href="selenium-screenshot-33.png"&gt;&lt;img src="selenium-screenshot-33.png" width="800px"&gt;&lt;/a&gt;</msg>
<msg time="2025-07-30T12:57:10.098627" level="FAIL">InvalidSelectorException: Message: invalid selector: An invalid or illegal selector was specified
  (Session info: chrome=138.0.7204.169); For documentation on this error, please visit: https://www.selenium.dev/documentation/webdriver/troubleshooting/errors#invalidselectorexception
Stacktrace:
	GetHandleVerifier [0x0x7ff746e4e415+77285]
	GetHandleVerifier [0x0x7ff746e4e470+77376]
	(No symbol) [0x0x7ff746c19a6a]
	(No symbol) [0x0x7ff746c21419]
	(No symbol) [0x0x7ff746c244cc]
	(No symbol) [0x0x7ff746c2459f]
	(No symbol) [0x0x7ff746c6fcb7]
	(No symbol) [0x0x7ff746c706bc]
	(No symbol) [0x0x7ff746cc3af7]
	(No symbol) [0x0x7ff746c9864f]
	(No symbol) [0x0x7ff746cc087f]
	(No symbol) [0x0x7ff746c983e3]
	(No symbol) [0x0x7ff746c61521]
	(No symbol) [0x0x7ff746c622b3]
	GetHandleVerifier [0x0x7ff747131efd+3107021]
	GetHandleVerifier [0x0x7ff74712c29d+3083373]
	GetHandleVerifier [0x0x7ff74714bedd+3213485]
	GetHandleVerifier [0x0x7ff746e6884e+184862]
	GetHandleVerifier [0x0x7ff746e7055f+216879]
	GetHandleVerifier [0x0x7ff746e57084+113236]
	GetHandleVerifier [0x0x7ff746e57239+113673]
	GetHandleVerifier [0x0x7ff746e3e298+11368]
	BaseThreadInitThunk [0x0x7ffd7b9fe8d7+23]
	RtlUserThreadStart [0x0x7ffd7c29c34c+44]
</msg>
<arg>${CART_ICON_ALT}</arg>
<doc>Verifies that element ``locator`` is found on the current page.</doc>
<status status="FAIL" start="2025-07-30T12:57:09.973498" elapsed="0.127140">InvalidSelectorException: Message: invalid selector: An invalid or illegal selector was specified
  (Session info: chrome=138.0.7204.169); For documentation on this error, please visit: https://www.selenium.dev/documentation/webdriver/troubleshooting/errors#invalidselectorexception
Stacktrace:
	GetHandleVerifier [0x0x7ff746e4e415+77285]
	GetHandleVerifier [0x0x7ff746e4e470+77376]
	(No symbol) [0x0x7ff746c19a6a]
	(No symbol) [0x0x7ff746c21419]
	(No symbol) [0x0x7ff746c244cc]
	(No symbol) [0x0x7ff746c2459f]
	(No symbol) [0x0x7ff746c6fcb7]
	(No symbol) [0x0x7ff746c706bc]
	(No symbol) [0x0x7ff746cc3af7]
	(No symbol) [0x0x7ff746c9864f]
	(No symbol) [0x0x7ff746cc087f]
	(No symbol) [0x0x7ff746c983e3]
	(No symbol) [0x0x7ff746c61521]
	(No symbol) [0x0x7ff746c622b3]
	GetHandleVerifier [0x0x7ff747131efd+3107021]
	GetHandleVerifier [0x0x7ff74712c29d+3083373]
	GetHandleVerifier [0x0x7ff74714bedd+3213485]
	GetHandleVerifier [0x0x7ff746e6884e+184862]
	GetHandleVerifier [0x0x7ff746e7055f+216879]
	GetHandleVerifier [0x0x7ff746e57084+113236]
	GetHandleVerifier [0x0x7ff746e57239+113673]
	GetHandleVerifier [0x0x7ff746e3e298+11368]
	BaseThreadInitThunk [0x0x7ffd7b9fe8d7+23]
	RtlUserThreadStart [0x0x7ffd7c29c34c+44]
</status>
</kw>
<msg time="2025-07-30T12:57:10.101696" level="INFO">${alt_cart_found} = False</msg>
<var>${alt_cart_found}</var>
<arg>Page Should Contain Element</arg>
<arg>${CART_ICON_ALT}</arg>
<doc>Runs the given keyword with given arguments and returns the status as a Boolean value.</doc>
<status status="PASS" start="2025-07-30T12:57:09.973498" elapsed="0.128198"/>
</kw>
<kw name="Run Keyword If" owner="BuiltIn">
<kw name="Debug Page Elements">
<kw name="Log" owner="BuiltIn">
<msg time="2025-07-30T12:57:10.102721" level="INFO">Debugging page elements after login/registration</msg>
<arg>Debugging page elements after login/registration</arg>
<doc>Logs the given message with the given level.</doc>
<status status="PASS" start="2025-07-30T12:57:10.101696" elapsed="0.001025"/>
</kw>
<kw name="Get WebElements" owner="SeleniumLibrary">
<msg time="2025-07-30T12:57:12.128115" level="INFO">${elements} = []</msg>
<var>${elements}</var>
<arg>css:*[data-testid]</arg>
<doc>Returns a list of WebElement objects matching the ``locator``.</doc>
<status status="PASS" start="2025-07-30T12:57:10.102721" elapsed="2.025394"/>
</kw>
<kw name="Log" owner="BuiltIn">
<msg time="2025-07-30T12:57:12.128619" level="INFO">Found elements with data-testid: []</msg>
<arg>Found elements with data-testid: ${elements}</arg>
<doc>Logs the given message with the given level.</doc>
<status status="PASS" start="2025-07-30T12:57:12.128115" elapsed="0.000504"/>
</kw>
<kw name="Get WebElements" owner="SeleniumLibrary">
<msg time="2025-07-30T12:57:12.139009" level="INFO">${buttons} = [&lt;selenium.webdriver.remote.webelement.WebElement (session="f1e9c5394b6d6ec4fac3bce510ad78d9", element="f.77F4075A92C1FAC99A57CAB98EA3138F.d.790198755DBF270A82A5B3356591BEBC.e.346")&gt;, &lt;selenium.webdri...</msg>
<var>${buttons}</var>
<arg>css:button</arg>
<doc>Returns a list of WebElement objects matching the ``locator``.</doc>
<status status="PASS" start="2025-07-30T12:57:12.128619" elapsed="0.010390"/>
</kw>
<kw name="Log" owner="BuiltIn">
<msg time="2025-07-30T12:57:12.139009" level="INFO">Found buttons: [&lt;selenium.webdriver.remote.webelement.WebElement (session="f1e9c5394b6d6ec4fac3bce510ad78d9", element="f.77F4075A92C1FAC99A57CAB98EA3138F.d.790198755DBF270A82A5B3356591BEBC.e.346")&gt;, &lt;selenium.webdriver.remote.webelement.WebElement (session="f1e9c5394b6d6ec4fac3bce510ad78d9", element="f.77F4075A92C1FAC99A57CAB98EA3138F.d.790198755DBF270A82A5B3356591BEBC.e.347")&gt;, &lt;selenium.webdriver.remote.webelement.WebElement (session="f1e9c5394b6d6ec4fac3bce510ad78d9", element="f.77F4075A92C1FAC99A57CAB98EA3138F.d.790198755DBF270A82A5B3356591BEBC.e.348")&gt;, &lt;selenium.webdriver.remote.webelement.WebElement (session="f1e9c5394b6d6ec4fac3bce510ad78d9", element="f.77F4075A92C1FAC99A57CAB98EA3138F.d.790198755DBF270A82A5B3356591BEBC.e.349")&gt;, &lt;selenium.webdriver.remote.webelement.WebElement (session="f1e9c5394b6d6ec4fac3bce510ad78d9", element="f.77F4075A92C1FAC99A57CAB98EA3138F.d.790198755DBF270A82A5B3356591BEBC.e.282")&gt;, &lt;selenium.webdriver.remote.webelement.WebElement (session="f1e9c5394b6d6ec4fac3bce510ad78d9", element="f.77F4075A92C1FAC99A57CAB98EA3138F.d.790198755DBF270A82A5B3356591BEBC.e.350")&gt;, &lt;selenium.webdriver.remote.webelement.WebElement (session="f1e9c5394b6d6ec4fac3bce510ad78d9", element="f.77F4075A92C1FAC99A57CAB98EA3138F.d.790198755DBF270A82A5B3356591BEBC.e.351")&gt;, &lt;selenium.webdriver.remote.webelement.WebElement (session="f1e9c5394b6d6ec4fac3bce510ad78d9", element="f.77F4075A92C1FAC99A57CAB98EA3138F.d.790198755DBF270A82A5B3356591BEBC.e.352")&gt;, &lt;selenium.webdriver.remote.webelement.WebElement (session="f1e9c5394b6d6ec4fac3bce510ad78d9", element="f.77F4075A92C1FAC99A57CAB98EA3138F.d.790198755DBF270A82A5B3356591BEBC.e.353")&gt;, &lt;selenium.webdriver.remote.webelement.WebElement (session="f1e9c5394b6d6ec4fac3bce510ad78d9", element="f.77F4075A92C1FAC99A57CAB98EA3138F.d.790198755DBF270A82A5B3356591BEBC.e.354")&gt;, &lt;selenium.webdriver.remote.webelement.WebElement (session="f1e9c5394b6d6ec4fac3bce510ad78d9", element="f.77F4075A92C1FAC99A57CAB98EA3138F.d.790198755DBF270A82A5B3356591BEBC.e.355")&gt;, &lt;selenium.webdriver.remote.webelement.WebElement (session="f1e9c5394b6d6ec4fac3bce510ad78d9", element="f.77F4075A92C1FAC99A57CAB98EA3138F.d.790198755DBF270A82A5B3356591BEBC.e.356")&gt;, &lt;selenium.webdriver.remote.webelement.WebElement (session="f1e9c5394b6d6ec4fac3bce510ad78d9", element="f.77F4075A92C1FAC99A57CAB98EA3138F.d.790198755DBF270A82A5B3356591BEBC.e.357")&gt;, &lt;selenium.webdriver.remote.webelement.WebElement (session="f1e9c5394b6d6ec4fac3bce510ad78d9", element="f.77F4075A92C1FAC99A57CAB98EA3138F.d.790198755DBF270A82A5B3356591BEBC.e.321")&gt;, &lt;selenium.webdriver.remote.webelement.WebElement (session="f1e9c5394b6d6ec4fac3bce510ad78d9", element="f.77F4075A92C1FAC99A57CAB98EA3138F.d.790198755DBF270A82A5B3356591BEBC.e.323")&gt;, &lt;selenium.webdriver.remote.webelement.WebElement (session="f1e9c5394b6d6ec4fac3bce510ad78d9", element="f.77F4075A92C1FAC99A57CAB98EA3138F.d.790198755DBF270A82A5B3356591BEBC.e.358")&gt;, &lt;selenium.webdriver.remote.webelement.WebElement (session="f1e9c5394b6d6ec4fac3bce510ad78d9", element="f.77F4075A92C1FAC99A57CAB98EA3138F.d.790198755DBF270A82A5B3356591BEBC.e.330")&gt;, &lt;selenium.webdriver.remote.webelement.WebElement (session="f1e9c5394b6d6ec4fac3bce510ad78d9", element="f.77F4075A92C1FAC99A57CAB98EA3138F.d.790198755DBF270A82A5B3356591BEBC.e.332")&gt;, &lt;selenium.webdriver.remote.webelement.WebElement (session="f1e9c5394b6d6ec4fac3bce510ad78d9", element="f.77F4075A92C1FAC99A57CAB98EA3138F.d.790198755DBF270A82A5B3356591BEBC.e.359")&gt;, &lt;selenium.webdriver.remote.webelement.WebElement (session="f1e9c5394b6d6ec4fac3bce510ad78d9", element="f.77F4075A92C1FAC99A57CAB98EA3138F.d.790198755DBF270A82A5B3356591BEBC.e.360")&gt;, &lt;selenium.webdriver.remote.webelement.WebElement (session="f1e9c5394b6d6ec4fac3bce510ad78d9", element="f.77F4075A92C1FAC99A57CAB98EA3138F.d.790198755DBF270A82A5B3356591BEBC.e.361")&gt;, &lt;selenium.webdriver.remote.webelement.WebElement (session="f1e9c5394b6d6ec4fac3bce510ad78d9", element="f.77F4075A92C1FAC99A57CAB98EA3138F.d.790198755DBF270A82A5B3356591BEBC.e.362")&gt;, &lt;selenium.webdriver.remote.webelement.WebElement (session="f1e9c5394b6d6ec4fac3bce510ad78d9", element="f.77F4075A92C1FAC99A57CAB98EA3138F.d.790198755DBF270A82A5B3356591BEBC.e.363")&gt;, &lt;selenium.webdriver.remote.webelement.WebElement (session="f1e9c5394b6d6ec4fac3bce510ad78d9", element="f.77F4075A92C1FAC99A57CAB98EA3138F.d.790198755DBF270A82A5B3356591BEBC.e.364")&gt;, &lt;selenium.webdriver.remote.webelement.WebElement (session="f1e9c5394b6d6ec4fac3bce510ad78d9", element="f.77F4075A92C1FAC99A57CAB98EA3138F.d.790198755DBF270A82A5B3356591BEBC.e.365")&gt;, &lt;selenium.webdriver.remote.webelement.WebElement (session="f1e9c5394b6d6ec4fac3bce510ad78d9", element="f.77F4075A92C1FAC99A57CAB98EA3138F.d.790198755DBF270A82A5B3356591BEBC.e.366")&gt;, &lt;selenium.webdriver.remote.webelement.WebElement (session="f1e9c5394b6d6ec4fac3bce510ad78d9", element="f.77F4075A92C1FAC99A57CAB98EA3138F.d.790198755DBF270A82A5B3356591BEBC.e.367")&gt;, &lt;selenium.webdriver.remote.webelement.WebElement (session="f1e9c5394b6d6ec4fac3bce510ad78d9", element="f.77F4075A92C1FAC99A57CAB98EA3138F.d.790198755DBF270A82A5B3356591BEBC.e.368")&gt;, &lt;selenium.webdriver.remote.webelement.WebElement (session="f1e9c5394b6d6ec4fac3bce510ad78d9", element="f.77F4075A92C1FAC99A57CAB98EA3138F.d.790198755DBF270A82A5B3356591BEBC.e.369")&gt;, &lt;selenium.webdriver.remote.webelement.WebElement (session="f1e9c5394b6d6ec4fac3bce510ad78d9", element="f.77F4075A92C1FAC99A57CAB98EA3138F.d.790198755DBF270A82A5B3356591BEBC.e.370")&gt;, &lt;selenium.webdriver.remote.webelement.WebElement (session="f1e9c5394b6d6ec4fac3bce510ad78d9", element="f.77F4075A92C1FAC99A57CAB98EA3138F.d.790198755DBF270A82A5B3356591BEBC.e.371")&gt;, &lt;selenium.webdriver.remote.webelement.WebElement (session="f1e9c5394b6d6ec4fac3bce510ad78d9", element="f.77F4075A92C1FAC99A57CAB98EA3138F.d.790198755DBF270A82A5B3356591BEBC.e.372")&gt;, &lt;selenium.webdriver.remote.webelement.WebElement (session="f1e9c5394b6d6ec4fac3bce510ad78d9", element="f.77F4075A92C1FAC99A57CAB98EA3138F.d.790198755DBF270A82A5B3356591BEBC.e.373")&gt;, &lt;selenium.webdriver.remote.webelement.WebElement (session="f1e9c5394b6d6ec4fac3bce510ad78d9", element="f.77F4075A92C1FAC99A57CAB98EA3138F.d.790198755DBF270A82A5B3356591BEBC.e.374")&gt;, &lt;selenium.webdriver.remote.webelement.WebElement (session="f1e9c5394b6d6ec4fac3bce510ad78d9", element="f.77F4075A92C1FAC99A57CAB98EA3138F.d.790198755DBF270A82A5B3356591BEBC.e.375")&gt;, &lt;selenium.webdriver.remote.webelement.WebElement (session="f1e9c5394b6d6ec4fac3bce510ad78d9", element="f.77F4075A92C1FAC99A57CAB98EA3138F.d.790198755DBF270A82A5B3356591BEBC.e.376")&gt;, &lt;selenium.webdriver.remote.webelement.WebElement (session="f1e9c5394b6d6ec4fac3bce510ad78d9", element="f.77F4075A92C1FAC99A57CAB98EA3138F.d.790198755DBF270A82A5B3356591BEBC.e.377")&gt;, &lt;selenium.webdriver.remote.webelement.WebElement (session="f1e9c5394b6d6ec4fac3bce510ad78d9", element="f.77F4075A92C1FAC99A57CAB98EA3138F.d.790198755DBF270A82A5B3356591BEBC.e.378")&gt;, &lt;selenium.webdriver.remote.webelement.WebElement (session="f1e9c5394b6d6ec4fac3bce510ad78d9", element="f.77F4075A92C1FAC99A57CAB98EA3138F.d.790198755DBF270A82A5B3356591BEBC.e.379")&gt;, &lt;selenium.webdriver.remote.webelement.WebElement (session="f1e9c5394b6d6ec4fac3bce510ad78d9", element="f.77F4075A92C1FAC99A57CAB98EA3138F.d.790198755DBF270A82A5B3356591BEBC.e.380")&gt;, &lt;selenium.webdriver.remote.webelement.WebElement (session="f1e9c5394b6d6ec4fac3bce510ad78d9", element="f.77F4075A92C1FAC99A57CAB98EA3138F.d.790198755DBF270A82A5B3356591BEBC.e.381")&gt;, &lt;selenium.webdriver.remote.webelement.WebElement (session="f1e9c5394b6d6ec4fac3bce510ad78d9", element="f.77F4075A92C1FAC99A57CAB98EA3138F.d.790198755DBF270A82A5B3356591BEBC.e.382")&gt;, &lt;selenium.webdriver.remote.webelement.WebElement (session="f1e9c5394b6d6ec4fac3bce510ad78d9", element="f.77F4075A92C1FAC99A57CAB98EA3138F.d.790198755DBF270A82A5B3356591BEBC.e.383")&gt;, &lt;selenium.webdriver.remote.webelement.WebElement (session="f1e9c5394b6d6ec4fac3bce510ad78d9", element="f.77F4075A92C1FAC99A57CAB98EA3138F.d.790198755DBF270A82A5B3356591BEBC.e.384")&gt;, &lt;selenium.webdriver.remote.webelement.WebElement (session="f1e9c5394b6d6ec4fac3bce510ad78d9", element="f.77F4075A92C1FAC99A57CAB98EA3138F.d.790198755DBF270A82A5B3356591BEBC.e.385")&gt;, &lt;selenium.webdriver.remote.webelement.WebElement (session="f1e9c5394b6d6ec4fac3bce510ad78d9", element="f.77F4075A92C1FAC99A57CAB98EA3138F.d.790198755DBF270A82A5B3356591BEBC.e.386")&gt;, &lt;selenium.webdriver.remote.webelement.WebElement (session="f1e9c5394b6d6ec4fac3bce510ad78d9", element="f.77F4075A92C1FAC99A57CAB98EA3138F.d.790198755DBF270A82A5B3356591BEBC.e.387")&gt;, &lt;selenium.webdriver.remote.webelement.WebElement (session="f1e9c5394b6d6ec4fac3bce510ad78d9", element="f.77F4075A92C1FAC99A57CAB98EA3138F.d.790198755DBF270A82A5B3356591BEBC.e.388")&gt;, &lt;selenium.webdriver.remote.webelement.WebElement (session="f1e9c5394b6d6ec4fac3bce510ad78d9", element="f.77F4075A92C1FAC99A57CAB98EA3138F.d.790198755DBF270A82A5B3356591BEBC.e.389")&gt;, &lt;selenium.webdriver.remote.webelement.WebElement (session="f1e9c5394b6d6ec4fac3bce510ad78d9", element="f.77F4075A92C1FAC99A57CAB98EA3138F.d.790198755DBF270A82A5B3356591BEBC.e.390")&gt;, &lt;selenium.webdriver.remote.webelement.WebElement (session="f1e9c5394b6d6ec4fac3bce510ad78d9", element="f.77F4075A92C1FAC99A57CAB98EA3138F.d.790198755DBF270A82A5B3356591BEBC.e.391")&gt;, &lt;selenium.webdriver.remote.webelement.WebElement (session="f1e9c5394b6d6ec4fac3bce510ad78d9", element="f.77F4075A92C1FAC99A57CAB98EA3138F.d.790198755DBF270A82A5B3356591BEBC.e.392")&gt;, &lt;selenium.webdriver.remote.webelement.WebElement (session="f1e9c5394b6d6ec4fac3bce510ad78d9", element="f.77F4075A92C1FAC99A57CAB98EA3138F.d.790198755DBF270A82A5B3356591BEBC.e.393")&gt;, &lt;selenium.webdriver.remote.webelement.WebElement (session="f1e9c5394b6d6ec4fac3bce510ad78d9", element="f.77F4075A92C1FAC99A57CAB98EA3138F.d.790198755DBF270A82A5B3356591BEBC.e.394")&gt;, &lt;selenium.webdriver.remote.webelement.WebElement (session="f1e9c5394b6d6ec4fac3bce510ad78d9", element="f.77F4075A92C1FAC99A57CAB98EA3138F.d.790198755DBF270A82A5B3356591BEBC.e.395")&gt;, &lt;selenium.webdriver.remote.webelement.WebElement (session="f1e9c5394b6d6ec4fac3bce510ad78d9", element="f.77F4075A92C1FAC99A57CAB98EA3138F.d.790198755DBF270A82A5B3356591BEBC.e.396")&gt;, &lt;selenium.webdriver.remote.webelement.WebElement (session="f1e9c5394b6d6ec4fac3bce510ad78d9", element="f.77F4075A92C1FAC99A57CAB98EA3138F.d.790198755DBF270A82A5B3356591BEBC.e.397")&gt;, &lt;selenium.webdriver.remote.webelement.WebElement (session="f1e9c5394b6d6ec4fac3bce510ad78d9", element="f.77F4075A92C1FAC99A57CAB98EA3138F.d.790198755DBF270A82A5B3356591BEBC.e.398")&gt;, &lt;selenium.webdriver.remote.webelement.WebElement (session="f1e9c5394b6d6ec4fac3bce510ad78d9", element="f.77F4075A92C1FAC99A57CAB98EA3138F.d.790198755DBF270A82A5B3356591BEBC.e.399")&gt;, &lt;selenium.webdriver.remote.webelement.WebElement (session="f1e9c5394b6d6ec4fac3bce510ad78d9", element="f.77F4075A92C1FAC99A57CAB98EA3138F.d.790198755DBF270A82A5B3356591BEBC.e.400")&gt;, &lt;selenium.webdriver.remote.webelement.WebElement (session="f1e9c5394b6d6ec4fac3bce510ad78d9", element="f.77F4075A92C1FAC99A57CAB98EA3138F.d.790198755DBF270A82A5B3356591BEBC.e.401")&gt;, &lt;selenium.webdriver.remote.webelement.WebElement (session="f1e9c5394b6d6ec4fac3bce510ad78d9", element="f.77F4075A92C1FAC99A57CAB98EA3138F.d.790198755DBF270A82A5B3356591BEBC.e.402")&gt;, &lt;selenium.webdriver.remote.webelement.WebElement (session="f1e9c5394b6d6ec4fac3bce510ad78d9", element="f.77F4075A92C1FAC99A57CAB98EA3138F.d.790198755DBF270A82A5B3356591BEBC.e.403")&gt;, &lt;selenium.webdriver.remote.webelement.WebElement (session="f1e9c5394b6d6ec4fac3bce510ad78d9", element="f.77F4075A92C1FAC99A57CAB98EA3138F.d.790198755DBF270A82A5B3356591BEBC.e.404")&gt;, &lt;selenium.webdriver.remote.webelement.WebElement (session="f1e9c5394b6d6ec4fac3bce510ad78d9", element="f.77F4075A92C1FAC99A57CAB98EA3138F.d.790198755DBF270A82A5B3356591BEBC.e.405")&gt;, &lt;selenium.webdriver.remote.webelement.WebElement (session="f1e9c5394b6d6ec4fac3bce510ad78d9", element="f.77F4075A92C1FAC99A57CAB98EA3138F.d.790198755DBF270A82A5B3356591BEBC.e.406")&gt;, &lt;selenium.webdriver.remote.webelement.WebElement (session="f1e9c5394b6d6ec4fac3bce510ad78d9", element="f.77F4075A92C1FAC99A57CAB98EA3138F.d.790198755DBF270A82A5B3356591BEBC.e.407")&gt;, &lt;selenium.webdriver.remote.webelement.WebElement (session="f1e9c5394b6d6ec4fac3bce510ad78d9", element="f.77F4075A92C1FAC99A57CAB98EA3138F.d.790198755DBF270A82A5B3356591BEBC.e.408")&gt;, &lt;selenium.webdriver.remote.webelement.WebElement (session="f1e9c5394b6d6ec4fac3bce510ad78d9", element="f.77F4075A92C1FAC99A57CAB98EA3138F.d.790198755DBF270A82A5B3356591BEBC.e.409")&gt;, &lt;selenium.webdriver.remote.webelement.WebElement (session="f1e9c5394b6d6ec4fac3bce510ad78d9", element="f.77F4075A92C1FAC99A57CAB98EA3138F.d.790198755DBF270A82A5B3356591BEBC.e.410")&gt;, &lt;selenium.webdriver.remote.webelement.WebElement (session="f1e9c5394b6d6ec4fac3bce510ad78d9", element="f.77F4075A92C1FAC99A57CAB98EA3138F.d.790198755DBF270A82A5B3356591BEBC.e.411")&gt;, &lt;selenium.webdriver.remote.webelement.WebElement (session="f1e9c5394b6d6ec4fac3bce510ad78d9", element="f.77F4075A92C1FAC99A57CAB98EA3138F.d.790198755DBF270A82A5B3356591BEBC.e.412")&gt;, &lt;selenium.webdriver.remote.webelement.WebElement (session="f1e9c5394b6d6ec4fac3bce510ad78d9", element="f.77F4075A92C1FAC99A57CAB98EA3138F.d.790198755DBF270A82A5B3356591BEBC.e.413")&gt;, &lt;selenium.webdriver.remote.webelement.WebElement (session="f1e9c5394b6d6ec4fac3bce510ad78d9", element="f.77F4075A92C1FAC99A57CAB98EA3138F.d.790198755DBF270A82A5B3356591BEBC.e.414")&gt;, &lt;selenium.webdriver.remote.webelement.WebElement (session="f1e9c5394b6d6ec4fac3bce510ad78d9", element="f.77F4075A92C1FAC99A57CAB98EA3138F.d.790198755DBF270A82A5B3356591BEBC.e.415")&gt;, &lt;selenium.webdriver.remote.webelement.WebElement (session="f1e9c5394b6d6ec4fac3bce510ad78d9", element="f.77F4075A92C1FAC99A57CAB98EA3138F.d.790198755DBF270A82A5B3356591BEBC.e.416")&gt;, &lt;selenium.webdriver.remote.webelement.WebElement (session="f1e9c5394b6d6ec4fac3bce510ad78d9", element="f.77F4075A92C1FAC99A57CAB98EA3138F.d.790198755DBF270A82A5B3356591BEBC.e.417")&gt;, &lt;selenium.webdriver.remote.webelement.WebElement (session="f1e9c5394b6d6ec4fac3bce510ad78d9", element="f.77F4075A92C1FAC99A57CAB98EA3138F.d.790198755DBF270A82A5B3356591BEBC.e.418")&gt;, &lt;selenium.webdriver.remote.webelement.WebElement (session="f1e9c5394b6d6ec4fac3bce510ad78d9", element="f.77F4075A92C1FAC99A57CAB98EA3138F.d.790198755DBF270A82A5B3356591BEBC.e.419")&gt;, &lt;selenium.webdriver.remote.webelement.WebElement (session="f1e9c5394b6d6ec4fac3bce510ad78d9", element="f.77F4075A92C1FAC99A57CAB98EA3138F.d.790198755DBF270A82A5B3356591BEBC.e.420")&gt;, &lt;selenium.webdriver.remote.webelement.WebElement (session="f1e9c5394b6d6ec4fac3bce510ad78d9", element="f.77F4075A92C1FAC99A57CAB98EA3138F.d.790198755DBF270A82A5B3356591BEBC.e.421")&gt;, &lt;selenium.webdriver.remote.webelement.WebElement (session="f1e9c5394b6d6ec4fac3bce510ad78d9", element="f.77F4075A92C1FAC99A57CAB98EA3138F.d.790198755DBF270A82A5B3356591BEBC.e.422")&gt;, &lt;selenium.webdriver.remote.webelement.WebElement (session="f1e9c5394b6d6ec4fac3bce510ad78d9", element="f.77F4075A92C1FAC99A57CAB98EA3138F.d.790198755DBF270A82A5B3356591BEBC.e.423")&gt;, &lt;selenium.webdriver.remote.webelement.WebElement (session="f1e9c5394b6d6ec4fac3bce510ad78d9", element="f.77F4075A92C1FAC99A57CAB98EA3138F.d.790198755DBF270A82A5B3356591BEBC.e.424")&gt;, &lt;selenium.webdriver.remote.webelement.WebElement (session="f1e9c5394b6d6ec4fac3bce510ad78d9", element="f.77F4075A92C1FAC99A57CAB98EA3138F.d.790198755DBF270A82A5B3356591BEBC.e.425")&gt;, &lt;selenium.webdriver.remote.webelement.WebElement (session="f1e9c5394b6d6ec4fac3bce510ad78d9", element="f.77F4075A92C1FAC99A57CAB98EA3138F.d.790198755DBF270A82A5B3356591BEBC.e.426")&gt;, &lt;selenium.webdriver.remote.webelement.WebElement (session="f1e9c5394b6d6ec4fac3bce510ad78d9", element="f.77F4075A92C1FAC99A57CAB98EA3138F.d.790198755DBF270A82A5B3356591BEBC.e.427")&gt;, &lt;selenium.webdriver.remote.webelement.WebElement (session="f1e9c5394b6d6ec4fac3bce510ad78d9", element="f.77F4075A92C1FAC99A57CAB98EA3138F.d.790198755DBF270A82A5B3356591BEBC.e.428")&gt;, &lt;selenium.webdriver.remote.webelement.WebElement (session="f1e9c5394b6d6ec4fac3bce510ad78d9", element="f.77F4075A92C1FAC99A57CAB98EA3138F.d.790198755DBF270A82A5B3356591BEBC.e.429")&gt;, &lt;selenium.webdriver.remote.webelement.WebElement (session="f1e9c5394b6d6ec4fac3bce510ad78d9", element="f.77F4075A92C1FAC99A57CAB98EA3138F.d.790198755DBF270A82A5B3356591BEBC.e.430")&gt;, &lt;selenium.webdriver.remote.webelement.WebElement (session="f1e9c5394b6d6ec4fac3bce510ad78d9", element="f.77F4075A92C1FAC99A57CAB98EA3138F.d.790198755DBF270A82A5B3356591BEBC.e.431")&gt;, &lt;selenium.webdriver.remote.webelement.WebElement (session="f1e9c5394b6d6ec4fac3bce510ad78d9", element="f.77F4075A92C1FAC99A57CAB98EA3138F.d.790198755DBF270A82A5B3356591BEBC.e.432")&gt;, &lt;selenium.webdriver.remote.webelement.WebElement (session="f1e9c5394b6d6ec4fac3bce510ad78d9", element="f.77F4075A92C1FAC99A57CAB98EA3138F.d.790198755DBF270A82A5B3356591BEBC.e.433")&gt;, &lt;selenium.webdriver.remote.webelement.WebElement (session="f1e9c5394b6d6ec4fac3bce510ad78d9", element="f.77F4075A92C1FAC99A57CAB98EA3138F.d.790198755DBF270A82A5B3356591BEBC.e.434")&gt;]</msg>
<arg>Found buttons: ${buttons}</arg>
<doc>Logs the given message with the given level.</doc>
<status status="PASS" start="2025-07-30T12:57:12.139009" elapsed="0.000000"/>
</kw>
<kw name="Get WebElements" owner="SeleniumLibrary">
<msg time="2025-07-30T12:57:12.148154" level="INFO">${links} = [&lt;selenium.webdriver.remote.webelement.WebElement (session="f1e9c5394b6d6ec4fac3bce510ad78d9", element="f.77F4075A92C1FAC99A57CAB98EA3138F.d.790198755DBF270A82A5B3356591BEBC.e.435")&gt;, &lt;selenium.webdri...</msg>
<var>${links}</var>
<arg>css:a</arg>
<doc>Returns a list of WebElement objects matching the ``locator``.</doc>
<status status="PASS" start="2025-07-30T12:57:12.140002" elapsed="0.009054"/>
</kw>
<kw name="Log" owner="BuiltIn">
<msg time="2025-07-30T12:57:12.149056" level="INFO">Found links: [&lt;selenium.webdriver.remote.webelement.WebElement (session="f1e9c5394b6d6ec4fac3bce510ad78d9", element="f.77F4075A92C1FAC99A57CAB98EA3138F.d.790198755DBF270A82A5B3356591BEBC.e.435")&gt;, &lt;selenium.webdriver.remote.webelement.WebElement (session="f1e9c5394b6d6ec4fac3bce510ad78d9", element="f.77F4075A92C1FAC99A57CAB98EA3138F.d.790198755DBF270A82A5B3356591BEBC.e.436")&gt;, &lt;selenium.webdriver.remote.webelement.WebElement (session="f1e9c5394b6d6ec4fac3bce510ad78d9", element="f.77F4075A92C1FAC99A57CAB98EA3138F.d.790198755DBF270A82A5B3356591BEBC.e.437")&gt;, &lt;selenium.webdriver.remote.webelement.WebElement (session="f1e9c5394b6d6ec4fac3bce510ad78d9", element="f.77F4075A92C1FAC99A57CAB98EA3138F.d.790198755DBF270A82A5B3356591BEBC.e.438")&gt;, &lt;selenium.webdriver.remote.webelement.WebElement (session="f1e9c5394b6d6ec4fac3bce510ad78d9", element="f.77F4075A92C1FAC99A57CAB98EA3138F.d.790198755DBF270A82A5B3356591BEBC.e.439")&gt;, &lt;selenium.webdriver.remote.webelement.WebElement (session="f1e9c5394b6d6ec4fac3bce510ad78d9", element="f.77F4075A92C1FAC99A57CAB98EA3138F.d.790198755DBF270A82A5B3356591BEBC.e.440")&gt;, &lt;selenium.webdriver.remote.webelement.WebElement (session="f1e9c5394b6d6ec4fac3bce510ad78d9", element="f.77F4075A92C1FAC99A57CAB98EA3138F.d.790198755DBF270A82A5B3356591BEBC.e.441")&gt;, &lt;selenium.webdriver.remote.webelement.WebElement (session="f1e9c5394b6d6ec4fac3bce510ad78d9", element="f.77F4075A92C1FAC99A57CAB98EA3138F.d.790198755DBF270A82A5B3356591BEBC.e.442")&gt;, &lt;selenium.webdriver.remote.webelement.WebElement (session="f1e9c5394b6d6ec4fac3bce510ad78d9", element="f.77F4075A92C1FAC99A57CAB98EA3138F.d.790198755DBF270A82A5B3356591BEBC.e.443")&gt;, &lt;selenium.webdriver.remote.webelement.WebElement (session="f1e9c5394b6d6ec4fac3bce510ad78d9", element="f.77F4075A92C1FAC99A57CAB98EA3138F.d.790198755DBF270A82A5B3356591BEBC.e.444")&gt;, &lt;selenium.webdriver.remote.webelement.WebElement (session="f1e9c5394b6d6ec4fac3bce510ad78d9", element="f.77F4075A92C1FAC99A57CAB98EA3138F.d.790198755DBF270A82A5B3356591BEBC.e.445")&gt;, &lt;selenium.webdriver.remote.webelement.WebElement (session="f1e9c5394b6d6ec4fac3bce510ad78d9", element="f.77F4075A92C1FAC99A57CAB98EA3138F.d.790198755DBF270A82A5B3356591BEBC.e.446")&gt;, &lt;selenium.webdriver.remote.webelement.WebElement (session="f1e9c5394b6d6ec4fac3bce510ad78d9", element="f.77F4075A92C1FAC99A57CAB98EA3138F.d.790198755DBF270A82A5B3356591BEBC.e.447")&gt;, &lt;selenium.webdriver.remote.webelement.WebElement (session="f1e9c5394b6d6ec4fac3bce510ad78d9", element="f.77F4075A92C1FAC99A57CAB98EA3138F.d.790198755DBF270A82A5B3356591BEBC.e.448")&gt;, &lt;selenium.webdriver.remote.webelement.WebElement (session="f1e9c5394b6d6ec4fac3bce510ad78d9", element="f.77F4075A92C1FAC99A57CAB98EA3138F.d.790198755DBF270A82A5B3356591BEBC.e.449")&gt;, &lt;selenium.webdriver.remote.webelement.WebElement (session="f1e9c5394b6d6ec4fac3bce510ad78d9", element="f.77F4075A92C1FAC99A57CAB98EA3138F.d.790198755DBF270A82A5B3356591BEBC.e.450")&gt;, &lt;selenium.webdriver.remote.webelement.WebElement (session="f1e9c5394b6d6ec4fac3bce510ad78d9", element="f.77F4075A92C1FAC99A57CAB98EA3138F.d.790198755DBF270A82A5B3356591BEBC.e.451")&gt;, &lt;selenium.webdriver.remote.webelement.WebElement (session="f1e9c5394b6d6ec4fac3bce510ad78d9", element="f.77F4075A92C1FAC99A57CAB98EA3138F.d.790198755DBF270A82A5B3356591BEBC.e.452")&gt;, &lt;selenium.webdriver.remote.webelement.WebElement (session="f1e9c5394b6d6ec4fac3bce510ad78d9", element="f.77F4075A92C1FAC99A57CAB98EA3138F.d.790198755DBF270A82A5B3356591BEBC.e.453")&gt;, &lt;selenium.webdriver.remote.webelement.WebElement (session="f1e9c5394b6d6ec4fac3bce510ad78d9", element="f.77F4075A92C1FAC99A57CAB98EA3138F.d.790198755DBF270A82A5B3356591BEBC.e.454")&gt;, &lt;selenium.webdriver.remote.webelement.WebElement (session="f1e9c5394b6d6ec4fac3bce510ad78d9", element="f.77F4075A92C1FAC99A57CAB98EA3138F.d.790198755DBF270A82A5B3356591BEBC.e.455")&gt;, &lt;selenium.webdriver.remote.webelement.WebElement (session="f1e9c5394b6d6ec4fac3bce510ad78d9", element="f.77F4075A92C1FAC99A57CAB98EA3138F.d.790198755DBF270A82A5B3356591BEBC.e.456")&gt;, &lt;selenium.webdriver.remote.webelement.WebElement (session="f1e9c5394b6d6ec4fac3bce510ad78d9", element="f.77F4075A92C1FAC99A57CAB98EA3138F.d.790198755DBF270A82A5B3356591BEBC.e.457")&gt;, &lt;selenium.webdriver.remote.webelement.WebElement (session="f1e9c5394b6d6ec4fac3bce510ad78d9", element="f.77F4075A92C1FAC99A57CAB98EA3138F.d.790198755DBF270A82A5B3356591BEBC.e.458")&gt;, &lt;selenium.webdriver.remote.webelement.WebElement (session="f1e9c5394b6d6ec4fac3bce510ad78d9", element="f.77F4075A92C1FAC99A57CAB98EA3138F.d.790198755DBF270A82A5B3356591BEBC.e.459")&gt;, &lt;selenium.webdriver.remote.webelement.WebElement (session="f1e9c5394b6d6ec4fac3bce510ad78d9", element="f.77F4075A92C1FAC99A57CAB98EA3138F.d.790198755DBF270A82A5B3356591BEBC.e.460")&gt;, &lt;selenium.webdriver.remote.webelement.WebElement (session="f1e9c5394b6d6ec4fac3bce510ad78d9", element="f.77F4075A92C1FAC99A57CAB98EA3138F.d.790198755DBF270A82A5B3356591BEBC.e.461")&gt;, &lt;selenium.webdriver.remote.webelement.WebElement (session="f1e9c5394b6d6ec4fac3bce510ad78d9", element="f.77F4075A92C1FAC99A57CAB98EA3138F.d.790198755DBF270A82A5B3356591BEBC.e.462")&gt;, &lt;selenium.webdriver.remote.webelement.WebElement (session="f1e9c5394b6d6ec4fac3bce510ad78d9", element="f.77F4075A92C1FAC99A57CAB98EA3138F.d.790198755DBF270A82A5B3356591BEBC.e.463")&gt;, &lt;selenium.webdriver.remote.webelement.WebElement (session="f1e9c5394b6d6ec4fac3bce510ad78d9", element="f.77F4075A92C1FAC99A57CAB98EA3138F.d.790198755DBF270A82A5B3356591BEBC.e.464")&gt;, &lt;selenium.webdriver.remote.webelement.WebElement (session="f1e9c5394b6d6ec4fac3bce510ad78d9", element="f.77F4075A92C1FAC99A57CAB98EA3138F.d.790198755DBF270A82A5B3356591BEBC.e.465")&gt;, &lt;selenium.webdriver.remote.webelement.WebElement (session="f1e9c5394b6d6ec4fac3bce510ad78d9", element="f.77F4075A92C1FAC99A57CAB98EA3138F.d.790198755DBF270A82A5B3356591BEBC.e.466")&gt;, &lt;selenium.webdriver.remote.webelement.WebElement (session="f1e9c5394b6d6ec4fac3bce510ad78d9", element="f.77F4075A92C1FAC99A57CAB98EA3138F.d.790198755DBF270A82A5B3356591BEBC.e.467")&gt;, &lt;selenium.webdriver.remote.webelement.WebElement (session="f1e9c5394b6d6ec4fac3bce510ad78d9", element="f.77F4075A92C1FAC99A57CAB98EA3138F.d.790198755DBF270A82A5B3356591BEBC.e.468")&gt;, &lt;selenium.webdriver.remote.webelement.WebElement (session="f1e9c5394b6d6ec4fac3bce510ad78d9", element="f.77F4075A92C1FAC99A57CAB98EA3138F.d.790198755DBF270A82A5B3356591BEBC.e.469")&gt;, &lt;selenium.webdriver.remote.webelement.WebElement (session="f1e9c5394b6d6ec4fac3bce510ad78d9", element="f.77F4075A92C1FAC99A57CAB98EA3138F.d.790198755DBF270A82A5B3356591BEBC.e.470")&gt;, &lt;selenium.webdriver.remote.webelement.WebElement (session="f1e9c5394b6d6ec4fac3bce510ad78d9", element="f.77F4075A92C1FAC99A57CAB98EA3138F.d.790198755DBF270A82A5B3356591BEBC.e.471")&gt;, &lt;selenium.webdriver.remote.webelement.WebElement (session="f1e9c5394b6d6ec4fac3bce510ad78d9", element="f.77F4075A92C1FAC99A57CAB98EA3138F.d.790198755DBF270A82A5B3356591BEBC.e.472")&gt;, &lt;selenium.webdriver.remote.webelement.WebElement (session="f1e9c5394b6d6ec4fac3bce510ad78d9", element="f.77F4075A92C1FAC99A57CAB98EA3138F.d.790198755DBF270A82A5B3356591BEBC.e.473")&gt;, &lt;selenium.webdriver.remote.webelement.WebElement (session="f1e9c5394b6d6ec4fac3bce510ad78d9", element="f.77F4075A92C1FAC99A57CAB98EA3138F.d.790198755DBF270A82A5B3356591BEBC.e.474")&gt;, &lt;selenium.webdriver.remote.webelement.WebElement (session="f1e9c5394b6d6ec4fac3bce510ad78d9", element="f.77F4075A92C1FAC99A57CAB98EA3138F.d.790198755DBF270A82A5B3356591BEBC.e.475")&gt;, &lt;selenium.webdriver.remote.webelement.WebElement (session="f1e9c5394b6d6ec4fac3bce510ad78d9", element="f.77F4075A92C1FAC99A57CAB98EA3138F.d.790198755DBF270A82A5B3356591BEBC.e.476")&gt;, &lt;selenium.webdriver.remote.webelement.WebElement (session="f1e9c5394b6d6ec4fac3bce510ad78d9", element="f.77F4075A92C1FAC99A57CAB98EA3138F.d.790198755DBF270A82A5B3356591BEBC.e.477")&gt;, &lt;selenium.webdriver.remote.webelement.WebElement (session="f1e9c5394b6d6ec4fac3bce510ad78d9", element="f.77F4075A92C1FAC99A57CAB98EA3138F.d.790198755DBF270A82A5B3356591BEBC.e.478")&gt;, &lt;selenium.webdriver.remote.webelement.WebElement (session="f1e9c5394b6d6ec4fac3bce510ad78d9", element="f.77F4075A92C1FAC99A57CAB98EA3138F.d.790198755DBF270A82A5B3356591BEBC.e.479")&gt;, &lt;selenium.webdriver.remote.webelement.WebElement (session="f1e9c5394b6d6ec4fac3bce510ad78d9", element="f.77F4075A92C1FAC99A57CAB98EA3138F.d.790198755DBF270A82A5B3356591BEBC.e.480")&gt;, &lt;selenium.webdriver.remote.webelement.WebElement (session="f1e9c5394b6d6ec4fac3bce510ad78d9", element="f.77F4075A92C1FAC99A57CAB98EA3138F.d.790198755DBF270A82A5B3356591BEBC.e.481")&gt;, &lt;selenium.webdriver.remote.webelement.WebElement (session="f1e9c5394b6d6ec4fac3bce510ad78d9", element="f.77F4075A92C1FAC99A57CAB98EA3138F.d.790198755DBF270A82A5B3356591BEBC.e.482")&gt;, &lt;selenium.webdriver.remote.webelement.WebElement (session="f1e9c5394b6d6ec4fac3bce510ad78d9", element="f.77F4075A92C1FAC99A57CAB98EA3138F.d.790198755DBF270A82A5B3356591BEBC.e.483")&gt;, &lt;selenium.webdriver.remote.webelement.WebElement (session="f1e9c5394b6d6ec4fac3bce510ad78d9", element="f.77F4075A92C1FAC99A57CAB98EA3138F.d.790198755DBF270A82A5B3356591BEBC.e.484")&gt;, &lt;selenium.webdriver.remote.webelement.WebElement (session="f1e9c5394b6d6ec4fac3bce510ad78d9", element="f.77F4075A92C1FAC99A57CAB98EA3138F.d.790198755DBF270A82A5B3356591BEBC.e.485")&gt;, &lt;selenium.webdriver.remote.webelement.WebElement (session="f1e9c5394b6d6ec4fac3bce510ad78d9", element="f.77F4075A92C1FAC99A57CAB98EA3138F.d.790198755DBF270A82A5B3356591BEBC.e.486")&gt;, &lt;selenium.webdriver.remote.webelement.WebElement (session="f1e9c5394b6d6ec4fac3bce510ad78d9", element="f.77F4075A92C1FAC99A57CAB98EA3138F.d.790198755DBF270A82A5B3356591BEBC.e.487")&gt;, &lt;selenium.webdriver.remote.webelement.WebElement (session="f1e9c5394b6d6ec4fac3bce510ad78d9", element="f.77F4075A92C1FAC99A57CAB98EA3138F.d.790198755DBF270A82A5B3356591BEBC.e.488")&gt;, &lt;selenium.webdriver.remote.webelement.WebElement (session="f1e9c5394b6d6ec4fac3bce510ad78d9", element="f.77F4075A92C1FAC99A57CAB98EA3138F.d.790198755DBF270A82A5B3356591BEBC.e.489")&gt;, &lt;selenium.webdriver.remote.webelement.WebElement (session="f1e9c5394b6d6ec4fac3bce510ad78d9", element="f.77F4075A92C1FAC99A57CAB98EA3138F.d.790198755DBF270A82A5B3356591BEBC.e.490")&gt;, &lt;selenium.webdriver.remote.webelement.WebElement (session="f1e9c5394b6d6ec4fac3bce510ad78d9", element="f.77F4075A92C1FAC99A57CAB98EA3138F.d.790198755DBF270A82A5B3356591BEBC.e.491")&gt;, &lt;selenium.webdriver.remote.webelement.WebElement (session="f1e9c5394b6d6ec4fac3bce510ad78d9", element="f.77F4075A92C1FAC99A57CAB98EA3138F.d.790198755DBF270A82A5B3356591BEBC.e.492")&gt;, &lt;selenium.webdriver.remote.webelement.WebElement (session="f1e9c5394b6d6ec4fac3bce510ad78d9", element="f.77F4075A92C1FAC99A57CAB98EA3138F.d.790198755DBF270A82A5B3356591BEBC.e.493")&gt;, &lt;selenium.webdriver.remote.webelement.WebElement (session="f1e9c5394b6d6ec4fac3bce510ad78d9", element="f.77F4075A92C1FAC99A57CAB98EA3138F.d.790198755DBF270A82A5B3356591BEBC.e.494")&gt;, &lt;selenium.webdriver.remote.webelement.WebElement (session="f1e9c5394b6d6ec4fac3bce510ad78d9", element="f.77F4075A92C1FAC99A57CAB98EA3138F.d.790198755DBF270A82A5B3356591BEBC.e.495")&gt;, &lt;selenium.webdriver.remote.webelement.WebElement (session="f1e9c5394b6d6ec4fac3bce510ad78d9", element="f.77F4075A92C1FAC99A57CAB98EA3138F.d.790198755DBF270A82A5B3356591BEBC.e.496")&gt;, &lt;selenium.webdriver.remote.webelement.WebElement (session="f1e9c5394b6d6ec4fac3bce510ad78d9", element="f.77F4075A92C1FAC99A57CAB98EA3138F.d.790198755DBF270A82A5B3356591BEBC.e.497")&gt;, &lt;selenium.webdriver.remote.webelement.WebElement (session="f1e9c5394b6d6ec4fac3bce510ad78d9", element="f.77F4075A92C1FAC99A57CAB98EA3138F.d.790198755DBF270A82A5B3356591BEBC.e.498")&gt;, &lt;selenium.webdriver.remote.webelement.WebElement (session="f1e9c5394b6d6ec4fac3bce510ad78d9", element="f.77F4075A92C1FAC99A57CAB98EA3138F.d.790198755DBF270A82A5B3356591BEBC.e.499")&gt;, &lt;selenium.webdriver.remote.webelement.WebElement (session="f1e9c5394b6d6ec4fac3bce510ad78d9", element="f.77F4075A92C1FAC99A57CAB98EA3138F.d.790198755DBF270A82A5B3356591BEBC.e.500")&gt;]</msg>
<arg>Found links: ${links}</arg>
<doc>Logs the given message with the given level.</doc>
<status status="PASS" start="2025-07-30T12:57:12.149056" elapsed="0.000000"/>
</kw>
<kw name="Create List" owner="BuiltIn">
<msg time="2025-07-30T12:57:12.149056" level="INFO">${logout_patterns} = ['logout', 'sign out', 'disconnect', 'déconnexion']</msg>
<var>${logout_patterns}</var>
<arg>logout</arg>
<arg>sign out</arg>
<arg>disconnect</arg>
<arg>déconnexion</arg>
<doc>Returns a list containing given items.</doc>
<status status="PASS" start="2025-07-30T12:57:12.149056" elapsed="0.000000"/>
</kw>
<for flavor="IN">
<iter>
<kw name="Run Keyword And Return Status" owner="BuiltIn">
<kw name="Page Should Contain" owner="SeleniumLibrary">
<msg time="2025-07-30T12:57:16.318352" level="INFO" html="true">&lt;/td&gt;&lt;/tr&gt;&lt;tr&gt;&lt;td colspan="3"&gt;&lt;a href="selenium-screenshot-34.png"&gt;&lt;img src="selenium-screenshot-34.png" width="800px"&gt;&lt;/a&gt;</msg>
<msg time="2025-07-30T12:57:16.318352" level="FAIL">Page should have contained text 'logout' but did not.</msg>
<arg>${pattern}</arg>
<doc>Verifies that current page contains ``text``.</doc>
<status status="FAIL" start="2025-07-30T12:57:12.150084" elapsed="4.169280">Page should have contained text 'logout' but did not.</status>
</kw>
<msg time="2025-07-30T12:57:16.319364" level="INFO">${found} = False</msg>
<var>${found}</var>
<arg>Page Should Contain</arg>
<arg>${pattern}</arg>
<doc>Runs the given keyword with given arguments and returns the status as a Boolean value.</doc>
<status status="PASS" start="2025-07-30T12:57:12.150084" elapsed="4.169280"/>
</kw>
<kw name="Run Keyword If" owner="BuiltIn">
<arg>${found}</arg>
<arg>Log</arg>
<arg>Found logout pattern: ${pattern}</arg>
<doc>Runs the given keyword with the given arguments, if ``condition`` is true.</doc>
<status status="PASS" start="2025-07-30T12:57:16.319364" elapsed="0.000000"/>
</kw>
<var name="${pattern}">logout</var>
<status status="PASS" start="2025-07-30T12:57:12.150084" elapsed="4.169280"/>
</iter>
<iter>
<kw name="Run Keyword And Return Status" owner="BuiltIn">
<kw name="Page Should Contain" owner="SeleniumLibrary">
<msg time="2025-07-30T12:57:20.478280" level="INFO" html="true">&lt;/td&gt;&lt;/tr&gt;&lt;tr&gt;&lt;td colspan="3"&gt;&lt;a href="selenium-screenshot-35.png"&gt;&lt;img src="selenium-screenshot-35.png" width="800px"&gt;&lt;/a&gt;</msg>
<msg time="2025-07-30T12:57:20.478280" level="FAIL">Page should have contained text 'sign out' but did not.</msg>
<arg>${pattern}</arg>
<doc>Verifies that current page contains ``text``.</doc>
<status status="FAIL" start="2025-07-30T12:57:16.319364" elapsed="4.159922">Page should have contained text 'sign out' but did not.</status>
</kw>
<msg time="2025-07-30T12:57:20.479286" level="INFO">${found} = False</msg>
<var>${found}</var>
<arg>Page Should Contain</arg>
<arg>${pattern}</arg>
<doc>Runs the given keyword with given arguments and returns the status as a Boolean value.</doc>
<status status="PASS" start="2025-07-30T12:57:16.319364" elapsed="4.159922"/>
</kw>
<kw name="Run Keyword If" owner="BuiltIn">
<arg>${found}</arg>
<arg>Log</arg>
<arg>Found logout pattern: ${pattern}</arg>
<doc>Runs the given keyword with the given arguments, if ``condition`` is true.</doc>
<status status="PASS" start="2025-07-30T12:57:20.479286" elapsed="0.000000"/>
</kw>
<var name="${pattern}">sign out</var>
<status status="PASS" start="2025-07-30T12:57:16.319364" elapsed="4.159922"/>
</iter>
<iter>
<kw name="Run Keyword And Return Status" owner="BuiltIn">
<kw name="Page Should Contain" owner="SeleniumLibrary">
<msg time="2025-07-30T12:57:24.641562" level="INFO" html="true">&lt;/td&gt;&lt;/tr&gt;&lt;tr&gt;&lt;td colspan="3"&gt;&lt;a href="selenium-screenshot-36.png"&gt;&lt;img src="selenium-screenshot-36.png" width="800px"&gt;&lt;/a&gt;</msg>
<msg time="2025-07-30T12:57:24.641562" level="FAIL">Page should have contained text 'disconnect' but did not.</msg>
<arg>${pattern}</arg>
<doc>Verifies that current page contains ``text``.</doc>
<status status="FAIL" start="2025-07-30T12:57:20.480287" elapsed="4.161275">Page should have contained text 'disconnect' but did not.</status>
</kw>
<msg time="2025-07-30T12:57:24.641562" level="INFO">${found} = False</msg>
<var>${found}</var>
<arg>Page Should Contain</arg>
<arg>${pattern}</arg>
<doc>Runs the given keyword with given arguments and returns the status as a Boolean value.</doc>
<status status="PASS" start="2025-07-30T12:57:20.480287" elapsed="4.161275"/>
</kw>
<kw name="Run Keyword If" owner="BuiltIn">
<arg>${found}</arg>
<arg>Log</arg>
<arg>Found logout pattern: ${pattern}</arg>
<doc>Runs the given keyword with the given arguments, if ``condition`` is true.</doc>
<status status="PASS" start="2025-07-30T12:57:24.642766" elapsed="0.000000"/>
</kw>
<var name="${pattern}">disconnect</var>
<status status="PASS" start="2025-07-30T12:57:20.479286" elapsed="4.163480"/>
</iter>
<iter>
<kw name="Run Keyword And Return Status" owner="BuiltIn">
<kw name="Page Should Contain" owner="SeleniumLibrary">
<msg time="2025-07-30T12:57:28.830152" level="INFO" html="true">&lt;/td&gt;&lt;/tr&gt;&lt;tr&gt;&lt;td colspan="3"&gt;&lt;a href="selenium-screenshot-37.png"&gt;&lt;img src="selenium-screenshot-37.png" width="800px"&gt;&lt;/a&gt;</msg>
<msg time="2025-07-30T12:57:28.831137" level="FAIL">Page should have contained text 'déconnexion' but did not.</msg>
<arg>${pattern}</arg>
<doc>Verifies that current page contains ``text``.</doc>
<status status="FAIL" start="2025-07-30T12:57:24.642766" elapsed="4.188371">Page should have contained text 'déconnexion' but did not.</status>
</kw>
<msg time="2025-07-30T12:57:28.831137" level="INFO">${found} = False</msg>
<var>${found}</var>
<arg>Page Should Contain</arg>
<arg>${pattern}</arg>
<doc>Runs the given keyword with given arguments and returns the status as a Boolean value.</doc>
<status status="PASS" start="2025-07-30T12:57:24.642766" elapsed="4.188371"/>
</kw>
<kw name="Run Keyword If" owner="BuiltIn">
<arg>${found}</arg>
<arg>Log</arg>
<arg>Found logout pattern: ${pattern}</arg>
<doc>Runs the given keyword with the given arguments, if ``condition`` is true.</doc>
<status status="PASS" start="2025-07-30T12:57:28.831137" elapsed="0.000000"/>
</kw>
<var name="${pattern}">déconnexion</var>
<status status="PASS" start="2025-07-30T12:57:24.642766" elapsed="4.188371"/>
</iter>
<var>${pattern}</var>
<value>@{logout_patterns}</value>
<status status="PASS" start="2025-07-30T12:57:12.149056" elapsed="16.682081"/>
</for>
<status status="PASS" start="2025-07-30T12:57:10.101696" elapsed="18.730437"/>
</kw>
<arg>not ${alt_cart_found}</arg>
<arg>Debug Page Elements</arg>
<doc>Runs the given keyword with the given arguments, if ``condition`` is true.</doc>
<status status="PASS" start="2025-07-30T12:57:10.101696" elapsed="18.730437"/>
</kw>
<kw name="Run Keyword If" owner="BuiltIn">
<arg>${alt_cart_found}</arg>
<arg>Log</arg>
<arg>Cart icon found with alternative selector</arg>
<doc>Runs the given keyword with the given arguments, if ``condition`` is true.</doc>
<status status="PASS" start="2025-07-30T12:57:28.832133" elapsed="0.000000"/>
</kw>
<status status="PASS" start="2025-07-30T12:57:09.972503" elapsed="18.859630"/>
</kw>
<arg>not ${cart_found}</arg>
<arg>Try Alternative Cart Selector</arg>
<doc>Runs the given keyword with the given arguments, if ``condition`` is true.</doc>
<status status="PASS" start="2025-07-30T12:57:09.972503" elapsed="18.859630"/>
</kw>
<kw name="Log" owner="BuiltIn">
<msg time="2025-07-30T12:57:28.832133" level="INFO">Current URL: http://localhost:4200/home</msg>
<arg>Current URL: ${BASE_URL}${HOME_ROUTE}</arg>
<doc>Logs the given message with the given level.</doc>
<status status="PASS" start="2025-07-30T12:57:28.832133" elapsed="0.000000"/>
</kw>
<kw name="Get Source" owner="SeleniumLibrary">
<msg time="2025-07-30T12:57:28.838117" level="INFO">${page_source} = &lt;html lang="en" class=" js flexbox canvas canvastext webgl no-touch geolocation postmessage no-websqldatabase indexeddb hashchange history draganddrop websockets rgba hsla multiplebgs backgroundsize b...</msg>
<var>${page_source}</var>
<doc>Returns the entire HTML source of the current page or frame.</doc>
<status status="PASS" start="2025-07-30T12:57:28.832133" elapsed="0.005984"/>
</kw>
<kw name="Log" owner="BuiltIn">
<msg time="2025-07-30T12:57:28.838117" level="INFO">Page source contains: &lt;html lang="en" class=" js flexbox canvas canvastext webgl no-touch geolocation postmessage no-websqldatabase indexeddb hashchange history draganddrop websockets rgba hsla multiplebgs backgroundsize borderimage borderradius boxshadow textshadow opacity cssanimations csscolumns cssgradients cssreflections csstransforms csstransforms3d csstransitions fontface generatedcontent video audio localstorage sessionstorage webworkers no-applicationcache svg inlinesvg smil svgclippaths"&gt;&lt;head&gt;
  &lt;script type="module" src="/@vite/client"&gt;&lt;/script&gt;

  &lt;meta charset="utf-8"&gt;
  &lt;title&gt;Shopfer&lt;/title&gt;
  &lt;base href="/"&gt;
  &lt;meta name="viewport" content="width=device-width, initial-scale=1"&gt;
  &lt;link rel="icon" type="image" href="favicon.png"&gt;
  &lt;link rel="stylesheet" href="https://cdn.jsdelivr.net/npm/swiper@9/swiper-bundle.min.css"&gt;
  &lt;link href="https://cdn.jsdelivr.net/npm/bootstrap@5.3.0-alpha3/dist/css/bootstrap.min.css" rel="stylesheet" integrity="sha384-KK94CHFLLe+nY2dmCWGMq91rCGa5gtU4mk92HdvYe+M/SXH301p5ILy+dN9+nJOZ" crossorigin="anonymous"&gt;
  &lt;link rel="stylesheet" type="text/css" href="assets/css/vendor.css"&gt;
  &lt;link rel="stylesheet" type="text/css" href="assets/style.css"&gt;
  &lt;link href="https://fonts.googleapis.com/css2?family=Roboto:wght@400;700&amp;amp;display=swap" rel="stylesheet"&gt;
  &lt;link href="https://cdn.jsdelivr.net/npm/bootstrap@5.3.0-alpha1/dist/css/bootstrap.min.css" rel="stylesheet"&gt;
  &lt;link rel="stylesheet" href="https://cdnjs.cloudflare.com/ajax/libs/font-awesome/6.0.0-beta3/css/all.min.css"&gt;
  &lt;script src="https://cdn.jsdelivr.net/npm/bootstrap@5.3.0-alpha1/dist/js/bootstrap.bundle.min.js"&gt;&lt;/script&gt;    
  &lt;link rel="preconnect" href="https://fonts.googleapis.com"&gt;
  &lt;link rel="preconnect" href="https://fonts.gstatic.com" crossorigin=""&gt;
  &lt;script src="assets/js/jquery-1.11.0.min.js"&gt;&lt;/script&gt;
  &lt;script src="https://cdn.jsdelivr.net/npm/swiper@9/swiper-bundle.min.js"&gt;&lt;/script&gt;
  &lt;script src="https://cdn.jsdelivr.net/npm/bootstrap@5.3.0-alpha3/dist/js/bootstrap.bundle.min.js" integrity="sha384-ENjdO4Dr2bkBIFxQpeoTz1HIcje39Wm4jDKdf19U8gI4ddQ3GYNS7NTKfAdVQSZe" crossorigin="anonymous"&gt;&lt;/script&gt;
  &lt;script src="assets/js/plugins.js"&gt;&lt;/script&gt;
  &lt;script src="assets/js/script.js"&gt;&lt;/script&gt;

&lt;link rel="stylesheet" href="styles.css"&gt;&lt;/head&gt;
&lt;body class=""&gt;&lt;!--nghm--&gt;
  &lt;app-root ng-version="18.2.8" ng-server-context="ssr"&gt;&lt;svg xmlns="http://www.w3.org/2000/svg" style="display: none;"&gt;&lt;defs&gt;&lt;symbol xmlns="http://www.w3.org/2000/svg" id="cart" viewBox="0 0 24 24"&gt;&lt;path fill="currentColor" d="M8.5 19a1.5 1.5 0 1 0 1.5 1.5A1.5 1.5 0 0 0 8.5 19ZM19 16H7a1 1 0 0 1 0-2h8.491a3.013 3.013 0 0 0 2.885-2.176l1.585-5.55A1 1 0 0 0 19 5H6.74a3.007 3.007 0 0 0-2.82-2H3a1 1 0 0 0 0 2h.921a1.005 1.005 0 0 1 .962.725l.155.545v.005l1.641 5.742A3 3 0 0 0 7 18h12a1 1 0 0 0 0-2Zm-1.326-9l-1.22 4.274a1.005 1.005 0 0 1-.963.726H8.754l-.255-.892L7.326 7ZM16.5 19a1.5 1.5 0 1 0 1.5 1.5a1.5 1.5 0 0 0-1.5-1.5Z"&gt;&lt;/path&gt;&lt;/symbol&gt;&lt;symbol xmlns="http://www.w3.org/2000/svg" id="search" viewBox="0 0 24 24"&gt;&lt;path fill="currentColor" d="M21.71 20.29L18 16.61A9 9 0 1 0 16.61 18l3.68 3.68a1 1 0 0 0 1.42 0a1 1 0 0 0 0-1.39ZM11 18a7 7 0 1 1 7-7a7 7 0 0 1-7 7Z"&gt;&lt;/path&gt;&lt;/symbol&gt;&lt;symbol xmlns="http://www.w3.org/2000/svg" id="user" viewBox="0 0 24 24"&gt;&lt;path fill="currentColor" d="M15.71 12.71a6 6 0 1 0-7.42 0a10 10 0 0 0-6.22 8.18a1 1 0 0 0 2 .22a8 8 0 0 1 15.9 0a1 1 0 0 0 1 .89h.11a1 1 0 0 0 .88-1.1a10 10 0 0 0-6.25-8.19ZM12 12a4 4 0 1 1 4-4a4 4 0 0 1-4 4Z"&gt;&lt;/path&gt;&lt;/symbol&gt;&lt;symbol xmlns="http://www.w3.org/2000/svg" id="close" viewBox="0 0 15 15"&gt;&lt;path fill="currentColor" d="M7.953 3.788a.5.5 0 0 0-.906 0L6.08 5.85l-2.154.33a.5.5 0 0 0-.283.843l1.574 1.613l-.373 2.284a.5.5 0 0 0 .736.518l1.92-1.063l1.921 1.063a.5.5 0 0 0 .736-.519l-.373-2.283l1.574-1.613a.5.5 0 0 0-.283-.844L8.921 5.85l-.968-2.062Z"&gt;&lt;/path&gt;&lt;/symbol&gt;&lt;/defs&gt;&lt;/svg&gt;&lt;app-header&gt;&lt;header&gt;&lt;div class="container-fluid"&gt;&lt;div class="row py-3 border-bottom"&gt;&lt;div class="col-sm-4 col-lg-3 text-center text-sm-start"&gt;&lt;div class="main-logo" style="display: flex; align-items: center; margin-left: 10px;"&gt;&lt;a href="#"&gt;&lt;img src="images/logo.png" alt="logo" class="img-fluid ml-4"&gt;&lt;/a&gt;&lt;h2 class="fw-bold mb-0 ms-2" style="font-family: 'Roboto', sans-serif; color: #3cc374;"&gt;SHOPFER&lt;/h2&gt;&lt;/div&gt;&lt;/div&gt;&lt;div class="col-sm-6 offset-sm-2 offset-md-0 col-lg-5 d-none d-lg-block"&gt;&lt;app-search-bar&gt;&lt;div class="search-bar row bg-light p-2 my-2 rounded-4"&gt;&lt;div class="col-md-4 d-none d-md-block"&gt;&lt;select class="form-select border-0 bg-transparent ng-untouched ng-pristine ng-valid" ng-reflect-model=""&gt;&lt;option&gt;All Categories&lt;/option&gt;&lt;option value="beauty" ng-reflect-value="beauty"&gt; beauty &lt;/option&gt;&lt;option value="fragrances" ng-reflect-value="fragrances"&gt; fragrances &lt;/option&gt;&lt;option value="furniture" ng-reflect-value="furniture"&gt; furniture &lt;/option&gt;&lt;option value="groceries" ng-reflect-value="groceries"&gt; groceries &lt;/option&gt;&lt;option value="home-decoration" ng-reflect-value="home-decoration"&gt; home-decoration &lt;/option&gt;&lt;option value="kitchen-accessories" ng-reflect-value="kitchen-accessories"&gt; kitchen-accessories &lt;/option&gt;&lt;option value="laptops" ng-reflect-value="laptops"&gt; laptops &lt;/option&gt;&lt;option value="mens-shirts" ng-reflect-value="mens-shirts"&gt; mens-shirts &lt;/option&gt;&lt;option value="mens-shoes" ng-reflect-value="mens-shoes"&gt; mens-shoes &lt;/option&gt;&lt;option value="mens-watches" ng-reflect-value="mens-watches"&gt; mens-watches &lt;/option&gt;&lt;option value="mobile-accessories" ng-reflect-value="mobile-accessories"&gt; mobile-accessories &lt;/option&gt;&lt;option value="motorcycle" ng-reflect-value="motorcycle"&gt; motorcycle &lt;/option&gt;&lt;option value="skin-care" ng-reflect-value="skin-care"&gt; skin-care &lt;/option&gt;&lt;option value="smartphones" ng-reflect-value="smartphones"&gt; smartphones &lt;/option&gt;&lt;option value="sports-accessories" ng-reflect-value="sports-accessories"&gt; sports-accessories &lt;/option&gt;&lt;option value="sunglasses" ng-reflect-value="sunglasses"&gt; sunglasses &lt;/option&gt;&lt;option value="tablets" ng-reflect-value="tablets"&gt; tablets &lt;/option&gt;&lt;option value="tops" ng-reflect-value="tops"&gt; tops &lt;/option&gt;&lt;option value="vehicle" ng-reflect-value="vehicle"&gt; vehicle &lt;/option&gt;&lt;option value="womens-bags" ng-reflect-value="womens-bags"&gt; womens-bags &lt;/option&gt;&lt;option value="womens-dresses" ng-reflect-value="womens-dresses"&gt; womens-dresses &lt;/option&gt;&lt;option value="womens-jewellery" ng-reflect-value="womens-jewellery"&gt; womens-jewellery &lt;/option&gt;&lt;option value="womens-shoes" ng-reflect-value="womens-shoes"&gt; womens-shoes &lt;/option&gt;&lt;option value="womens-watches" ng-reflect-value="womens-watches"&gt; womens-watches &lt;/option&gt;&lt;!--bindings={
  "ng-reflect-ng-for-of": "beauty,fragrances,furniture,gr"
}--&gt;&lt;/select&gt;&lt;/div&gt;&lt;div class="col-11 col-md-7"&gt;&lt;form novalidate="" id="search-form" method="post" class="text-center ng-untouched ng-pristine ng-valid"&gt;&lt;input name="search" type="text" placeholder="Search for what you want" class="form-control border-0 bg-transparent ng-untouched ng-pristine ng-valid" ng-reflect-name="search" ng-reflect-model=""&gt;&lt;/form&gt;&lt;/div&gt;&lt;div class="col-1"&gt;&lt;svg xmlns="http://www.w3.org/2000/svg" width="24" height="24" viewBox="0 0 24 24"&gt;&lt;path fill="currentColor" d="M21.71 20.29L18 16.61A9 9 0 1 0 16.61 18l3.68 3.68a1 1 0 0 0 1.42 0a1 1 0 0 0 0-1.39ZM11 18a7 7 0 1 1 7-7a7 7 0 0 1-7 7Z"&gt;&lt;/path&gt;&lt;/svg&gt;&lt;/div&gt;&lt;/div&gt;&lt;/app-search-bar&gt;&lt;/div&gt;&lt;div class="col-sm-8 col-lg-4 d-flex justify-content-end gap-5 align-items-center mt-4 mt-sm-0 justify-content-center justify-content-sm-end"&gt;&lt;div class="cart text-end d-none d-lg-block dropdown"&gt;&lt;button class="btn btn-dark" style="margin-right: 5px;"&gt; Log out &lt;/button&gt;&lt;!--bindings={
  "ng-reflect-ng-if-else": "[object Object]"
}--&gt;&lt;!--container--&gt;&lt;button class="btn btn-primary"&gt; Show Cart &lt;/button&gt;&lt;/div&gt;&lt;/div&gt;&lt;app-cart&gt;&lt;!--bindings={
  "ng-reflect-ng-if": "false"
}--&gt;&lt;/app-cart&gt;&lt;/div&gt;&lt;/div&gt;&lt;div class="container-fluid"&gt;&lt;div class="row py-3"&gt;&lt;div class="d-flex justify-content-center justify-content-sm-between align-items-center"&gt;&lt;nav class="main-menu d-flex navbar navbar-expand-lg"&gt;&lt;button type="button" data-bs-toggle="offcanvas" data-bs-target="#offcanvasNavbar" aria-controls="offcanvasNavbar" class="navbar-toggler"&gt;&lt;span class="navbar-toggler-icon"&gt;&lt;/span&gt;&lt;/button&gt;&lt;div tabindex="-1" id="offcanvasNavbar" aria-labelledby="offcanvasNavbarLabel" class="offcanvas offcanvas-end"&gt;&lt;div class="offcanvas-header justify-content-center"&gt;&lt;button type="button" data-bs-dismiss="offcanvas" aria-label="Close" class="btn-close"&gt;&lt;/button&gt;&lt;/div&gt;&lt;/div&gt;&lt;/nav&gt;&lt;/div&gt;&lt;/div&gt;&lt;/div&gt;&lt;/header&gt;&lt;/app-header&gt;&lt;!--bindings={
  "ng-reflect-ng-if": "true"
}--&gt;&lt;router-outlet&gt;&lt;/router-outlet&gt;&lt;app-list-product&gt;&lt;svg xmlns="http://www.w3.org/2000/svg" style="display: none;"&gt;&lt;defs&gt;&lt;symbol xmlns="http://www.w3.org/2000/svg" id="link" viewBox="0 0 24 24"&gt;&lt;path fill="currentColor" d="M12 19a1 1 0 1 0-1-1a1 1 0 0 0 1 1Zm5 0a1 1 0 1 0-1-1a1 1 0 0 0 1 1Zm0-4a1 1 0 1 0-1-1a1 1 0 0 0 1 1Zm-5 0a1 1 0 1 0-1-1a1 1 0 0 0 1 1Zm7-12h-1V2a1 1 0 0 0-2 0v1H8V2a1 1 0 0 0-2 0v1H5a3 3 0 0 0-3 3v14a3 3 0 0 0 3 3h14a3 3 0 0 0 3-3V6a3 3 0 0 0-3-3Zm1 17a1 1 0 0 1-1 1H5a1 1 0 0 1-1-1v-9h16Zm0-11H4V6a1 1 0 0 1 1-1h1v1a1 1 0 0 0 2 0V5h8v1a1 1 0 0 0 2 0V5h1a1 1 0 0 1 1 1ZM7 15a1 1 0 1 0-1-1a1 1 0 0 0 1 1Zm0 4a1 1 0 1 0-1-1a1 1 0 0 0 1 1Z"&gt;&lt;/path&gt;&lt;/symbol&gt;&lt;symbol xmlns="http://www.w3.org/2000/svg" id="arrow-right" viewBox="0 0 24 24"&gt;&lt;path fill="currentColor" d="M17.92 11.62a1 1 0 0 0-.21-.33l-5-5a1 1 0 0 0-1.42 1.42l3.3 3.29H7a1 1 0 0 0 0 2h7.59l-3.3 3.29a1 1 0 0 0 0 1.42a1 1 0 0 0 1.42 0l5-5a1 1 0 0 0 .21-.33a1 1 0 0 0 0-.76Z"&gt;&lt;/path&gt;&lt;/symbol&gt;&lt;symbol xmlns="http://www.w3.org/2000/svg" id="category" viewBox="0 0 24 24"&gt;&lt;path fill="currentColor" d="M19 5.5h-6.28l-.32-1a3 3 0 0 0-2.84-2H5a3 3 0 0 0-3 3v13a3 3 0 0 0 3 3h14a3 3 0 0 0 3-3v-10a3 3 0 0 0-3-3Zm1 13a1 1 0 0 1-1 1H5a1 1 0 0 1-1-1v-13a1 1 0 0 1 1-1h4.56a1 1 0 0 1 .95.68l.54 1.64a1 1 0 0 0 .95.68h7a1 1 0 0 1 1 1Z"&gt;&lt;/path&gt;&lt;/symbol&gt;&lt;symbol xmlns="http://www.w3.org/2000/svg" id="calendar" viewBox="0 0 24 24"&gt;&lt;path fill="currentColor" d="M19 4h-2V3a1 1 0 0 0-2 0v1H9V3a1 1 0 0 0-2 0v1H5a3 3 0 0 0-3 3v12a3 3 0 0 0 3 3h14a3 3 0 0 0 3-3V7a3 3 0 0 0-3-3Zm1 15a1 1 0 0 1-1 1H5a1 1 0 0 1-1-1v-7h16Zm0-9H4V7a1 1 0 0 1 1-1h2v1a1 1 0 0 0 2 0V6h6v1a1 1 0 0 0 2 0V6h2a1 1 0 0 1 1 1Z"&gt;&lt;/path&gt;&lt;/symbol&gt;&lt;symbol xmlns="http://www.w3.org/2000/svg" id="heart" viewBox="0 0 24 24"&gt;&lt;path fill="currentColor" d="M20.16 4.61A6.27 6.27 0 0 0 12 4a6.27 6.27 0 0 0-8.16 9.48l7.45 7.45a1 1 0 0 0 1.42 0l7.45-7.45a6.27 6.27 0 0 0 0-8.87Zm-1.41 7.46L12 18.81l-6.75-6.74a4.28 4.28 0 0 1 3-7.3a4.25 4.25 0 0 1 3 1.25a1 1 0 0 0 1.42 0a4.27 4.27 0 0 1 6 6.05Z"&gt;&lt;/path&gt;&lt;/symbol&gt;&lt;symbol xmlns="http://www.w3.org/2000/svg" id="plus" viewBox="0 0 24 24"&gt;&lt;path fill="currentColor" d="M19 11h-6V5a1 1 0 0 0-2 0v6H5a1 1 0 0 0 0 2h6v6a1 1 0 0 0 2 0v-6h6a1 1 0 0 0 0-2Z"&gt;&lt;/path&gt;&lt;/symbol&gt;&lt;symbol xmlns="http://www.w3.org/2000/svg" id="minus" viewBox="0 0 24 24"&gt;&lt;path fill="currentColor" d="M19 11H5a1 1 0 0 0 0 2h14a1 1 0 0 0 0-2Z"&gt;&lt;/path&gt;&lt;/symbol&gt;&lt;symbol xmlns="http://www.w3.org/2000/svg" id="cart" viewBox="0 0 24 24"&gt;&lt;path fill="currentColor" d="M8.5 19a1.5 1.5 0 1 0 1.5 1.5A1.5 1.5 0 0 0 8.5 19ZM19 16H7a1 1 0 0 1 0-2h8.491a3.013 3.013 0 0 0 2.885-2.176l1.585-5.55A1 1 0 0 0 19 5H6.74a3.007 3.007 0 0 0-2.82-2H3a1 1 0 0 0 0 2h.921a1.005 1.005 0 0 1 .962.725l.155.545v.005l1.641 5.742A3 3 0 0 0 7 18h12a1 1 0 0 0 0-2Zm-1.326-9l-1.22 4.274a1.005 1.005 0 0 1-.963.726H8.754l-.255-.892L7.326 7ZM16.5 19a1.5 1.5 0 1 0 1.5 1.5a1.5 1.5 0 0 0-1.5-1.5Z"&gt;&lt;/path&gt;&lt;/symbol&gt;&lt;symbol xmlns="http://www.w3.org/2000/svg" id="check" viewBox="0 0 24 24"&gt;&lt;path fill="currentColor" d="M18.71 7.21a1 1 0 0 0-1.42 0l-7.45 7.46l-3.13-3.14A1 1 0 1 0 5.29 13l3.84 3.84a1 1 0 0 0 1.42 0l8.16-8.16a1 1 0 0 0 0-1.47Z"&gt;&lt;/path&gt;&lt;/symbol&gt;&lt;symbol xmlns="http://www.w3.org/2000/svg" id="trash" viewBox="0 0 24 24"&gt;&lt;path fill="currentColor" d="M10 18a1 1 0 0 0 1-
[...]
bElement (session="aba8f5060e7fd4860c56c9182a5398dd", element="f.002BEF0136AD0B0D515DE1208FEEEC10.d.F60FD355DDA3FEE4475AC8CFC78BB94F.e.532")&gt;, &lt;selenium.webdriver.remote.webelement.WebElement (session="aba8f5060e7fd4860c56c9182a5398dd", element="f.002BEF0136AD0B0D515DE1208FEEEC10.d.F60FD355DDA3FEE4475AC8CFC78BB94F.e.432")&gt;, &lt;selenium.webdriver.remote.webelement.WebElement (session="aba8f5060e7fd4860c56c9182a5398dd", element="f.002BEF0136AD0B0D515DE1208FEEEC10.d.F60FD355DDA3FEE4475AC8CFC78BB94F.e.533")&gt;, &lt;selenium.webdriver.remote.webelement.WebElement (session="aba8f5060e7fd4860c56c9182a5398dd", element="f.002BEF0136AD0B0D515DE1208FEEEC10.d.F60FD355DDA3FEE4475AC8CFC78BB94F.e.534")&gt;, &lt;selenium.webdriver.remote.webelement.WebElement (session="aba8f5060e7fd4860c56c9182a5398dd", element="f.002BEF0136AD0B0D515DE1208FEEEC10.d.F60FD355DDA3FEE4475AC8CFC78BB94F.e.535")&gt;, &lt;selenium.webdriver.remote.webelement.WebElement (session="aba8f5060e7fd4860c56c9182a5398dd", element="f.002BEF0136AD0B0D515DE1208FEEEC10.d.F60FD355DDA3FEE4475AC8CFC78BB94F.e.536")&gt;, &lt;selenium.webdriver.remote.webelement.WebElement (session="aba8f5060e7fd4860c56c9182a5398dd", element="f.002BEF0136AD0B0D515DE1208FEEEC10.d.F60FD355DDA3FEE4475AC8CFC78BB94F.e.537")&gt;, &lt;selenium.webdriver.remote.webelement.WebElement (session="aba8f5060e7fd4860c56c9182a5398dd", element="f.002BEF0136AD0B0D515DE1208FEEEC10.d.F60FD355DDA3FEE4475AC8CFC78BB94F.e.538")&gt;, &lt;selenium.webdriver.remote.webelement.WebElement (session="aba8f5060e7fd4860c56c9182a5398dd", element="f.002BEF0136AD0B0D515DE1208FEEEC10.d.F60FD355DDA3FEE4475AC8CFC78BB94F.e.539")&gt;, &lt;selenium.webdriver.remote.webelement.WebElement (session="aba8f5060e7fd4860c56c9182a5398dd", element="f.002BEF0136AD0B0D515DE1208FEEEC10.d.F60FD355DDA3FEE4475AC8CFC78BB94F.e.540")&gt;, &lt;selenium.webdriver.remote.webelement.WebElement (session="aba8f5060e7fd4860c56c9182a5398dd", element="f.002BEF0136AD0B0D515DE1208FEEEC10.d.F60FD355DDA3FEE4475AC8CFC78BB94F.e.541")&gt;, &lt;selenium.webdriver.remote.webelement.WebElement (session="aba8f5060e7fd4860c56c9182a5398dd", element="f.002BEF0136AD0B0D515DE1208FEEEC10.d.F60FD355DDA3FEE4475AC8CFC78BB94F.e.542")&gt;, &lt;selenium.webdriver.remote.webelement.WebElement (session="aba8f5060e7fd4860c56c9182a5398dd", element="f.002BEF0136AD0B0D515DE1208FEEEC10.d.F60FD355DDA3FEE4475AC8CFC78BB94F.e.543")&gt;, &lt;selenium.webdriver.remote.webelement.WebElement (session="aba8f5060e7fd4860c56c9182a5398dd", element="f.002BEF0136AD0B0D515DE1208FEEEC10.d.F60FD355DDA3FEE4475AC8CFC78BB94F.e.544")&gt;, &lt;selenium.webdriver.remote.webelement.WebElement (session="aba8f5060e7fd4860c56c9182a5398dd", element="f.002BEF0136AD0B0D515DE1208FEEEC10.d.F60FD355DDA3FEE4475AC8CFC78BB94F.e.545")&gt;, &lt;selenium.webdriver.remote.webelement.WebElement (session="aba8f5060e7fd4860c56c9182a5398dd", element="f.002BEF0136AD0B0D515DE1208FEEEC10.d.F60FD355DDA3FEE4475AC8CFC78BB94F.e.546")&gt;, &lt;selenium.webdriver.remote.webelement.WebElement (session="aba8f5060e7fd4860c56c9182a5398dd", element="f.002BEF0136AD0B0D515DE1208FEEEC10.d.F60FD355DDA3FEE4475AC8CFC78BB94F.e.547")&gt;, &lt;selenium.webdriver.remote.webelement.WebElement (session="aba8f5060e7fd4860c56c9182a5398dd", element="f.002BEF0136AD0B0D515DE1208FEEEC10.d.F60FD355DDA3FEE4475AC8CFC78BB94F.e.548")&gt;, &lt;selenium.webdriver.remote.webelement.WebElement (session="aba8f5060e7fd4860c56c9182a5398dd", element="f.002BEF0136AD0B0D515DE1208FEEEC10.d.F60FD355DDA3FEE4475AC8CFC78BB94F.e.549")&gt;, &lt;selenium.webdriver.remote.webelement.WebElement (session="aba8f5060e7fd4860c56c9182a5398dd", element="f.002BEF0136AD0B0D515DE1208FEEEC10.d.F60FD355DDA3FEE4475AC8CFC78BB94F.e.550")&gt;, &lt;selenium.webdriver.remote.webelement.WebElement (session="aba8f5060e7fd4860c56c9182a5398dd", element="f.002BEF0136AD0B0D515DE1208FEEEC10.d.F60FD355DDA3FEE4475AC8CFC78BB94F.e.551")&gt;, &lt;selenium.webdriver.remote.webelement.WebElement (session="aba8f5060e7fd4860c56c9182a5398dd", element="f.002BEF0136AD0B0D515DE1208FEEEC10.d.F60FD355DDA3FEE4475AC8CFC78BB94F.e.552")&gt;, &lt;selenium.webdriver.remote.webelement.WebElement (session="aba8f5060e7fd4860c56c9182a5398dd", element="f.002BEF0136AD0B0D515DE1208FEEEC10.d.F60FD355DDA3FEE4475AC8CFC78BB94F.e.433")&gt;, &lt;selenium.webdriver.remote.webelement.WebElement (session="aba8f5060e7fd4860c56c9182a5398dd", element="f.002BEF0136AD0B0D515DE1208FEEEC10.d.F60FD355DDA3FEE4475AC8CFC78BB94F.e.553")&gt;, &lt;selenium.webdriver.remote.webelement.WebElement (session="aba8f5060e7fd4860c56c9182a5398dd", element="f.002BEF0136AD0B0D515DE1208FEEEC10.d.F60FD355DDA3FEE4475AC8CFC78BB94F.e.554")&gt;, &lt;selenium.webdriver.remote.webelement.WebElement (session="aba8f5060e7fd4860c56c9182a5398dd", element="f.002BEF0136AD0B0D515DE1208FEEEC10.d.F60FD355DDA3FEE4475AC8CFC78BB94F.e.555")&gt;, &lt;selenium.webdriver.remote.webelement.WebElement (session="aba8f5060e7fd4860c56c9182a5398dd", element="f.002BEF0136AD0B0D515DE1208FEEEC10.d.F60FD355DDA3FEE4475AC8CFC78BB94F.e.556")&gt;, &lt;selenium.webdriver.remote.webelement.WebElement (session="aba8f5060e7fd4860c56c9182a5398dd", element="f.002BEF0136AD0B0D515DE1208FEEEC10.d.F60FD355DDA3FEE4475AC8CFC78BB94F.e.557")&gt;, &lt;selenium.webdriver.remote.webelement.WebElement (session="aba8f5060e7fd4860c56c9182a5398dd", element="f.002BEF0136AD0B0D515DE1208FEEEC10.d.F60FD355DDA3FEE4475AC8CFC78BB94F.e.558")&gt;, &lt;selenium.webdriver.remote.webelement.WebElement (session="aba8f5060e7fd4860c56c9182a5398dd", element="f.002BEF0136AD0B0D515DE1208FEEEC10.d.F60FD355DDA3FEE4475AC8CFC78BB94F.e.559")&gt;, &lt;selenium.webdriver.remote.webelement.WebElement (session="aba8f5060e7fd4860c56c9182a5398dd", element="f.002BEF0136AD0B0D515DE1208FEEEC10.d.F60FD355DDA3FEE4475AC8CFC78BB94F.e.560")&gt;, &lt;selenium.webdriver.remote.webelement.WebElement (session="aba8f5060e7fd4860c56c9182a5398dd", element="f.002BEF0136AD0B0D515DE1208FEEEC10.d.F60FD355DDA3FEE4475AC8CFC78BB94F.e.561")&gt;, &lt;selenium.webdriver.remote.webelement.WebElement (session="aba8f5060e7fd4860c56c9182a5398dd", element="f.002BEF0136AD0B0D515DE1208FEEEC10.d.F60FD355DDA3FEE4475AC8CFC78BB94F.e.562")&gt;, &lt;selenium.webdriver.remote.webelement.WebElement (session="aba8f5060e7fd4860c56c9182a5398dd", element="f.002BEF0136AD0B0D515DE1208FEEEC10.d.F60FD355DDA3FEE4475AC8CFC78BB94F.e.563")&gt;, &lt;selenium.webdriver.remote.webelement.WebElement (session="aba8f5060e7fd4860c56c9182a5398dd", element="f.002BEF0136AD0B0D515DE1208FEEEC10.d.F60FD355DDA3FEE4475AC8CFC78BB94F.e.564")&gt;, &lt;selenium.webdriver.remote.webelement.WebElement (session="aba8f5060e7fd4860c56c9182a5398dd", element="f.002BEF0136AD0B0D515DE1208FEEEC10.d.F60FD355DDA3FEE4475AC8CFC78BB94F.e.565")&gt;, &lt;selenium.webdriver.remote.webelement.WebElement (session="aba8f5060e7fd4860c56c9182a5398dd", element="f.002BEF0136AD0B0D515DE1208FEEEC10.d.F60FD355DDA3FEE4475AC8CFC78BB94F.e.566")&gt;, &lt;selenium.webdriver.remote.webelement.WebElement (session="aba8f5060e7fd4860c56c9182a5398dd", element="f.002BEF0136AD0B0D515DE1208FEEEC10.d.F60FD355DDA3FEE4475AC8CFC78BB94F.e.567")&gt;, &lt;selenium.webdriver.remote.webelement.WebElement (session="aba8f5060e7fd4860c56c9182a5398dd", element="f.002BEF0136AD0B0D515DE1208FEEEC10.d.F60FD355DDA3FEE4475AC8CFC78BB94F.e.568")&gt;, &lt;selenium.webdriver.remote.webelement.WebElement (session="aba8f5060e7fd4860c56c9182a5398dd", element="f.002BEF0136AD0B0D515DE1208FEEEC10.d.F60FD355DDA3FEE4475AC8CFC78BB94F.e.569")&gt;, &lt;selenium.webdriver.remote.webelement.WebElement (session="aba8f5060e7fd4860c56c9182a5398dd", element="f.002BEF0136AD0B0D515DE1208FEEEC10.d.F60FD355DDA3FEE4475AC8CFC78BB94F.e.570")&gt;, &lt;selenium.webdriver.remote.webelement.WebElement (session="aba8f5060e7fd4860c56c9182a5398dd", element="f.002BEF0136AD0B0D515DE1208FEEEC10.d.F60FD355DDA3FEE4475AC8CFC78BB94F.e.571")&gt;, &lt;selenium.webdriver.remote.webelement.WebElement (session="aba8f5060e7fd4860c56c9182a5398dd", element="f.002BEF0136AD0B0D515DE1208FEEEC10.d.F60FD355DDA3FEE4475AC8CFC78BB94F.e.572")&gt;, &lt;selenium.webdriver.remote.webelement.WebElement (session="aba8f5060e7fd4860c56c9182a5398dd", element="f.002BEF0136AD0B0D515DE1208FEEEC10.d.F60FD355DDA3FEE4475AC8CFC78BB94F.e.573")&gt;, &lt;selenium.webdriver.remote.webelement.WebElement (session="aba8f5060e7fd4860c56c9182a5398dd", element="f.002BEF0136AD0B0D515DE1208FEEEC10.d.F60FD355DDA3FEE4475AC8CFC78BB94F.e.574")&gt;, &lt;selenium.webdriver.remote.webelement.WebElement (session="aba8f5060e7fd4860c56c9182a5398dd", element="f.002BEF0136AD0B0D515DE1208FEEEC10.d.F60FD355DDA3FEE4475AC8CFC78BB94F.e.575")&gt;, &lt;selenium.webdriver.remote.webelement.WebElement (session="aba8f5060e7fd4860c56c9182a5398dd", element="f.002BEF0136AD0B0D515DE1208FEEEC10.d.F60FD355DDA3FEE4475AC8CFC78BB94F.e.576")&gt;, &lt;selenium.webdriver.remote.webelement.WebElement (session="aba8f5060e7fd4860c56c9182a5398dd", element="f.002BEF0136AD0B0D515DE1208FEEEC10.d.F60FD355DDA3FEE4475AC8CFC78BB94F.e.577")&gt;, &lt;selenium.webdriver.remote.webelement.WebElement (session="aba8f5060e7fd4860c56c9182a5398dd", element="f.002BEF0136AD0B0D515DE1208FEEEC10.d.F60FD355DDA3FEE4475AC8CFC78BB94F.e.578")&gt;, &lt;selenium.webdriver.remote.webelement.WebElement (session="aba8f5060e7fd4860c56c9182a5398dd", element="f.002BEF0136AD0B0D515DE1208FEEEC10.d.F60FD355DDA3FEE4475AC8CFC78BB94F.e.579")&gt;, &lt;selenium.webdriver.remote.webelement.WebElement (session="aba8f5060e7fd4860c56c9182a5398dd", element="f.002BEF0136AD0B0D515DE1208FEEEC10.d.F60FD355DDA3FEE4475AC8CFC78BB94F.e.580")&gt;, &lt;selenium.webdriver.remote.webelement.WebElement (session="aba8f5060e7fd4860c56c9182a5398dd", element="f.002BEF0136AD0B0D515DE1208FEEEC10.d.F60FD355DDA3FEE4475AC8CFC78BB94F.e.581")&gt;, &lt;selenium.webdriver.remote.webelement.WebElement (session="aba8f5060e7fd4860c56c9182a5398dd", element="f.002BEF0136AD0B0D515DE1208FEEEC10.d.F60FD355DDA3FEE4475AC8CFC78BB94F.e.582")&gt;, &lt;selenium.webdriver.remote.webelement.WebElement (session="aba8f5060e7fd4860c56c9182a5398dd", element="f.002BEF0136AD0B0D515DE1208FEEEC10.d.F60FD355DDA3FEE4475AC8CFC78BB94F.e.583")&gt;, &lt;selenium.webdriver.remote.webelement.WebElement (session="aba8f5060e7fd4860c56c9182a5398dd", element="f.002BEF0136AD0B0D515DE1208FEEEC10.d.F60FD355DDA3FEE4475AC8CFC78BB94F.e.584")&gt;, &lt;selenium.webdriver.remote.webelement.WebElement (session="aba8f5060e7fd4860c56c9182a5398dd", element="f.002BEF0136AD0B0D515DE1208FEEEC10.d.F60FD355DDA3FEE4475AC8CFC78BB94F.e.585")&gt;, &lt;selenium.webdriver.remote.webelement.WebElement (session="aba8f5060e7fd4860c56c9182a5398dd", element="f.002BEF0136AD0B0D515DE1208FEEEC10.d.F60FD355DDA3FEE4475AC8CFC78BB94F.e.586")&gt;, &lt;selenium.webdriver.remote.webelement.WebElement (session="aba8f5060e7fd4860c56c9182a5398dd", element="f.002BEF0136AD0B0D515DE1208FEEEC10.d.F60FD355DDA3FEE4475AC8CFC78BB94F.e.587")&gt;, &lt;selenium.webdriver.remote.webelement.WebElement (session="aba8f5060e7fd4860c56c9182a5398dd", element="f.002BEF0136AD0B0D515DE1208FEEEC10.d.F60FD355DDA3FEE4475AC8CFC78BB94F.e.588")&gt;, &lt;selenium.webdriver.remote.webelement.WebElement (session="aba8f5060e7fd4860c56c9182a5398dd", element="f.002BEF0136AD0B0D515DE1208FEEEC10.d.F60FD355DDA3FEE4475AC8CFC78BB94F.e.589")&gt;, &lt;selenium.webdriver.remote.webelement.WebElement (session="aba8f5060e7fd4860c56c9182a5398dd", element="f.002BEF0136AD0B0D515DE1208FEEEC10.d.F60FD355DDA3FEE4475AC8CFC78BB94F.e.590")&gt;]</msg>
<arg>Found links: ${links}</arg>
<doc>Logs the given message with the given level.</doc>
<status status="PASS" start="2025-07-30T12:59:51.531688" elapsed="0.001011"/>
</kw>
<kw name="Create List" owner="BuiltIn">
<msg time="2025-07-30T12:59:51.532699" level="INFO">${logout_patterns} = ['logout', 'sign out', 'disconnect', 'déconnexion']</msg>
<var>${logout_patterns}</var>
<arg>logout</arg>
<arg>sign out</arg>
<arg>disconnect</arg>
<arg>déconnexion</arg>
<doc>Returns a list containing given items.</doc>
<status status="PASS" start="2025-07-30T12:59:51.532699" elapsed="0.000000"/>
</kw>
<for flavor="IN">
<iter>
<kw name="Run Keyword And Return Status" owner="BuiltIn">
<kw name="Page Should Contain" owner="SeleniumLibrary">
<msg time="2025-07-30T12:59:55.744912" level="INFO" html="true">&lt;/td&gt;&lt;/tr&gt;&lt;tr&gt;&lt;td colspan="3"&gt;&lt;a href="selenium-screenshot-58.png"&gt;&lt;img src="selenium-screenshot-58.png" width="800px"&gt;&lt;/a&gt;</msg>
<msg time="2025-07-30T12:59:55.744912" level="FAIL">Page should have contained text 'logout' but did not.</msg>
<arg>${pattern}</arg>
<doc>Verifies that current page contains ``text``.</doc>
<status status="FAIL" start="2025-07-30T12:59:51.532699" elapsed="4.213212">Page should have contained text 'logout' but did not.</status>
</kw>
<msg time="2025-07-30T12:59:55.745911" level="INFO">${found} = False</msg>
<var>${found}</var>
<arg>Page Should Contain</arg>
<arg>${pattern}</arg>
<doc>Runs the given keyword with given arguments and returns the status as a Boolean value.</doc>
<status status="PASS" start="2025-07-30T12:59:51.532699" elapsed="4.213212"/>
</kw>
<kw name="Run Keyword If" owner="BuiltIn">
<arg>${found}</arg>
<arg>Log</arg>
<arg>Found logout pattern: ${pattern}</arg>
<doc>Runs the given keyword with the given arguments, if ``condition`` is true.</doc>
<status status="PASS" start="2025-07-30T12:59:55.745911" elapsed="0.000000"/>
</kw>
<var name="${pattern}">logout</var>
<status status="PASS" start="2025-07-30T12:59:51.532699" elapsed="4.213212"/>
</iter>
<iter>
<kw name="Run Keyword And Return Status" owner="BuiltIn">
<kw name="Page Should Contain" owner="SeleniumLibrary">
<msg time="2025-07-30T12:59:59.897536" level="INFO" html="true">&lt;/td&gt;&lt;/tr&gt;&lt;tr&gt;&lt;td colspan="3"&gt;&lt;a href="selenium-screenshot-59.png"&gt;&lt;img src="selenium-screenshot-59.png" width="800px"&gt;&lt;/a&gt;</msg>
<msg time="2025-07-30T12:59:59.897536" level="FAIL">Page should have contained text 'sign out' but did not.</msg>
<arg>${pattern}</arg>
<doc>Verifies that current page contains ``text``.</doc>
<status status="FAIL" start="2025-07-30T12:59:55.745911" elapsed="4.151625">Page should have contained text 'sign out' but did not.</status>
</kw>
<msg time="2025-07-30T12:59:59.897536" level="INFO">${found} = False</msg>
<var>${found}</var>
<arg>Page Should Contain</arg>
<arg>${pattern}</arg>
<doc>Runs the given keyword with given arguments and returns the status as a Boolean value.</doc>
<status status="PASS" start="2025-07-30T12:59:55.745911" elapsed="4.151625"/>
</kw>
<kw name="Run Keyword If" owner="BuiltIn">
<arg>${found}</arg>
<arg>Log</arg>
<arg>Found logout pattern: ${pattern}</arg>
<doc>Runs the given keyword with the given arguments, if ``condition`` is true.</doc>
<status status="PASS" start="2025-07-30T12:59:59.897536" elapsed="0.000000"/>
</kw>
<var name="${pattern}">sign out</var>
<status status="PASS" start="2025-07-30T12:59:55.745911" elapsed="4.152764"/>
</iter>
<iter>
<kw name="Run Keyword And Return Status" owner="BuiltIn">
<kw name="Page Should Contain" owner="SeleniumLibrary">
<msg time="2025-07-30T13:00:04.065724" level="INFO" html="true">&lt;/td&gt;&lt;/tr&gt;&lt;tr&gt;&lt;td colspan="3"&gt;&lt;a href="selenium-screenshot-60.png"&gt;&lt;img src="selenium-screenshot-60.png" width="800px"&gt;&lt;/a&gt;</msg>
<msg time="2025-07-30T13:00:04.065724" level="FAIL">Page should have contained text 'disconnect' but did not.</msg>
<arg>${pattern}</arg>
<doc>Verifies that current page contains ``text``.</doc>
<status status="FAIL" start="2025-07-30T12:59:59.898675" elapsed="4.167049">Page should have contained text 'disconnect' but did not.</status>
</kw>
<msg time="2025-07-30T13:00:04.065724" level="INFO">${found} = False</msg>
<var>${found}</var>
<arg>Page Should Contain</arg>
<arg>${pattern}</arg>
<doc>Runs the given keyword with given arguments and returns the status as a Boolean value.</doc>
<status status="PASS" start="2025-07-30T12:59:59.898675" elapsed="4.167049"/>
</kw>
<kw name="Run Keyword If" owner="BuiltIn">
<arg>${found}</arg>
<arg>Log</arg>
<arg>Found logout pattern: ${pattern}</arg>
<doc>Runs the given keyword with the given arguments, if ``condition`` is true.</doc>
<status status="PASS" start="2025-07-30T13:00:04.066725" elapsed="0.000000"/>
</kw>
<var name="${pattern}">disconnect</var>
<status status="PASS" start="2025-07-30T12:59:59.898675" elapsed="4.168050"/>
</iter>
<iter>
<kw name="Run Keyword And Return Status" owner="BuiltIn">
<kw name="Page Should Contain" owner="SeleniumLibrary">
<msg time="2025-07-30T13:00:08.249023" level="INFO" html="true">&lt;/td&gt;&lt;/tr&gt;&lt;tr&gt;&lt;td colspan="3"&gt;&lt;a href="selenium-screenshot-61.png"&gt;&lt;img src="selenium-screenshot-61.png" width="800px"&gt;&lt;/a&gt;</msg>
<msg time="2025-07-30T13:00:08.250035" level="FAIL">Page should have contained text 'déconnexion' but did not.</msg>
<arg>${pattern}</arg>
<doc>Verifies that current page contains ``text``.</doc>
<status status="FAIL" start="2025-07-30T13:00:04.066725" elapsed="4.183310">Page should have contained text 'déconnexion' but did not.</status>
</kw>
<msg time="2025-07-30T13:00:08.251029" level="INFO">${found} = False</msg>
<var>${found}</var>
<arg>Page Should Contain</arg>
<arg>${pattern}</arg>
<doc>Runs the given keyword with given arguments and returns the status as a Boolean value.</doc>
<status status="PASS" start="2025-07-30T13:00:04.066725" elapsed="4.184304"/>
</kw>
<kw name="Run Keyword If" owner="BuiltIn">
<arg>${found}</arg>
<arg>Log</arg>
<arg>Found logout pattern: ${pattern}</arg>
<doc>Runs the given keyword with the given arguments, if ``condition`` is true.</doc>
<status status="PASS" start="2025-07-30T13:00:08.251029" elapsed="0.000000"/>
</kw>
<var name="${pattern}">déconnexion</var>
<status status="PASS" start="2025-07-30T13:00:04.066725" elapsed="4.184304"/>
</iter>
<var>${pattern}</var>
<value>@{logout_patterns}</value>
<status status="PASS" start="2025-07-30T12:59:51.532699" elapsed="16.718330"/>
</for>
<status status="PASS" start="2025-07-30T12:59:49.466199" elapsed="18.784830"/>
</kw>
<kw name="Close Browser" owner="SeleniumLibrary" type="TEARDOWN">
<doc>Closes the current browser.</doc>
<status status="PASS" start="2025-07-30T13:00:08.252025" elapsed="3.775435"/>
</kw>
<doc>Test pour déboguer les éléments de la page après inscription</doc>
<tag>debug</tag>
<status status="PASS" start="2025-07-30T12:59:37.903558" elapsed="34.123902"/>
</test>
<kw name="Log" owner="BuiltIn" type="TEARDOWN">
<msg time="2025-07-30T13:00:12.028920" level="INFO">Suite de tests e-commerce terminée</msg>
<arg>Suite de tests e-commerce terminée</arg>
<doc>Logs the given message with the given level.</doc>
<status status="PASS" start="2025-07-30T13:00:12.028920" elapsed="0.000000"/>
</kw>
<doc>Tests automatisés pour application e-commerce Angular</doc>
<status status="PASS" start="2025-07-30T12:56:39.726262" elapsed="212.302658"/>
</suite>
<statistics>
<total>
<stat pass="12" fail="0" skip="0">All Tests</stat>
</total>
<tag>
<stat pass="3" fail="0" skip="0">authentication</stat>
<stat pass="1" fail="0" skip="0">complete</stat>
<stat pass="3" fail="0" skip="0">critical</stat>
<stat pass="1" fail="0" skip="0">debug</stat>
<stat pass="1" fail="0" skip="0">functional</stat>
<stat pass="3" fail="0" skip="0">navigation</stat>
<stat pass="3" fail="0" skip="0">negative</stat>
<stat pass="1" fail="0" skip="0">prerequisite</stat>
<stat pass="2" fail="0" skip="0">registration</stat>
<stat pass="1" fail="0" skip="0">smoke</stat>
<stat pass="5" fail="0" skip="0">ui</stat>
<stat pass="1" fail="0" skip="0">workflow</stat>
</tag>
<suite>
<stat name="Hello" id="s1" pass="12" fail="0" skip="0">Hello</stat>
</suite>
</statistics>
<errors>
<msg time="2025-07-30T12:56:39.719268" level="WARN">Error in file 'C:\Users\gigab\Downloads\E-commerce-App-main\robot-tests\hello.robot' on line 202: The '[Return]' setting is deprecated. Use the 'RETURN' statement instead.</msg>
</errors>
</robot>
