<?xml version="1.0" encoding="UTF-8"?>
<robot generator="Robot 7.3.2 (Python 3.13.1 on win32)" generated="2025-07-15T14:04:21.271873" rpa="false" schemaversion="5">
<suite id="s1" name="Hello" source="C:\Users\lenovo\E-commerce-App-main\robot-tests\hello.robot">
<kw name="Log" owner="BuiltIn" type="SETUP">
<msg time="2025-07-15T14:04:21.749895" level="INFO">Suite de tests e-commerce démarrée</msg>
<arg>Suite de tests e-commerce démarrée</arg>
<doc>Logs the given message with the given level.</doc>
<status status="PASS" start="2025-07-15T14:04:21.749705" elapsed="0.000282"/>
</kw>
<test id="s1-t1" name="TC001 - Vérifier le chargement de la page d'accueil" line="230">
<kw name="Open Browser Setup" type="SETUP">
<kw name="Open Browser" owner="SeleniumLibrary">
<msg time="2025-07-15T14:04:21.751421" level="INFO">Opening browser 'firefox' to base url 'http://localhost:4200'.</msg>
<arg>${BASE_URL}</arg>
<arg>${BROWSER}</arg>
<doc>Opens a new browser instance to the optional ``url``.</doc>
<status status="PASS" start="2025-07-15T14:04:21.751193" elapsed="10.889237"/>
</kw>
<kw name="Maximize Browser Window" owner="SeleniumLibrary">
<doc>Maximizes current browser window.</doc>
<status status="PASS" start="2025-07-15T14:04:32.640728" elapsed="0.263060"/>
</kw>
<kw name="Set Selenium Timeout" owner="SeleniumLibrary">
<arg>${TIMEOUT}</arg>
<doc>Sets the timeout that is used by various keywords.</doc>
<status status="PASS" start="2025-07-15T14:04:32.904447" elapsed="0.003626"/>
</kw>
<kw name="Wait Until Page Contains Element" owner="SeleniumLibrary">
<arg>css:body</arg>
<arg>timeout=${TIMEOUT}</arg>
<doc>Waits until the element ``locator`` appears on the current page.</doc>
<status status="PASS" start="2025-07-15T14:04:32.908372" elapsed="0.015373"/>
</kw>
<status status="PASS" start="2025-07-15T14:04:21.750893" elapsed="11.173000"/>
</kw>
<kw name="Navigate To Home Page">
<kw name="Go To" owner="SeleniumLibrary">
<msg time="2025-07-15T14:04:32.925188" level="INFO">Opening url 'http://localhost:4200/home'</msg>
<arg>${BASE_URL}${HOME_ROUTE}</arg>
<doc>Navigates the current browser window to the provided ``url``.</doc>
<status status="PASS" start="2025-07-15T14:04:32.924925" elapsed="0.994118"/>
</kw>
<kw name="Wait Until Page Contains Element" owner="SeleniumLibrary">
<arg>css:body</arg>
<arg>timeout=${TIMEOUT}</arg>
<doc>Waits until the element ``locator`` appears on the current page.</doc>
<status status="PASS" start="2025-07-15T14:04:33.919400" elapsed="0.009539"/>
</kw>
<kw name="Page Should Contain Element" owner="SeleniumLibrary">
<msg time="2025-07-15T14:04:33.932670" level="INFO">Current page contains element 'css:.product-grid'.</msg>
<arg>${PRODUCT_GRID}</arg>
<doc>Verifies that element ``locator`` is found on the current page.</doc>
<status status="PASS" start="2025-07-15T14:04:33.929206" elapsed="0.003562"/>
</kw>
<status status="PASS" start="2025-07-15T14:04:32.924417" elapsed="1.008464"/>
</kw>
<kw name="Page Should Contain Element" owner="SeleniumLibrary">
<msg time="2025-07-15T14:04:33.941518" level="INFO">Current page contains element 'css:.product-grid'.</msg>
<arg>${PRODUCT_GRID}</arg>
<doc>Verifies that element ``locator`` is found on the current page.</doc>
<status status="PASS" start="2025-07-15T14:04:33.933225" elapsed="0.008489"/>
</kw>
<kw name="Close Browser And Capture On Failure" type="TEARDOWN">
<kw name="Run Keyword If Test Failed" owner="BuiltIn">
<arg>Capture Page Screenshot</arg>
<arg>failure-{index}.png</arg>
<doc>Runs the given keyword with the given arguments, if the test failed.</doc>
<status status="PASS" start="2025-07-15T14:04:33.943106" elapsed="0.000233"/>
</kw>
<kw name="Run Keyword If Test Failed" owner="BuiltIn">
<arg>Log Source</arg>
<doc>Runs the given keyword with the given arguments, if the test failed.</doc>
<status status="PASS" start="2025-07-15T14:04:33.943617" elapsed="0.000246"/>
</kw>
<kw name="Close Browser" owner="SeleniumLibrary">
<doc>Closes the current browser.</doc>
<status status="PASS" start="2025-07-15T14:04:33.944151" elapsed="3.231144"/>
</kw>
<status status="PASS" start="2025-07-15T14:04:33.942530" elapsed="3.233082"/>
</kw>
<doc>Vérifier que la page d'accueil se charge correctement</doc>
<tag>smoke</tag>
<tag>ui</tag>
<status status="PASS" start="2025-07-15T14:04:21.750141" elapsed="15.425948"/>
</test>
<test id="s1-t2" name="TC002 - Navigation vers la page de connexion" line="236">
<kw name="Open Browser Setup" type="SETUP">
<kw name="Open Browser" owner="SeleniumLibrary">
<msg time="2025-07-15T14:04:37.179548" level="INFO">Opening browser 'firefox' to base url 'http://localhost:4200'.</msg>
<arg>${BASE_URL}</arg>
<arg>${BROWSER}</arg>
<doc>Opens a new browser instance to the optional ``url``.</doc>
<status status="PASS" start="2025-07-15T14:04:37.179172" elapsed="10.519581"/>
</kw>
<kw name="Maximize Browser Window" owner="SeleniumLibrary">
<doc>Maximizes current browser window.</doc>
<status status="PASS" start="2025-07-15T14:04:47.699330" elapsed="0.271829"/>
</kw>
<kw name="Set Selenium Timeout" owner="SeleniumLibrary">
<arg>${TIMEOUT}</arg>
<doc>Sets the timeout that is used by various keywords.</doc>
<status status="PASS" start="2025-07-15T14:04:47.971750" elapsed="0.004091"/>
</kw>
<kw name="Wait Until Page Contains Element" owner="SeleniumLibrary">
<arg>css:body</arg>
<arg>timeout=${TIMEOUT}</arg>
<doc>Waits until the element ``locator`` appears on the current page.</doc>
<status status="PASS" start="2025-07-15T14:04:47.976151" elapsed="0.017015"/>
</kw>
<status status="PASS" start="2025-07-15T14:04:37.178655" elapsed="10.814665"/>
</kw>
<kw name="Navigate To Login Page">
<kw name="Go To" owner="SeleniumLibrary">
<msg time="2025-07-15T14:04:47.994505" level="INFO">Opening url 'http://localhost:4200/login'</msg>
<arg>${BASE_URL}${LOGIN_ROUTE}</arg>
<doc>Navigates the current browser window to the provided ``url``.</doc>
<status status="PASS" start="2025-07-15T14:04:47.994286" elapsed="0.272964"/>
</kw>
<kw name="Wait Until Page Contains Element" owner="SeleniumLibrary">
<arg>${LOGIN_EMAIL_INPUT}</arg>
<arg>timeout=${TIMEOUT}</arg>
<doc>Waits until the element ``locator`` appears on the current page.</doc>
<status status="PASS" start="2025-07-15T14:04:48.267442" elapsed="0.005902"/>
</kw>
<kw name="Page Should Contain" owner="SeleniumLibrary">
<msg time="2025-07-15T14:04:48.282048" level="INFO">Current page contains text 'Sign in'.</msg>
<arg>Sign in</arg>
<doc>Verifies that current page contains ``text``.</doc>
<status status="PASS" start="2025-07-15T14:04:48.273572" elapsed="0.008566"/>
</kw>
<status status="PASS" start="2025-07-15T14:04:47.993890" elapsed="0.288340"/>
</kw>
<kw name="Page Should Contain" owner="SeleniumLibrary">
<msg time="2025-07-15T14:04:48.287662" level="INFO">Current page contains text 'Sign in'.</msg>
<arg>Sign in</arg>
<doc>Verifies that current page contains ``text``.</doc>
<status status="PASS" start="2025-07-15T14:04:48.282516" elapsed="0.005247"/>
</kw>
<kw name="Page Should Contain Element" owner="SeleniumLibrary">
<msg time="2025-07-15T14:04:48.290502" level="INFO">Current page contains element 'css:#form2Example1'.</msg>
<arg>${LOGIN_EMAIL_INPUT}</arg>
<doc>Verifies that element ``locator`` is found on the current page.</doc>
<status status="PASS" start="2025-07-15T14:04:48.288132" elapsed="0.002475"/>
</kw>
<kw name="Page Should Contain Element" owner="SeleniumLibrary">
<msg time="2025-07-15T14:04:48.293995" level="INFO">Current page contains element 'css:#form2Example2'.</msg>
<arg>${LOGIN_PASSWORD_INPUT}</arg>
<doc>Verifies that element ``locator`` is found on the current page.</doc>
<status status="PASS" start="2025-07-15T14:04:48.290987" elapsed="0.003139"/>
</kw>
<kw name="Page Should Contain Element" owner="SeleniumLibrary">
<msg time="2025-07-15T14:04:48.297612" level="INFO">Current page contains element 'css:#form2Example31'.</msg>
<arg>${REMEMBER_CHECKBOX}</arg>
<doc>Verifies that element ``locator`` is found on the current page.</doc>
<status status="PASS" start="2025-07-15T14:04:48.294568" elapsed="0.003139"/>
</kw>
<kw name="Close Browser And Capture On Failure" type="TEARDOWN">
<kw name="Run Keyword If Test Failed" owner="BuiltIn">
<arg>Capture Page Screenshot</arg>
<arg>failure-{index}.png</arg>
<doc>Runs the given keyword with the given arguments, if the test failed.</doc>
<status status="PASS" start="2025-07-15T14:04:48.298721" elapsed="0.000119"/>
</kw>
<kw name="Run Keyword If Test Failed" owner="BuiltIn">
<arg>Log Source</arg>
<doc>Runs the given keyword with the given arguments, if the test failed.</doc>
<status status="PASS" start="2025-07-15T14:04:48.298961" elapsed="0.000084"/>
</kw>
<kw name="Close Browser" owner="SeleniumLibrary">
<doc>Closes the current browser.</doc>
<status status="PASS" start="2025-07-15T14:04:48.299153" elapsed="2.897936"/>
</kw>
<status status="PASS" start="2025-07-15T14:04:48.298390" elapsed="2.899219"/>
</kw>
<doc>Vérifier la navigation vers la page de connexion</doc>
<tag>navigation</tag>
<tag>ui</tag>
<status status="PASS" start="2025-07-15T14:04:37.177672" elapsed="14.020845"/>
</test>
<test id="s1-t3" name="TC003 - Navigation vers la page d'inscription" line="245">
<kw name="Open Browser Setup" type="SETUP">
<kw name="Open Browser" owner="SeleniumLibrary">
<msg time="2025-07-15T14:04:51.204546" level="INFO">Opening browser 'firefox' to base url 'http://localhost:4200'.</msg>
<arg>${BASE_URL}</arg>
<arg>${BROWSER}</arg>
<doc>Opens a new browser instance to the optional ``url``.</doc>
<status status="PASS" start="2025-07-15T14:04:51.203912" elapsed="11.229019"/>
</kw>
<kw name="Maximize Browser Window" owner="SeleniumLibrary">
<doc>Maximizes current browser window.</doc>
<status status="PASS" start="2025-07-15T14:05:02.433798" elapsed="0.271927"/>
</kw>
<kw name="Set Selenium Timeout" owner="SeleniumLibrary">
<arg>${TIMEOUT}</arg>
<doc>Sets the timeout that is used by various keywords.</doc>
<status status="PASS" start="2025-07-15T14:05:02.706396" elapsed="0.002949"/>
</kw>
<kw name="Wait Until Page Contains Element" owner="SeleniumLibrary">
<arg>css:body</arg>
<arg>timeout=${TIMEOUT}</arg>
<doc>Waits until the element ``locator`` appears on the current page.</doc>
<status status="PASS" start="2025-07-15T14:05:02.709547" elapsed="0.012463"/>
</kw>
<status status="PASS" start="2025-07-15T14:04:51.203108" elapsed="11.519157"/>
</kw>
<kw name="Navigate To Register Page">
<kw name="Go To" owner="SeleniumLibrary">
<msg time="2025-07-15T14:05:02.723654" level="INFO">Opening url 'http://localhost:4200/sign-up'</msg>
<arg>${BASE_URL}${SIGNUP_ROUTE}</arg>
<doc>Navigates the current browser window to the provided ``url``.</doc>
<status status="PASS" start="2025-07-15T14:05:02.723426" elapsed="0.268663"/>
</kw>
<kw name="Wait Until Page Contains Element" owner="SeleniumLibrary">
<arg>${REGISTER_EMAIL_INPUT}</arg>
<arg>timeout=${TIMEOUT}</arg>
<doc>Waits until the element ``locator`` appears on the current page.</doc>
<status status="PASS" start="2025-07-15T14:05:02.992296" elapsed="0.003451"/>
</kw>
<kw name="Page Should Contain" owner="SeleniumLibrary">
<msg time="2025-07-15T14:05:03.003302" level="INFO">Current page contains text 'Register'.</msg>
<arg>Register</arg>
<doc>Verifies that current page contains ``text``.</doc>
<status status="PASS" start="2025-07-15T14:05:02.995987" elapsed="0.007458"/>
</kw>
<status status="PASS" start="2025-07-15T14:05:02.722914" elapsed="0.280692"/>
</kw>
<kw name="Page Should Contain" owner="SeleniumLibrary">
<msg time="2025-07-15T14:05:03.010177" level="INFO">Current page contains text 'Register'.</msg>
<arg>Register</arg>
<doc>Verifies that current page contains ``text``.</doc>
<status status="PASS" start="2025-07-15T14:05:03.003967" elapsed="0.006318"/>
</kw>
<kw name="Page Should Contain Element" owner="SeleniumLibrary">
<msg time="2025-07-15T14:05:03.012772" level="INFO">Current page contains element 'css:#form2Example1'.</msg>
<arg>${REGISTER_EMAIL_INPUT}</arg>
<doc>Verifies that element ``locator`` is found on the current page.</doc>
<status status="PASS" start="2025-07-15T14:05:03.010548" elapsed="0.002306"/>
</kw>
<kw name="Page Should Contain Element" owner="SeleniumLibrary">
<msg time="2025-07-15T14:05:03.015675" level="INFO">Current page contains element 'css:#form2Example3'.</msg>
<arg>${REGISTER_USERNAME_INPUT}</arg>
<doc>Verifies that element ``locator`` is found on the current page.</doc>
<status status="PASS" start="2025-07-15T14:05:03.013114" elapsed="0.002649"/>
</kw>
<kw name="Page Should Contain Element" owner="SeleniumLibrary">
<msg time="2025-07-15T14:05:03.019073" level="INFO">Current page contains element 'css:#form2Example2'.</msg>
<arg>${REGISTER_PASSWORD_INPUT}</arg>
<doc>Verifies that element ``locator`` is found on the current page.</doc>
<status status="PASS" start="2025-07-15T14:05:03.016032" elapsed="0.003164"/>
</kw>
<kw name="Close Browser And Capture On Failure" type="TEARDOWN">
<kw name="Run Keyword If Test Failed" owner="BuiltIn">
<arg>Capture Page Screenshot</arg>
<arg>failure-{index}.png</arg>
<doc>Runs the given keyword with the given arguments, if the test failed.</doc>
<status status="PASS" start="2025-07-15T14:05:03.020253" elapsed="0.000209"/>
</kw>
<kw name="Run Keyword If Test Failed" owner="BuiltIn">
<arg>Log Source</arg>
<doc>Runs the given keyword with the given arguments, if the test failed.</doc>
<status status="PASS" start="2025-07-15T14:05:03.020707" elapsed="0.000179"/>
</kw>
<kw name="Close Browser" owner="SeleniumLibrary">
<doc>Closes the current browser.</doc>
<status status="PASS" start="2025-07-15T14:05:03.021177" elapsed="2.955455"/>
</kw>
<status status="PASS" start="2025-07-15T14:05:03.019723" elapsed="2.957163"/>
</kw>
<doc>Vérifier la navigation vers la page d'inscription</doc>
<tag>navigation</tag>
<tag>ui</tag>
<status status="PASS" start="2025-07-15T14:04:51.201595" elapsed="14.775741"/>
</test>
<test id="s1-t4" name="TC004 - Inscription avec des données valides" line="254">
<kw name="Open Browser Setup" type="SETUP">
<kw name="Open Browser" owner="SeleniumLibrary">
<msg time="2025-07-15T14:05:05.981292" level="INFO">Opening browser 'firefox' to base url 'http://localhost:4200'.</msg>
<arg>${BASE_URL}</arg>
<arg>${BROWSER}</arg>
<doc>Opens a new browser instance to the optional ``url``.</doc>
<status status="PASS" start="2025-07-15T14:05:05.980847" elapsed="10.485034"/>
</kw>
<kw name="Maximize Browser Window" owner="SeleniumLibrary">
<doc>Maximizes current browser window.</doc>
<status status="PASS" start="2025-07-15T14:05:16.466123" elapsed="0.273283"/>
</kw>
<kw name="Set Selenium Timeout" owner="SeleniumLibrary">
<arg>${TIMEOUT}</arg>
<doc>Sets the timeout that is used by various keywords.</doc>
<status status="PASS" start="2025-07-15T14:05:16.739826" elapsed="0.003306"/>
</kw>
<kw name="Wait Until Page Contains Element" owner="SeleniumLibrary">
<arg>css:body</arg>
<arg>timeout=${TIMEOUT}</arg>
<doc>Waits until the element ``locator`` appears on the current page.</doc>
<status status="PASS" start="2025-07-15T14:05:16.743423" elapsed="0.017289"/>
</kw>
<status status="PASS" start="2025-07-15T14:05:05.980263" elapsed="10.780601"/>
</kw>
<kw name="Get Current Date" owner="DateTime">
<msg time="2025-07-15T14:05:16.761719" level="INFO">${timestamp} = 20250715140516</msg>
<var>${timestamp}</var>
<arg>result_format=%Y%m%d%H%M%S</arg>
<doc>Returns current local or UTC time with an optional increment.</doc>
<status status="PASS" start="2025-07-15T14:05:16.761289" elapsed="0.000474"/>
</kw>
<kw name="Set Variable" owner="BuiltIn">
<msg time="2025-07-15T14:05:16.762276" level="INFO">${unique_email} = test20250715140516@example.com</msg>
<var>${unique_email}</var>
<arg>test${timestamp}@example.com</arg>
<doc>Returns the given values which can then be assigned to a variables.</doc>
<status status="PASS" start="2025-07-15T14:05:16.762019" elapsed="0.000312"/>
</kw>
<kw name="Set Variable" owner="BuiltIn">
<msg time="2025-07-15T14:05:16.762804" level="INFO">${unique_username} = testuser20250715140516</msg>
<var>${unique_username}</var>
<arg>testuser${timestamp}</arg>
<doc>Returns the given values which can then be assigned to a variables.</doc>
<status status="PASS" start="2025-07-15T14:05:16.762601" elapsed="0.000249"/>
</kw>
<kw name="Set Variable" owner="BuiltIn">
<msg time="2025-07-15T14:05:16.763373" level="INFO">${password} = Test123!</msg>
<var>${password}</var>
<arg>Test123!</arg>
<doc>Returns the given values which can then be assigned to a variables.</doc>
<status status="PASS" start="2025-07-15T14:05:16.763191" elapsed="0.000219"/>
</kw>
<kw name="Set Suite Variable" owner="BuiltIn">
<msg time="2025-07-15T14:05:16.764057" level="INFO">${REGISTERED_EMAIL} = test20250715140516@example.com</msg>
<arg>${REGISTERED_EMAIL}</arg>
<arg>${unique_email}</arg>
<doc>Makes a variable available everywhere within the scope of the current suite.</doc>
<status status="PASS" start="2025-07-15T14:05:16.763813" elapsed="0.000317"/>
</kw>
<kw name="Set Suite Variable" owner="BuiltIn">
<msg time="2025-07-15T14:05:16.764658" level="INFO">${REGISTERED_USERNAME} = testuser20250715140516</msg>
<arg>${REGISTERED_USERNAME}</arg>
<arg>${unique_username}</arg>
<doc>Makes a variable available everywhere within the scope of the current suite.</doc>
<status status="PASS" start="2025-07-15T14:05:16.764437" elapsed="0.000278"/>
</kw>
<kw name="Set Suite Variable" owner="BuiltIn">
<msg time="2025-07-15T14:05:16.765203" level="INFO">${REGISTERED_PASSWORD} = Test123!</msg>
<arg>${REGISTERED_PASSWORD}</arg>
<arg>${password}</arg>
<doc>Makes a variable available everywhere within the scope of the current suite.</doc>
<status status="PASS" start="2025-07-15T14:05:16.764983" elapsed="0.000274"/>
</kw>
<kw name="Navigate To Register Page">
<kw name="Go To" owner="SeleniumLibrary">
<msg time="2025-07-15T14:05:16.766021" level="INFO">Opening url 'http://localhost:4200/sign-up'</msg>
<arg>${BASE_URL}${SIGNUP_ROUTE}</arg>
<doc>Navigates the current browser window to the provided ``url``.</doc>
<status status="PASS" start="2025-07-15T14:05:16.765840" elapsed="0.278834"/>
</kw>
<kw name="Wait Until Page Contains Element" owner="SeleniumLibrary">
<arg>${REGISTER_EMAIL_INPUT}</arg>
<arg>timeout=${TIMEOUT}</arg>
<doc>Waits until the element ``locator`` appears on the current page.</doc>
<status status="PASS" start="2025-07-15T14:05:17.044901" elapsed="0.004244"/>
</kw>
<kw name="Page Should Contain" owner="SeleniumLibrary">
<msg time="2025-07-15T14:05:17.059307" level="INFO">Current page contains text 'Register'.</msg>
<arg>Register</arg>
<doc>Verifies that current page contains ``text``.</doc>
<status status="PASS" start="2025-07-15T14:05:17.049370" elapsed="0.010039"/>
</kw>
<status status="PASS" start="2025-07-15T14:05:16.765569" elapsed="0.293944"/>
</kw>
<kw name="Wait Until Element Is Visible" owner="SeleniumLibrary">
<arg>${REGISTER_EMAIL_INPUT}</arg>
<arg>timeout=${TIMEOUT}</arg>
<doc>Waits until the element ``locator`` is visible.</doc>
<status status="PASS" start="2025-07-15T14:05:17.060035" elapsed="0.014765"/>
</kw>
<kw name="Input Text" owner="SeleniumLibrary">
<msg time="2025-07-15T14:05:17.075729" level="INFO">Typing text 'test20250715140516@example.com' into text field 'css:#form2Example1'.</msg>
<arg>${REGISTER_EMAIL_INPUT}</arg>
<arg>${unique_email}</arg>
<doc>Types the given ``text`` into the text field identified by ``locator``.</doc>
<status status="PASS" start="2025-07-15T14:05:17.075270" elapsed="0.102602"/>
</kw>
<kw name="Input Text" owner="SeleniumLibrary">
<msg time="2025-07-15T14:05:17.178704" level="INFO">Typing text 'testuser20250715140516' into text field 'css:#form2Example3'.</msg>
<arg>${REGISTER_USERNAME_INPUT}</arg>
<arg>${unique_username}</arg>
<doc>Types the given ``text`` into the text field identified by ``locator``.</doc>
<status status="PASS" start="2025-07-15T14:05:17.178310" elapsed="0.045002"/>
</kw>
<kw name="Input Text" owner="SeleniumLibrary">
<msg time="2025-07-15T14:05:17.224106" level="INFO">Typing text 'Test123!' into text field 'css:#form2Example2'.</msg>
<arg>${REGISTER_PASSWORD_INPUT}</arg>
<arg>${password}</arg>
<doc>Types the given ``text`` into the text field identified by ``locator``.</doc>
<status status="PASS" start="2025-07-15T14:05:17.223820" elapsed="0.021980"/>
</kw>
<kw name="Click Button" owner="SeleniumLibrary">
<msg time="2025-07-15T14:05:17.246540" level="INFO">Clicking button 'css:button[type="submit"]'.</msg>
<arg>${REGISTER_BUTTON}</arg>
<doc>Clicks the button identified by ``locator``.</doc>
<status status="PASS" start="2025-07-15T14:05:17.246196" elapsed="0.249935"/>
</kw>
<kw name="Wait Until Location Is" owner="SeleniumLibrary">
<arg>${BASE_URL}${HOME_ROUTE}</arg>
<arg>timeout=15s</arg>
<doc>Waits until the current URL is ``expected``.</doc>
<status status="PASS" start="2025-07-15T14:05:17.496611" elapsed="1.653018"/>
</kw>
<kw name="Verify Registration Success">
<kw name="Run Keyword And Return Status" owner="BuiltIn">
<kw name="Location Should Be" owner="SeleniumLibrary">
<msg time="2025-07-15T14:05:19.155114" level="INFO">Current location is 'http://localhost:4200/home'.</msg>
<arg>${BASE_URL}${HOME_ROUTE}</arg>
<doc>Verifies that the current URL is exactly ``url``.</doc>
<status status="PASS" start="2025-07-15T14:05:19.151788" elapsed="0.003482"/>
</kw>
<msg time="2025-07-15T14:05:19.155493" level="INFO">${on_home} = True</msg>
<var>${on_home}</var>
<arg>Location Should Be</arg>
<arg>${BASE_URL}${HOME_ROUTE}</arg>
<doc>Runs the given keyword with given arguments and returns the status as a Boolean value.</doc>
<status status="PASS" start="2025-07-15T14:05:19.151422" elapsed="0.004130"/>
</kw>
<kw name="Run Keyword If" owner="BuiltIn">
<kw name="Log" owner="BuiltIn">
<msg time="2025-07-15T14:05:19.156497" level="INFO">Registration successful - redirected to home</msg>
<arg>Registration successful - redirected to home</arg>
<doc>Logs the given message with the given level.</doc>
<status status="PASS" start="2025-07-15T14:05:19.156284" elapsed="0.000317"/>
</kw>
<arg>${on_home}</arg>
<arg>Log</arg>
<arg>Registration successful - redirected to home</arg>
<doc>Runs the given keyword with the given arguments, if ``condition`` is true.</doc>
<status status="PASS" start="2025-07-15T14:05:19.155836" elapsed="0.000892"/>
</kw>
<kw name="Run Keyword If" owner="BuiltIn">
<arg>not ${on_home}</arg>
<arg>Handle Registration Failure</arg>
<doc>Runs the given keyword with the given arguments, if ``condition`` is true.</doc>
<status status="PASS" start="2025-07-15T14:05:19.156971" elapsed="0.000348"/>
</kw>
<status status="PASS" start="2025-07-15T14:05:19.150842" elapsed="0.006619"/>
</kw>
<kw name="Check User Is Logged In">
<kw name="Location Should Be" owner="SeleniumLibrary">
<msg time="2025-07-15T14:05:19.160870" level="INFO">Current location is 'http://localhost:4200/home'.</msg>
<arg>${BASE_URL}${HOME_ROUTE}</arg>
<doc>Verifies that the current URL is exactly ``url``.</doc>
<status status="PASS" start="2025-07-15T14:05:19.158439" elapsed="0.002588"/>
</kw>
<kw name="Run Keyword And Return Status" owner="BuiltIn">
<kw name="Page Should Contain Element" owner="SeleniumLibrary">
<msg time="2025-07-15T14:05:21.313575" level="INFO" html="true">&lt;/td&gt;&lt;/tr&gt;&lt;tr&gt;&lt;td colspan="3"&gt;&lt;a href="selenium-screenshot-146.png"&gt;&lt;img src="selenium-screenshot-146.png" width="800px"&gt;&lt;/a&gt;</msg>
<msg time="2025-07-15T14:05:21.313889" level="FAIL">Page should have contained element 'css:[data-testid="cart-icon"]' but did not.</msg>
<arg>${CART_ICON}</arg>
<doc>Verifies that element ``locator`` is found on the current page.</doc>
<status status="FAIL" start="2025-07-15T14:05:19.161683" elapsed="2.157559">Page should have contained element 'css:[data-testid="cart-icon"]' but did not.</status>
</kw>
<msg time="2025-07-15T14:05:21.319496" level="INFO">${cart_found} = False</msg>
<var>${cart_found}</var>
<arg>Page Should Contain Element</arg>
<arg>${CART_ICON}</arg>
<doc>Runs the given keyword with given arguments and returns the status as a Boolean value.</doc>
<status status="PASS" start="2025-07-15T14:05:19.161339" elapsed="2.158200"/>
</kw>
<kw name="Run Keyword If" owner="BuiltIn">
<kw name="Try Alternative Cart Selector">
<kw name="Run Keyword And Return Status" owner="BuiltIn">
<kw name="Page Should Contain Element" owner="SeleniumLibrary">
<msg time="2025-07-15T14:05:21.404767" level="INFO" html="true">&lt;/td&gt;&lt;/tr&gt;&lt;tr&gt;&lt;td colspan="3"&gt;&lt;a href="selenium-screenshot-147.png"&gt;&lt;img src="selenium-screenshot-147.png" width="800px"&gt;&lt;/a&gt;</msg>
<msg time="2025-07-15T14:05:21.405011" level="FAIL">InvalidSelectorException: Message: Given css selector expression ".cart-icon, css:.fa-shopping-cart, css:[class*="cart"]" is invalid: SyntaxError: Document.querySelectorAll: '.cart-icon, css:.fa-shopping-cart, css:[class*="cart"]' is not a valid selector; For documentation on this error, please visit: https://www.selenium.dev/documentation/webdriver/troubleshooting/errors#invalidselectorexception
Stacktrace:
RemoteError@chrome://remote/content/shared/RemoteError.sys.mjs:8:8
WebDriverError@chrome://remote/content/shared/webdriver/Errors.sys.mjs:199:5
InvalidSelectorError@chrome://remote/content/shared/webdriver/Errors.sys.mjs:452:5
find_@chrome://remote/content/shared/DOM.sys.mjs:170:11
</msg>
<arg>${CART_ICON_ALT}</arg>
<doc>Verifies that element ``locator`` is found on the current page.</doc>
<status status="FAIL" start="2025-07-15T14:05:21.320552" elapsed="0.092359">InvalidSelectorException: Message: Given css selector expression ".cart-icon, css:.fa-shopping-cart, css:[class*="cart"]" is invalid: SyntaxError: Document.querySelectorAll: '.cart-icon, css:.fa-shopping-cart, css:[class*="cart"]' is not a valid selector; For documentation on this error, please visit: https://www.selenium.dev/documentation/webdriver/troubleshooting/errors#invalidselectorexception
Stacktrace:
RemoteError@chrome://remote/content/shared/RemoteError.sys.mjs:8:8
WebDriverError@chrome://remote/content/shared/webdriver/Errors.sys.mjs:199:5
InvalidSelectorError@chrome://remote/content/shared/webdriver/Errors.sys.mjs:452:5
find_@chrome://remote/content/shared/DOM.sys.mjs:170:11
</status>
</kw>
<msg time="2025-07-15T14:05:21.413096" level="INFO">${alt_cart_found} = False</msg>
<var>${alt_cart_found}</var>
<arg>Page Should Contain Element</arg>
<arg>${CART_ICON_ALT}</arg>
<doc>Runs the given keyword with given arguments and returns the status as a Boolean value.</doc>
<status status="PASS" start="2025-07-15T14:05:21.320396" elapsed="0.092737"/>
</kw>
<kw name="Run Keyword If" owner="BuiltIn">
<kw name="Debug Page Elements">
<kw name="Log" owner="BuiltIn">
<msg time="2025-07-15T14:05:21.414108" level="INFO">Debugging page elements after login/registration</msg>
<arg>Debugging page elements after login/registration</arg>
<doc>Logs the given message with the given level.</doc>
<status status="PASS" start="2025-07-15T14:05:21.413986" elapsed="0.000177"/>
</kw>
<kw name="Get WebElements" owner="SeleniumLibrary">
<msg time="2025-07-15T14:05:23.432005" level="INFO">${elements} = []</msg>
<var>${elements}</var>
<arg>css:*[data-testid]</arg>
<doc>Returns a list of WebElement objects matching the ``locator``.</doc>
<status status="PASS" start="2025-07-15T14:05:21.414296" elapsed="2.017998"/>
</kw>
<kw name="Log" owner="BuiltIn">
<msg time="2025-07-15T14:05:23.433784" level="INFO">Found elements with data-testid: []</msg>
<arg>Found elements with data-testid: ${elements}</arg>
<doc>Logs the given message with the given level.</doc>
<status status="PASS" start="2025-07-15T14:05:23.432981" elapsed="0.001042"/>
</kw>
<kw name="Get WebElements" owner="SeleniumLibrary">
<msg time="2025-07-15T14:05:23.464844" level="INFO">${buttons} = [&lt;selenium.webdriver.remote.webelement.WebElement (session="336eacee-1a90-4664-b430-dc6f3039d3f8", element="d10d1861-4795-4dd8-ac87-86be73c0f791")&gt;, &lt;selenium.webdriver.remote.webelement.WebElement (s...</msg>
<var>${buttons}</var>
<arg>css:button</arg>
<doc>Returns a list of WebElement objects matching the ``locator``.</doc>
<status status="PASS" start="2025-07-15T14:05:23.434572" elapsed="0.030490"/>
</kw>
<kw name="Log" owner="BuiltIn">
<msg time="2025-07-15T14:05:23.466690" level="INFO">Found buttons: [&lt;selenium.webdriver.remote.webelement.WebElement (session="336eacee-1a90-4664-b430-dc6f3039d3f8", element="d10d1861-4795-4dd8-ac87-86be73c0f791")&gt;, &lt;selenium.webdriver.remote.webelement.WebElement (session="336eacee-1a90-4664-b430-dc6f3039d3f8", element="15a00223-30ac-45c9-b8ec-83af2200a9ee")&gt;, &lt;selenium.webdriver.remote.webelement.WebElement (session="336eacee-1a90-4664-b430-dc6f3039d3f8", element="69b7023d-6cf1-4c35-a5c6-793e0547bd47")&gt;, &lt;selenium.webdriver.remote.webelement.WebElement (session="336eacee-1a90-4664-b430-dc6f3039d3f8", element="07e6b6bc-17fa-45ce-9632-dbc73d100018")&gt;, &lt;selenium.webdriver.remote.webelement.WebElement (session="336eacee-1a90-4664-b430-dc6f3039d3f8", element="757c558f-41f7-4432-af7f-5538eab10fdb")&gt;, &lt;selenium.webdriver.remote.webelement.WebElement (session="336eacee-1a90-4664-b430-dc6f3039d3f8", element="92558bef-fb95-4598-b6e0-9c64e2e100d0")&gt;, &lt;selenium.webdriver.remote.webelement.WebElement (session="336eacee-1a90-4664-b430-dc6f3039d3f8", element="b0d14aca-34e3-4623-9e4b-1ff96388f460")&gt;, &lt;selenium.webdriver.remote.webelement.WebElement (session="336eacee-1a90-4664-b430-dc6f3039d3f8", element="a7718341-44c7-4ebc-96cb-1b40af54a938")&gt;, &lt;selenium.webdriver.remote.webelement.WebElement (session="336eacee-1a90-4664-b430-dc6f3039d3f8", element="7e1a9410-de0d-4f68-9c2e-4ff08db98aa0")&gt;, &lt;selenium.webdriver.remote.webelement.WebElement (session="336eacee-1a90-4664-b430-dc6f3039d3f8", element="d7f38fbb-a61b-4bd8-934a-9fbb0d766dc9")&gt;, &lt;selenium.webdriver.remote.webelement.WebElement (session="336eacee-1a90-4664-b430-dc6f3039d3f8", element="b032b217-dd1f-44f5-901f-3b5c68cdf982")&gt;, &lt;selenium.webdriver.remote.webelement.WebElement (session="336eacee-1a90-4664-b430-dc6f3039d3f8", element="9fbfc4e0-378a-46b0-8ecc-d4836b4a3102")&gt;, &lt;selenium.webdriver.remote.webelement.WebElement (session="336eacee-1a90-4664-b430-dc6f3039d3f8", element="b00e6290-57ff-4e17-86d5-30108c70f75a")&gt;, &lt;selenium.webdriver.remote.webelement.WebElement (session="336eacee-1a90-4664-b430-dc6f3039d3f8", element="755fe776-5a7c-4f45-be65-de9788541ea1")&gt;, &lt;selenium.webdriver.remote.webelement.WebElement (session="336eacee-1a90-4664-b430-dc6f3039d3f8", element="4be5ab9c-ae20-4bbf-aed3-b1f7b4d0bccb")&gt;, &lt;selenium.webdriver.remote.webelement.WebElement (session="336eacee-1a90-4664-b430-dc6f3039d3f8", element="dc00c6c9-dd08-471a-8155-63571495ae81")&gt;, &lt;selenium.webdriver.remote.webelement.WebElement (session="336eacee-1a90-4664-b430-dc6f3039d3f8", element="9592cb0f-8d75-4d8a-a6b2-d6917e327b49")&gt;, &lt;selenium.webdriver.remote.webelement.WebElement (session="336eacee-1a90-4664-b430-dc6f3039d3f8", element="c5bf8007-721e-4107-a79c-638706961326")&gt;, &lt;selenium.webdriver.remote.webelement.WebElement (session="336eacee-1a90-4664-b430-dc6f3039d3f8", element="568d19bf-e883-41dc-bf24-21cde690cb56")&gt;, &lt;selenium.webdriver.remote.webelement.WebElement (session="336eacee-1a90-4664-b430-dc6f3039d3f8", element="6466f381-f90b-45cf-8989-0a57a56a2117")&gt;, &lt;selenium.webdriver.remote.webelement.WebElement (session="336eacee-1a90-4664-b430-dc6f3039d3f8", element="09f4161e-432f-460e-bf2b-3223d7bbaf4b")&gt;, &lt;selenium.webdriver.remote.webelement.WebElement (session="336eacee-1a90-4664-b430-dc6f3039d3f8", element="8056afd9-d125-46b0-9b38-ac7ad9297d31")&gt;, &lt;selenium.webdriver.remote.webelement.WebElement (session="336eacee-1a90-4664-b430-dc6f3039d3f8", element="935e1ca7-2d9c-4551-807a-eb2e4e5d0c16")&gt;, &lt;selenium.webdriver.remote.webelement.WebElement (session="336eacee-1a90-4664-b430-dc6f3039d3f8", element="881abb38-c5c1-47a1-a474-5ff1c8c41d1a")&gt;, &lt;selenium.webdriver.remote.webelement.WebElement (session="336eacee-1a90-4664-b430-dc6f3039d3f8", element="d1e309fa-68ca-451e-9b97-2190a7597b50")&gt;, &lt;selenium.webdriver.remote.webelement.WebElement (session="336eacee-1a90-4664-b430-dc6f3039d3f8", element="e974ab63-61cc-455c-adcc-e9756988e05a")&gt;, &lt;selenium.webdriver.remote.webelement.WebElement (session="336eacee-1a90-4664-b430-dc6f3039d3f8", element="0b4d34ec-f983-4554-8ab0-3c77bf121596")&gt;, &lt;selenium.webdriver.remote.webelement.WebElement (session="336eacee-1a90-4664-b430-dc6f3039d3f8", element="9c48bed7-75ef-4508-a889-50f828d6526b")&gt;, &lt;selenium.webdriver.remote.webelement.WebElement (session="336eacee-1a90-4664-b430-dc6f3039d3f8", element="1538d428-73b7-4609-936e-979276834bec")&gt;, &lt;selenium.webdriver.remote.webelement.WebElement (session="336eacee-1a90-4664-b430-dc6f3039d3f8", element="7ebd7ad8-be7f-4afd-96eb-1e669bf75217")&gt;, &lt;selenium.webdriver.remote.webelement.WebElement (session="336eacee-1a90-4664-b430-dc6f3039d3f8", element="102ee66f-aa1c-460e-9d63-4baec193c2cb")&gt;, &lt;selenium.webdriver.remote.webelement.WebElement (session="336eacee-1a90-4664-b430-dc6f3039d3f8", element="7669f9c5-1c0f-4198-be28-27abdfa84f5e")&gt;, &lt;selenium.webdriver.remote.webelement.WebElement (session="336eacee-1a90-4664-b430-dc6f3039d3f8", element="2e396320-bca6-4cc4-8736-ae789803dd5b")&gt;, &lt;selenium.webdriver.remote.webelement.WebElement (session="336eacee-1a90-4664-b430-dc6f3039d3f8", element="1df7997f-3fc2-4a54-a57b-768cd55ce408")&gt;, &lt;selenium.webdriver.remote.webelement.WebElement (session="336eacee-1a90-4664-b430-dc6f3039d3f8", element="888ccba4-5424-4b61-9ead-20f2c09731cd")&gt;, &lt;selenium.webdriver.remote.webelement.WebElement (session="336eacee-1a90-4664-b430-dc6f3039d3f8", element="ae2982e8-aeb6-4d84-8d28-030f8dbb73ea")&gt;, &lt;selenium.webdriver.remote.webelement.WebElement (session="336eacee-1a90-4664-b430-dc6f3039d3f8", element="ee9f1025-41ea-4ae7-ade0-930b779445b9")&gt;, &lt;selenium.webdriver.remote.webelement.WebElement (session="336eacee-1a90-4664-b430-dc6f3039d3f8", element="dabac9ba-a5bb-4c33-8311-911467717c5e")&gt;, &lt;selenium.webdriver.remote.webelement.WebElement (session="336eacee-1a90-4664-b430-dc6f3039d3f8", element="628e132a-3e62-4186-8e21-49cdf5226ee9")&gt;, &lt;selenium.webdriver.remote.webelement.WebElement (session="336eacee-1a90-4664-b430-dc6f3039d3f8", element="9ee52290-4b2b-4526-a1c5-1af5907fbbc2")&gt;, &lt;selenium.webdriver.remote.webelement.WebElement (session="336eacee-1a90-4664-b430-dc6f3039d3f8", element="0363f391-4be0-4317-8718-01dcb02f2103")&gt;, &lt;selenium.webdriver.remote.webelement.WebElement (session="336eacee-1a90-4664-b430-dc6f3039d3f8", element="25b0b098-8698-4907-bb8c-6d202e4cd905")&gt;, &lt;selenium.webdriver.remote.webelement.WebElement (session="336eacee-1a90-4664-b430-dc6f3039d3f8", element="48b6f780-fcdb-4e2c-b114-726d5b79a2f5")&gt;, &lt;selenium.webdriver.remote.webelement.WebElement (session="336eacee-1a90-4664-b430-dc6f3039d3f8", element="c8d3ab62-e034-4b39-afc6-01e12a519e0d")&gt;, &lt;selenium.webdriver.remote.webelement.WebElement (session="336eacee-1a90-4664-b430-dc6f3039d3f8", element="50138ad5-2694-4685-9143-a354f1a20517")&gt;, &lt;selenium.webdriver.remote.webelement.WebElement (session="336eacee-1a90-4664-b430-dc6f3039d3f8", element="940c840a-59f7-44f1-ad7b-47ae47d72e74")&gt;, &lt;selenium.webdriver.remote.webelement.WebElement (session="336eacee-1a90-4664-b430-dc6f3039d3f8", element="4dc4f0fa-5024-48de-b5f5-27429e082457")&gt;, &lt;selenium.webdriver.remote.webelement.WebElement (session="336eacee-1a90-4664-b430-dc6f3039d3f8", element="e8bb6d81-85fe-445b-800e-37f15238564f")&gt;, &lt;selenium.webdriver.remote.webelement.WebElement (session="336eacee-1a90-4664-b430-dc6f3039d3f8", element="9f27bfb8-664b-4899-aee4-1f3167123d8a")&gt;, &lt;selenium.webdriver.remote.webelement.WebElement (session="336eacee-1a90-4664-b430-dc6f3039d3f8", element="c3c932ca-5298-4018-9435-0c4254945e1a")&gt;, &lt;selenium.webdriver.remote.webelement.WebElement (session="336eacee-1a90-4664-b430-dc6f3039d3f8", element="e7ea70cb-280c-4f14-a628-0de851775e57")&gt;, &lt;selenium.webdriver.remote.webelement.WebElement (session="336eacee-1a90-4664-b430-dc6f3039d3f8", element="c2b4e103-aea5-49db-80e3-361af7bd271c")&gt;, &lt;selenium.webdriver.remote.webelement.WebElement (session="336eacee-1a90-4664-b430-dc6f3039d3f8", element="2b3e738e-ff87-43dc-8a41-7ab8b0208acf")&gt;, &lt;selenium.webdriver.remote.webelement.WebElement (session="336eacee-1a90-4664-b430-dc6f3039d3f8", element="066ee300-d5b2-4691-8400-0ea614b929e6")&gt;, &lt;selenium.webdriver.remote.webelement.WebElement (session="336eacee-1a90-4664-b430-dc6f3039d3f8", element="5f07ad08-a1f1-4560-b66f-967e4cd081e0")&gt;, &lt;selenium.webdriver.remote.webelement.WebElement (session="336eacee-1a90-4664-b430-dc6f3039d3f8", element="f35a16c1-62d0-4f9b-bbb1-76a4c59d8e3b")&gt;, &lt;selenium.webdriver.remote.webelement.WebElement (session="336eacee-1a90-4664-b430-dc6f3039d3f8", element="73df5942-75f0-4212-988f-2c729429d5fc")&gt;, &lt;selenium.webdriver.remote.webelement.WebElement (session="336eacee-1a90-4664-b430-dc6f3039d3f8", element="6def734f-27c0-431e-b8a7-1fee57e32b15")&gt;, &lt;selenium.webdriver.remote.webelement.WebElement (session="336eacee-1a90-4664-b430-dc6f3039d3f8", element="9d23cc6b-b7d5-46bf-9956-42818250233d")&gt;, &lt;selenium.webdriver.remote.webelement.WebElement (session="336eacee-1a90-4664-b430-dc6f3039d3f8", element="cb1b2366-ad78-44e6-8a34-b5892cf62c17")&gt;, &lt;selenium.webdriver.remote.webelement.WebElement (session="336eacee-1a90-4664-b430-dc6f3039d3f8", element="700445bc-ab6e-4c1c-a18f-41db846a7690")&gt;, &lt;selenium.webdriver.remote.webelement.WebElement (session="336eacee-1a90-4664-b430-dc6f3039d3f8", element="e4357048-7ad9-4172-9bf9-e5c4e8391728")&gt;, &lt;selenium.webdriver.remote.webelement.WebElement (session="336eacee-1a90-4664-b430-dc6f3039d3f8", element="50f3a295-c2e8-4650-b2a1-9f675128a602")&gt;, &lt;selenium.webdriver.remote.webelement.WebElement (session="336eacee-1a90-4664-b430-dc6f3039d3f8", element="2fb5d717-0490-41ff-ac56-901ed7f12bfe")&gt;, &lt;selenium.webdriver.remote.webelement.WebElement (session="336eacee-1a90-4664-b430-dc6f3039d3f8", element="2b39b593-a829-4f08-afe7-83aa3ec4c616")&gt;, &lt;selenium.webdriver.remote.webelement.WebElement (session="336eacee-1a90-4664-b430-dc6f3039d3f8", element="1ef12638-7f5f-43c4-8e5b-55b9a7f0905b")&gt;, &lt;selenium.webdriver.remote.webelement.WebElement (session="336eacee-1a90-4664-b430-dc6f3039d3f8", element="338a57b9-d648-445e-9769-053a6d40b189")&gt;, &lt;selenium.webdriver.remote.webelement.WebElement (session="336eacee-1a90-4664-b430-dc6f3039d3f8", element="89c8e8e1-2a9a-479f-bcf3-498c17e79f48")&gt;, &lt;selenium.webdriver.remote.webelement.WebElement (session="336eacee-1a90-4664-b430-dc6f3039d3f8", element="627f13eb-a29a-49c1-ae01-3b73fb095547")&gt;, &lt;selenium.webdriver.remote.webelement.WebElement (session="336eacee-1a90-4664-b430-dc6f3039d3f8", element="60ae0e65-4ee9-4f37-b548-406ce52d95e0")&gt;, &lt;selenium.webdriver.remote.webelement.WebElement (session="336eacee-1a90-4664-b430-dc6f3039d3f8", element="e8b289d0-31ee-4476-bfdf-3fb6f193370e")&gt;, &lt;selenium.webdriver.remote.webelement.WebElement (session="336eacee-1a90-4664-b430-dc6f3039d3f8", element="45d8b64e-5b8a-46a0-9f56-a23952c9f850")&gt;, &lt;selenium.webdriver.remote.webelement.WebElement (session="336eacee-1a90-4664-b430-dc6f3039d3f8", element="74072c31-9535-48ab-9af6-a7502704aa0b")&gt;, &lt;selenium.webdriver.remote.webelement.WebElement (session="336eacee-1a90-4664-b430-dc6f3039d3f8", element="ea86a4d0-72ed-4f31-9f73-948749ce2a9d")&gt;, &lt;selenium.webdriver.remote.webelement.WebElement (session="336eacee-1a90-4664-b430-dc6f3039d3f8", element="e71c4cbd-b897-4695-8dd1-30ebee48e870")&gt;, &lt;selenium.webdriver.remote.webelement.WebElement (session="336eacee-1a90-4664-b430-dc6f3039d3f8", element="3075169c-f391-4df6-9386-e37ef7539a12")&gt;, &lt;selenium.webdriver.remote.webelement.WebElement (session="336eacee-1a90-4664-b430-dc6f3039d3f8", element="9b6e17cc-6707-4ef9-8220-d32c9956aeb2")&gt;, &lt;selenium.webdriver.remote.webelement.WebElement (session="336eacee-1a90-4664-b430-dc6f3039d3f8", element="fbb3a243-d383-44a4-ac6d-35a6f27dcd6e")&gt;, &lt;selenium.webdriver.remote.webelement.WebElement (session="336eacee-1a90-4664-b430-dc6f3039d3f8", element="c7ef377e-4759-494b-9102-4719fbb06d90")&gt;, &lt;selenium.webdriver.remote.webelement.WebElement (session="336eacee-1a90-4664-b430-dc6f3039d3f8", element="58757204-24c8-43fb-b687-c3fb69dd7b0a")&gt;, &lt;selenium.webdriver.remote.webelement.WebElement (session="336eacee-1a90-4664-b430-dc6f3039d3f8", element="07be0022-45d4-4ea2-a127-db535869fa96")&gt;, &lt;selenium.webdriver.remote.webelement.WebElement (session="336eacee-1a90-4664-b430-dc6f3039d3f8", element="e886271f-a9e4-4e09-bd90-6cd57fb4e790")&gt;, &lt;selenium.webdriver.remote.webelement.WebElement (session="336eacee-1a90-4664-b430-dc6f3039d3f8", element="c75ecb74-aab1-4487-8972-58a149297ca4")&gt;, &lt;selenium.webdriver.remote.webelement.WebElement (session="336eacee-1a90-4664-b430-dc6f3039d3f8", element="5b1e56aa-8380-468e-bbc9-4f5f729e8180")&gt;, &lt;selenium.webdriver.remote.webelement.WebElement (session="336eacee-1a90-4664-b430-dc6f3039d3f8", element="ff86c5cd-11da-46e0-a21c-3e74a97afe47")&gt;, &lt;selenium.webdriver.remote.webelement.WebElement (session="336eacee-1a90-4664-b430-dc6f3039d3f8", element="ae015196-1ac8-4059-94d1-a0d7d03c5bbf")&gt;, &lt;selenium.webdriver.remote.webelement.WebElement (session="336eacee-1a90-4664-b430-dc6f3039d3f8", element="34fb035c-4e62-46ed-8300-5bf91831be36")&gt;, &lt;selenium.webdriver.remote.webelement.WebElement (session="336eacee-1a90-4664-b430-dc6f3039d3f8", element="f2bb4839-7507-49b0-83f8-6c8dce226442")&gt;, &lt;selenium.webdriver.remote.webelement.WebElement (session="336eacee-1a90-4664-b430-dc6f3039d3f8", element="9252518e-e766-47a8-a142-934104c5d7bf")&gt;, &lt;selenium.webdriver.remote.webelement.WebElement (session="336eacee-1a90-4664-b430-dc6f3039d3f8", element="e7d58c6e-8531-466a-ab26-f05235733447")&gt;, &lt;selenium.webdriver.remote.webelement.WebElement (session="336eacee-1a90-4664-b430-dc6f3039d3f8", element="980c6d9a-e6dc-49c1-b908-d3bdc113e5a6")&gt;, &lt;selenium.webdriver.remote.webelement.WebElement (session="336eacee-1a90-4664-b430-dc6f3039d3f8", element="01778f97-1101-4866-9f30-5d2f6e38b3ce")&gt;, &lt;selenium.webdriver.remote.webelement.WebElement (session="336eacee-1a90-4664-b430-dc6f3039d3f8", element="50b7f6a2-7d6d-495a-b4c1-708accd14d4d")&gt;, &lt;selenium.webdriver.remote.webelement.WebElement (session="336eacee-1a90-4664-b430-dc6f3039d3f8", element="43c1eef1-97e0-46ba-8e99-5d7223d6a926")&gt;]</msg>
<arg>Found buttons: ${buttons}</arg>
<doc>Logs the given message with the given level.</doc>
<status status="PASS" start="2025-07-15T14:05:23.465722" elapsed="0.001786"/>
</kw>
<kw name="Get WebElements" owner="SeleniumLibrary">
<msg time="2025-07-15T14:05:23.478372" level="INFO">${links} = [&lt;selenium.webdriver.remote.webelement.WebElement (session="336eacee-1a90-4664-b430-dc6f3039d3f8", element="99a51d25-1cce-45ae-8a33-a07b3a71c805")&gt;, &lt;selenium.webdriver.remote.webelement.WebElement (s...</msg>
<var>${links}</var>
<arg>css:a</arg>
<doc>Returns a list of WebElement objects matching the ``locator``.</doc>
<status status="PASS" start="2025-07-15T14:05:23.468023" elapsed="0.010421"/>
</kw>
<kw name="Log" owner="BuiltIn">
<msg time="2025-07-15T14:05:23.478974" level="INFO">Found links: [&lt;selenium.webdriver.remote.webelement.WebElement (session="336eacee-1a90-4664-b430-dc6f3039d3f8", element="99a51d25-1cce-45ae-8a33-a07b3a71c805")&gt;, &lt;selenium.webdriver.remote.webelement.WebElement (session="336eacee-1a90-4664-b430-dc6f3039d3f8", element="75c63902-b12f-455c-bd75-36b2b314bf3f")&gt;, &lt;selenium.webdriver.remote.webelement.WebElement (session="336eacee-1a90-4664-b430-dc6f3039d3f8", element="87ba698d-80dd-4a0e-8cb3-674c30cfa5fc")&gt;, &lt;selenium.webdriver.remote.webelement.WebElement (session="336eacee-1a90-4664-b430-dc6f3039d3f8", element="28a3b94f-0ec5-4e4a-ab4c-5684fd4911a8")&gt;, &lt;selenium.webdriver.remote.webelement.WebElement (session="336eacee-1a90-4664-b430-dc6f3039d3f8", element="7f817341-e6e4-4e84-9f6e-e8c344fa1efb")&gt;, &lt;selenium.webdriver.remote.webelement.WebElement (session="336eacee-1a90-4664-b430-dc6f3039d3f8", element="b8d85ac7-d796-479c-b3a0-c824ddeff010")&gt;, &lt;selenium.webdriver.remote.webelement.WebElement (session="336eacee-1a90-4664-b430-dc6f3039d3f8", element="672cc251-5b1a-4ac8-a263-f23cb54b49b2")&gt;, &lt;selenium.webdriver.remote.webelement.WebElement (session="336eacee-1a90-4664-b430-dc6f3039d3f8", element="b8037617-7f2e-496c-b09f-97d536a50748")&gt;, &lt;selenium.webdriver.remote.webelement.WebElement (session="336eacee-1a90-4664-b430-dc6f3039d3f8", element="97b88157-a038-4123-ace7-1bb73d2a267b")&gt;, &lt;selenium.webdriver.remote.webelement.WebElement (session="336eacee-1a90-4664-b430-dc6f3039d3f8", element="f05c0f10-ca7d-41e8-b633-b01f2b3a0ced")&gt;, &lt;selenium.webdriver.remote.webelement.WebElement (session="336eacee-1a90-4664-b430-dc6f3039d3f8", element="ad095c6f-f729-4559-aafe-19862b9b6305")&gt;, &lt;selenium.webdriver.remote.webelement.WebElement (session="336eacee-1a90-4664-b430-dc6f3039d3f8", element="e80d00ca-915c-4ecc-b2a8-1e6368a775db")&gt;, &lt;selenium.webdriver.remote.webelement.WebElement (session="336eacee-1a90-4664-b430-dc6f3039d3f8", element="7ae75fd3-e00f-4d5a-a72d-e4bc3036b658")&gt;, &lt;selenium.webdriver.remote.webelement.WebElement (session="336eacee-1a90-4664-b430-dc6f3039d3f8", element="55fd620a-7a10-4aa6-95d1-6095aa7532af")&gt;, &lt;selenium.webdriver.remote.webelement.WebElement (session="336eacee-1a90-4664-b430-dc6f3039d3f8", element="42cedb79-e9b6-4368-bed4-b2829f97ac24")&gt;, &lt;selenium.webdriver.remote.webelement.WebElement (session="336eacee-1a90-4664-b430-dc6f3039d3f8", element="4a5748b5-62ca-4c9e-9362-eb51313a32ea")&gt;, &lt;selenium.webdriver.remote.webelement.WebElement (session="336eacee-1a90-4664-b430-dc6f3039d3f8", element="cf183304-f53a-415d-8964-969144ae9a88")&gt;, &lt;selenium.webdriver.remote.webelement.WebElement (session="336eacee-1a90-4664-b430-dc6f3039d3f8", element="2db7f4a3-7e23-4cc2-88c8-8fb5479fcb72")&gt;, &lt;selenium.webdriver.remote.webelement.WebElement (session="336eacee-1a90-4664-b430-dc6f3039d3f8", element="f48d29e1-5b69-4820-b5a2-4a9a13f1cd07")&gt;, &lt;selenium.webdriver.remote.webelement.WebElement (session="336eacee-1a90-4664-b430-dc6f3039d3f8", element="1a3f7f0b-267f-488b-8440-4e9e460a74ac")&gt;, &lt;selenium.webdriver.remote.webelement.WebElement (session="336eacee-1a90-4664-b430-dc6f3039d3f8", element="bea0a262-8f6b-489b-b097-50d332ec48a8")&gt;, &lt;selenium.webdriver.remote.webelement.WebElement (session="336eacee-1a90-4664-b430-dc6f3039d3f8", element="02e1e27e-3e5c-4612-9324-62d2519be90f")&gt;, &lt;selenium.webdriver.remote.webelement.WebElement (session="336eacee-1a90-4664-b430-dc6f3039d3f8", element="ddf8e94e-faac-475e-bd96-d8f83e70d468")&gt;, &lt;selenium.webdriver.remote.webelement.WebElement (session="336eacee-1a90-4664-b430-dc6f3039d3f8", element="616e14c5-6729-43ff-90c6-70839f6daacf")&gt;, &lt;selenium.webdriver.remote.webelement.WebElement (session="336eacee-1a90-4664-b430-dc6f3039d3f8", element="4061e625-84a9-40d7-8b66-02c8fa39a6ad")&gt;, &lt;selenium.webdriver.remote.webelement.WebElement (session="336eacee-1a90-4664-b430-dc6f3039d3f8", element="f8708ea7-74d0-4ae9-a926-f856ecfaf9a1")&gt;, &lt;selenium.webdriver.remote.webelement.WebElement (session="336eacee-1a90-4664-b430-dc6f3039d3f8", element="d8ae6a39-7478-47b3-bac1-013328650420")&gt;, &lt;selenium.webdriver.remote.webelement.WebElement (session="336eacee-1a90-4664-b430-dc6f3039d3f8", element="c739fe5d-8e57-4f5f-8b59-9d23d33897c3")&gt;, &lt;selenium.webdriver.remote.webelement.WebElement (session="336eacee-1a90-4664-b430-dc6f3039d3f8", element="74253bb5-17a4-4cb4-b967-32d475d8f0e3")&gt;, &lt;selenium.webdriver.remote.webelement.WebElement (session="336eacee-1a90-4664-b430-dc6f3039d3f8", element="b72ef887-ff8e-4016-b1a9-f1eabf9f4fa4")&gt;, &lt;selenium.webdriver.remote.webelement.WebElement (session="336eacee-1a90-4664-b430-dc6f3039d3f8", element="42ade894-fbff-4c65-87c2-a3444366704c")&gt;, &lt;selenium.webdriver.remote.webelement.WebElement (session="336eacee-1a90-4664-b430-dc6f3039d3f8", element="3d74939f-c903-4836-8721-02c724e3be76")&gt;, &lt;selenium.webdriver.remote.webelement.WebElement (session="336eacee-1a90-4664-b430-dc6f3039d3f8", element="5824b6d5-91c7-4392-b6ac-eab79ac86060")&gt;, &lt;selenium.webdriver.remote.webelement.WebElement (session="336eacee-1a90-4664-b430-dc6f3039d3f8", element="6d9f4ceb-0c07-48dd-b22d-ffb8356c4d7c")&gt;, &lt;selenium.webdriver.remote.webelement.WebElement (session="336eacee-1a90-4664-b430-dc6f3039d3f8", element="2f7a98c5-2d13-4e2c-b220-fe27d0de9ad0")&gt;, &lt;selenium.webdriver.remote.webelement.WebElement (session="336eacee-1a90-4664-b430-dc6f3039d3f8", element="ee718c0d-05c4-498d-9fc4-c79e96a295de")&gt;, &lt;selenium.webdriver.remote.webelement.WebElement (session="336eacee-1a90-4664-b430-dc6f3039d3f8", element="781bdb63-7aa8-47ab-bfe3-d6b72e8ca894")&gt;, &lt;selenium.webdriver.remote.webelement.WebElement (session="336eacee-1a90-4664-b430-dc6f3039d3f8", element="4f992650-417c-4fb2-813c-d34c6849c98a")&gt;, &lt;selenium.webdriver.remote.webelement.WebElement (session="336eacee-1a90-4664-b430-dc6f3039d3f8", element="ac42067e-e9b7-480f-b929-8dcd45077c9c")&gt;, &lt;selenium.webdriver.remote.webelement.WebElement (session="336eacee-1a90-4664-b430-dc6f3039d3f8", element="fbeef430-94c1-4d67-a486-d30cdb998556")&gt;, &lt;selenium.webdriver.remote.webelement.WebElement (session="336eacee-1a90-4664-b430-dc6f3039d3f8", element="e2d2bb29-884a-4a56-bd14-158e2b4d1b8b")&gt;, &lt;selenium.webdriver.remote.webelement.WebElement (session="336eacee-1a90-4664-b430-dc6f3039d3f8", element="c8d0a948-2ecc-4d24-9135-f36eafd9a773")&gt;, &lt;selenium.webdriver.remote.webelement.WebElement (session="336eacee-1a90-4664-b430-dc6f3039d3f8", element="b83c6ac6-12b9-471a-93d6-4b3641d25ecf")&gt;, &lt;selenium.webdriver.remote.webelement.WebElement (session="336eacee-1a90-4664-b430-dc6f3039d3f8", element="8ea93746-f8b6-49d6-9594-a14ce3fc554f")&gt;, &lt;selenium.webdriver.remote.webelement.WebElement (session="336eacee-1a90-4664-b430-dc6f3039d3f8", element="1eab7e8d-9851-464a-b04b-285f6a46446e")&gt;, &lt;selenium.webdriver.remote.webelement.WebElement (session="336eacee-1a90-4664-b430-dc6f3039d3f8", element="40fa9b6c-a20a-4602-8017-4974bc54247a")&gt;, &lt;selenium.webdriver.remote.webelement.WebElement (session="336eacee-1a90-4664-b430-dc6f3039d3f8", element="9f869479-f963-45f5-8946-a88c266a7981")&gt;, &lt;selenium.webdriver.remote.webelement.WebElement (session="336eacee-1a90-4664-b430-dc6f3039d3f8", element="ae11c140-fef8-4d2c-aa14-bfc3296d4f8f")&gt;, &lt;selenium.webdriver.remote.webelement.WebElement (session="336eacee-1a90-4664-b430-dc6f3039d3f8", element="7ebb34d8-2eaa-4d80-af01-699ec75f7f6e")&gt;, &lt;selenium.webdriver.remote.webelement.WebElement (session="336eacee-1a90-4664-b430-dc6f3039d3f8", element="2a97184c-bbea-4c24-8d52-86f91dd90166")&gt;, &lt;selenium.webdriver.remote.webelement.WebElement (session="336eacee-1a90-4664-b430-dc6f3039d3f8", element="bcd7dda3-ee06-4e2e-bb35-37650b171818")&gt;, &lt;selenium.webdriver.remote.webelement.WebElement (session="336eacee-1a90-4664-b430-dc6f3039d3f8", element="3116639c-a687-4dbe-9eed-bfe3efcfe9cd")&gt;, &lt;selenium.webdriver.remote.webelement.WebElement (session="336eacee-1a90-4664-b430-dc6f3039d3f8", element="f93b4ee3-26c1-411e-9ca6-29145272e979")&gt;, &lt;selenium.webdriver.remote.webelement.WebElement (session="336eacee-1a90-4664-b430-dc6f3039d3f8", element="75219fa4-4ca9-41d0-8676-288e62a91de8")&gt;, &lt;selenium.webdriver.remote.webelement.WebElement (session="336eacee-1a90-4664-b430-dc6f3039d3f8", element="26b94789-caea-4990-ab8a-70ea4a382258")&gt;, &lt;selenium.webdriver.remote.webelement.WebElement (session="336eacee-1a90-4664-b430-dc6f3039d3f8", element="4f9c58e7-4eab-4160-9608-a9192fedae1b")&gt;, &lt;selenium.webdriver.remote.webelement.WebElement (session="336eacee-1a90-4664-b430-dc6f3039d3f8", element="cb8c9702-1d90-4768-abc5-145efcf30216")&gt;, &lt;selenium.webdriver.remote.webelement.WebElement (session="336eacee-1a90-4664-b430-dc6f3039d3f8", element="d8da772c-3c34-4abc-ae60-260e53ad5773")&gt;, &lt;selenium.webdriver.remote.webelement.WebElement (session="336eacee-1a90-4664-b430-dc6f3039d3f8", element="48e96cbd-9fb6-4219-9abb-32e88661f8dd")&gt;, &lt;selenium.webdriver.remote.webelement.WebElement (session="336eacee-1a90-4664-b430-dc6f3039d3f8", element="1a65de8f-b058-481b-ba7d-b966bc14c94e")&gt;, &lt;selenium.webdriver.remote.webelement.WebElement (session="336eacee-1a90-4664-b430-dc6f3039d3f8", element="3cf4c9ea-5347-4089-8be0-c47eefd3a958")&gt;, &lt;selenium.webdriver.remote.webelement.WebElement (session="336eacee-1a90-4664-b430-dc6f3039d3f8", element="34af7b63-76e9-42c4-81c7-6169687177cc")&gt;, &lt;selenium.webdriver.remote.webelement.WebElement (session="336eacee-1a90-4664-b430-dc6f3039d3f8", element="9acc6f96-5f34-445e-9989-96ace9a4ac0c")&gt;, &lt;selenium.webdriver.remote.webelement.WebElement (session="336eacee-1a90-4664-b430-dc6f3039d3f8", element="8b9cd3e5-da24-4990-9950-032a26bbb527")&gt;, &lt;selenium.webdriver.remote.webelement.WebElement (session="336eacee-1a90-4664-b430-dc6f3039d3f8", element="042a9aa3-e2b2-40f1-8c2f-03d984b5fa8c")&gt;, &lt;selenium.webdriver.remote.webelement.WebElement (session="336eacee-1a90-4664-b430-dc6f3039d3f8", element="887b83a2-89f8-4a79-b611-74105c86607b")&gt;]</msg>
<arg>Found links: ${links}</arg>
<doc>Logs the given message with the given level.</doc>
<status status="PASS" start="2025-07-15T14:05:23.478678" elapsed="0.000556"/>
</kw>
<kw name="Create List" owner="BuiltIn">
<msg time="2025-07-15T14:05:23.479696" level="INFO">${logout_patterns} = ['logout', 'sign out', 'disconnect', 'déconnexion']</msg>
<var>${logout_patterns}</var>
<arg>logout</arg>
<arg>sign out</arg>
<arg>disconnect</arg>
<arg>déconnexion</arg>
<doc>Returns a list containing given items.</doc>
<status status="PASS" start="2025-07-15T14:05:23.479409" elapsed="0.000339"/>
</kw>
<for flavor="IN">
<iter>
<kw name="Run Keyword And Return Status" owner="BuiltIn">
<kw name="Page Should Contain" owner="SeleniumLibrary">
<msg time="2025-07-15T14:05:27.668977" level="INFO" html="true">&lt;/td&gt;&lt;/tr&gt;&lt;tr&gt;&lt;td colspan="3"&gt;&lt;a href="selenium-screenshot-148.png"&gt;&lt;img src="selenium-screenshot-148.png" width="800px"&gt;&lt;/a&gt;</msg>
<msg time="2025-07-15T14:05:27.669189" level="FAIL">Page should have contained text 'logout' but did not.</msg>
<arg>${pattern}</arg>
<doc>Verifies that current page contains ``text``.</doc>
<status status="FAIL" start="2025-07-15T14:05:23.480600" elapsed="4.189398">Page should have contained text 'logout' but did not.</status>
</kw>
<msg time="2025-07-15T14:05:27.670147" level="INFO">${found} = False</msg>
<var>${found}</var>
<arg>Page Should Contain</arg>
<arg>${pattern}</arg>
<doc>Runs the given keyword with given arguments and returns the status as a Boolean value.</doc>
<status status="PASS" start="2025-07-15T14:05:23.480363" elapsed="4.189814"/>
</kw>
<kw name="Run Keyword If" owner="BuiltIn">
<arg>${found}</arg>
<arg>Log</arg>
<arg>Found logout pattern: ${pattern}</arg>
<doc>Runs the given keyword with the given arguments, if ``condition`` is true.</doc>
<status status="PASS" start="2025-07-15T14:05:27.670354" elapsed="0.000145"/>
</kw>
<var name="${pattern}">logout</var>
<status status="PASS" start="2025-07-15T14:05:23.480198" elapsed="4.190358"/>
</iter>
<iter>
<kw name="Run Keyword And Return Status" owner="BuiltIn">
<kw name="Page Should Contain" owner="SeleniumLibrary">
<msg time="2025-07-15T14:05:31.837618" level="INFO" html="true">&lt;/td&gt;&lt;/tr&gt;&lt;tr&gt;&lt;td colspan="3"&gt;&lt;a href="selenium-screenshot-149.png"&gt;&lt;img src="selenium-screenshot-149.png" width="800px"&gt;&lt;/a&gt;</msg>
<msg time="2025-07-15T14:05:31.837861" level="FAIL">Page should have contained text 'sign out' but did not.</msg>
<arg>${pattern}</arg>
<doc>Verifies that current page contains ``text``.</doc>
<status status="FAIL" start="2025-07-15T14:05:27.670965" elapsed="4.167945">Page should have contained text 'sign out' but did not.</status>
</kw>
<msg time="2025-07-15T14:05:31.839098" level="INFO">${found} = False</msg>
<var>${found}</var>
<arg>Page Should Contain</arg>
<arg>${pattern}</arg>
<doc>Runs the given keyword with given arguments and returns the status as a Boolean value.</doc>
<status status="PASS" start="2025-07-15T14:05:27.670825" elapsed="4.168310"/>
</kw>
<kw name="Run Keyword If" owner="BuiltIn">
<arg>${found}</arg>
<arg>Log</arg>
<arg>Found logout pattern: ${pattern}</arg>
<doc>Runs the given keyword with the given arguments, if ``condition`` is true.</doc>
<status status="PASS" start="2025-07-15T14:05:31.839318" elapsed="0.000187"/>
</kw>
<var name="${pattern}">sign out</var>
<status status="PASS" start="2025-07-15T14:05:27.670718" elapsed="4.168854"/>
</iter>
<iter>
<kw name="Run Keyword And Return Status" owner="BuiltIn">
<kw name="Page Should Contain" owner="SeleniumLibrary">
<msg time="2025-07-15T14:05:35.982771" level="INFO" html="true">&lt;/td&gt;&lt;/tr&gt;&lt;tr&gt;&lt;td colspan="3"&gt;&lt;a href="selenium-screenshot-150.png"&gt;&lt;img src="selenium-screenshot-150.png" width="800px"&gt;&lt;/a&gt;</msg>
<msg time="2025-07-15T14:05:35.983013" level="FAIL">Page should have contained text 'disconnect' but did not.</msg>
<arg>${pattern}</arg>
<doc>Verifies that current page contains ``text``.</doc>
<status status="FAIL" start="2025-07-15T14:05:31.839975" elapsed="4.143832">Page should have contained text 'disconnect' but did not.</status>
</kw>
<msg time="2025-07-15T14:05:35.983959" level="INFO">${found} = False</msg>
<var>${found}</var>
<arg>Page Should Contain</arg>
<arg>${pattern}</arg>
<doc>Runs the given keyword with given arguments and returns the status as a Boolean value.</doc>
<status status="PASS" start="2025-07-15T14:05:31.839829" elapsed="4.144163"/>
</kw>
<kw name="Run Keyword If" owner="BuiltIn">
<arg>${found}</arg>
<arg>Log</arg>
<arg>Found logout pattern: ${pattern}</arg>
<doc>Runs the given keyword with the given arguments, if ``condition`` is true.</doc>
<status status="PASS" start="2025-07-15T14:05:35.984203" elapsed="0.000169"/>
</kw>
<var name="${pattern}">disconnect</var>
<status status="PASS" start="2025-07-15T14:05:31.839709" elapsed="4.144724"/>
</iter>
<iter>
<kw name="Run Keyword And Return Status" owner="BuiltIn">
<kw name="Page Should Contain" owner="SeleniumLibrary">
<msg time="2025-07-15T14:05:40.113805" level="INFO" html="true">&lt;/td&gt;&lt;/tr&gt;&lt;tr&gt;&lt;td colspan="3"&gt;&lt;a href="selenium-screenshot-151.png"&gt;&lt;img src="selenium-screenshot-151.png" width="800px"&gt;&lt;/a&gt;</msg>
<msg time="2025-07-15T14:05:40.114080" level="FAIL">Page should have contained text 'déconnexion' but did not.</msg>
<arg>${pattern}</arg>
<doc>Verifies that current page contains ``text``.</doc>
<status status="FAIL" start="2025-07-15T14:05:35.984849" elapsed="4.130242">Page should have contained text 'déconnexion' but did not.</status>
</kw>
<msg time="2025-07-15T14:05:40.115271" level="INFO">${found} = False</msg>
<var>${found}</var>
<arg>Page Should Contain</arg>
<arg>${pattern}</arg>
<doc>Runs the given keyword with given arguments and returns the status as a Boolean value.</doc>
<status status="PASS" start="2025-07-15T14:05:35.984696" elapsed="4.130612"/>
</kw>
<kw name="Run Keyword If" owner="BuiltIn">
<arg>${found}</arg>
<arg>Log</arg>
<arg>Found logout pattern: ${pattern}</arg>
<doc>Runs the given keyword with the given arguments, if ``condition`` is true.</doc>
<status status="PASS" start="2025-07-15T14:05:40.115474" elapsed="0.000165"/>
</kw>
<var name="${pattern}">déconnexion</var>
<status status="PASS" start="2025-07-15T14:05:35.984581" elapsed="4.131120"/>
</iter>
<var>${pattern}</var>
<value>@{logout_patterns}</value>
<status status="PASS" start="2025-07-15T14:05:23.479885" elapsed="16.635876"/>
</for>
<status status="PASS" start="2025-07-15T14:05:21.413724" elapsed="18.702141"/>
</kw>
<arg>not ${alt_cart_found}</arg>
<arg>Debug Page Elements</arg>
<doc>Runs the given keyword with the given arguments, if ``condition`` is true.</doc>
<status status="PASS" start="2025-07-15T14:05:21.413331" elapsed="18.702592"/>
</kw>
<kw name="Run Keyword If" owner="BuiltIn">
<arg>${alt_cart_found}</arg>
<arg>Log</arg>
<arg>Cart icon found with alternative selector</arg>
<doc>Runs the given keyword with the given arguments, if ``condition`` is true.</doc>
<status status="PASS" start="2025-07-15T14:05:40.116058" elapsed="0.000151"/>
</kw>
<status status="PASS" start="2025-07-15T14:05:21.320188" elapsed="18.796104"/>
</kw>
<arg>not ${cart_found}</arg>
<arg>Try Alternative Cart Selector</arg>
<doc>Runs the given keyword with the given arguments, if ``condition`` is true.</doc>
<status status="PASS" start="2025-07-15T14:05:21.319858" elapsed="18.796501"/>
</kw>
<kw name="Log" owner="BuiltIn">
<msg time="2025-07-15T14:05:40.116682" level="INFO">Current URL: http://localhost:4200/home</msg>
<arg>Current URL: ${BASE_URL}${HOME_ROUTE}</arg>
<doc>Logs the given message with the given level.</doc>
<status status="PASS" start="2025-07-15T14:05:40.116503" elapsed="0.000242"/>
</kw>
<kw name="Get Source" owner="SeleniumLibrary">
<msg time="2025-07-15T14:05:40.122876" level="INFO">${page_source} = &lt;html lang="en"&gt;&lt;head&gt;
  &lt;script type="module" src="/@vite/client"&gt;&lt;/script&gt;

  &lt;meta charset="utf-8"&gt;
  &lt;title&gt;Shopfer&lt;/title&gt;
  &lt;base href="/"&gt;
  &lt;meta name="viewport" content="width=device-width, i...</msg>
<var>${page_source}</var>
<doc>Returns the entire HTML source of the current page or frame.</doc>
<status status="PASS" start="2025-07-15T14:05:40.116882" elapsed="0.006111"/>
</kw>
<kw name="Log" owner="BuiltIn">
<msg time="2025-07-15T14:05:40.124159" level="INFO">Page source contains: &lt;html lang="en"&gt;&lt;head&gt;
  &lt;script type="module" src="/@vite/client"&gt;&lt;/script&gt;

  &lt;meta charset="utf-8"&gt;
  &lt;title&gt;Shopfer&lt;/title&gt;
  &lt;base href="/"&gt;
  &lt;meta name="viewport" content="width=device-width, initial-scale=1"&gt;
  &lt;link rel="icon" type="image" href="favicon.png"&gt;
  &lt;link rel="stylesheet" href="https://cdn.jsdelivr.net/npm/swiper@9/swiper-bundle.min.css"&gt;
  &lt;link href="https://cdn.jsdelivr.net/npm/bootstrap@5.3.0-alpha3/dist/css/bootstrap.min.css" rel="stylesheet" integrity="sha384-KK94CHFLLe+nY2dmCWGMq91rCGa5gtU4mk92HdvYe+M/SXH301p5ILy+dN9+nJOZ" crossorigin="anonymous"&gt;
  &lt;link rel="stylesheet" type="text/css" href="assets/css/vendor.css"&gt;
  &lt;link rel="stylesheet" type="text/css" href="assets/style.css"&gt;
  &lt;link href="https://fonts.googleapis.com/css2?family=Roboto:wght@400;700&amp;amp;display=swap" rel="stylesheet"&gt;
  &lt;link href="https://cdn.jsdelivr.net/npm/bootstrap@5.3.0-alpha1/dist/css/bootstrap.min.css" rel="stylesheet"&gt;
  &lt;link rel="stylesheet" href="https://cdnjs.cloudflare.com/ajax/libs/font-awesome/6.0.0-beta3/css/all.min.css"&gt;
  &lt;script src="https://cdn.jsdelivr.net/npm/bootstrap@5.3.0-alpha1/dist/js/bootstrap.bundle.min.js"&gt;&lt;/script&gt;    
  &lt;link rel="preconnect" href="https://fonts.googleapis.com"&gt;
  &lt;link rel="preconnect" href="https://fonts.gstatic.com" crossorigin=""&gt;
  &lt;script src="assets/js/jquery-1.11.0.min.js"&gt;&lt;/script&gt;
  &lt;script src="https://cdn.jsdelivr.net/npm/swiper@9/swiper-bundle.min.js"&gt;&lt;/script&gt;
  &lt;script src="https://cdn.jsdelivr.net/npm/bootstrap@5.3.0-alpha3/dist/js/bootstrap.bundle.min.js" integrity="sha384-ENjdO4Dr2bkBIFxQpeoTz1HIcje39Wm4jDKdf19U8gI4ddQ3GYNS7NTKfAdVQSZe" crossorigin="anonymous"&gt;&lt;/script&gt;
  &lt;script src="assets/js/plugins.js"&gt;&lt;/script&gt;
  &lt;script src="assets/js/script.js"&gt;&lt;/script&gt;

&lt;link rel="stylesheet" href="styles.css"&gt;&lt;/head&gt;
&lt;body&gt;&lt;!--nghm--&gt;
  &lt;app-root _nghost-ng-c3253827745="" ng-version="18.2.13" ng-server-context="ssr"&gt;&lt;svg _ngcontent-ng-c3253827745="" xmlns="http://www.w3.org/2000/svg" style="display: none;"&gt;&lt;defs _ngcontent-ng-c3253827745=""&gt;&lt;symbol _ngcontent-ng-c3253827745="" xmlns="http://www.w3.org/2000/svg" id="cart" viewBox="0 0 24 24"&gt;&lt;path _ngcontent-ng-c3253827745="" fill="currentColor" d="M8.5 19a1.5 1.5 0 1 0 1.5 1.5A1.5 1.5 0 0 0 8.5 19ZM19 16H7a1 1 0 0 1 0-2h8.491a3.013 3.013 0 0 0 2.885-2.176l1.585-5.55A1 1 0 0 0 19 5H6.74a3.007 3.007 0 0 0-2.82-2H3a1 1 0 0 0 0 2h.921a1.005 1.005 0 0 1 .962.725l.155.545v.005l1.641 5.742A3 3 0 0 0 7 18h12a1 1 0 0 0 0-2Zm-1.326-9l-1.22 4.274a1.005 1.005 0 0 1-.963.726H8.754l-.255-.892L7.326 7ZM16.5 19a1.5 1.5 0 1 0 1.5 1.5a1.5 1.5 0 0 0-1.5-1.5Z"&gt;&lt;/path&gt;&lt;/symbol&gt;&lt;symbol _ngcontent-ng-c3253827745="" xmlns="http://www.w3.org/2000/svg" id="search" viewBox="0 0 24 24"&gt;&lt;path _ngcontent-ng-c3253827745="" fill="currentColor" d="M21.71 20.29L18 16.61A9 9 0 1 0 16.61 18l3.68 3.68a1 1 0 0 0 1.42 0a1 1 0 0 0 0-1.39ZM11 18a7 7 0 1 1 7-7a7 7 0 0 1-7 7Z"&gt;&lt;/path&gt;&lt;/symbol&gt;&lt;symbol _ngcontent-ng-c3253827745="" xmlns="http://www.w3.org/2000/svg" id="user" viewBox="0 0 24 24"&gt;&lt;path _ngcontent-ng-c3253827745="" fill="currentColor" d="M15.71 12.71a6 6 0 1 0-7.42 0a10 10 0 0 0-6.22 8.18a1 1 0 0 0 2 .22a8 8 0 0 1 15.9 0a1 1 0 0 0 1 .89h.11a1 1 0 0 0 .88-1.1a10 10 0 0 0-6.25-8.19ZM12 12a4 4 0 1 1 4-4a4 4 0 0 1-4 4Z"&gt;&lt;/path&gt;&lt;/symbol&gt;&lt;symbol _ngcontent-ng-c3253827745="" xmlns="http://www.w3.org/2000/svg" id="close" viewBox="0 0 15 15"&gt;&lt;path _ngcontent-ng-c3253827745="" fill="currentColor" d="M7.953 3.788a.5.5 0 0 0-.906 0L6.08 5.85l-2.154.33a.5.5 0 0 0-.283.843l1.574 1.613l-.373 2.284a.5.5 0 0 0 .736.518l1.92-1.063l1.921 1.063a.5.5 0 0 0 .736-.519l-.373-2.283l1.574-1.613a.5.5 0 0 0-.283-.844L8.921 5.85l-.968-2.062Z"&gt;&lt;/path&gt;&lt;/symbol&gt;&lt;/defs&gt;&lt;/svg&gt;&lt;app-header _ngcontent-ng-c3253827745="" _nghost-ng-c3652115533=""&gt;&lt;header _ngcontent-ng-c3652115533=""&gt;&lt;div _ngcontent-ng-c3652115533="" class="container-fluid"&gt;&lt;div _ngcontent-ng-c3652115533="" class="row py-3 border-bottom"&gt;&lt;div _ngcontent-ng-c3652115533="" class="col-sm-4 col-lg-3 text-center text-sm-start"&gt;&lt;div _ngcontent-ng-c3652115533="" class="main-logo" style="display: flex; align-items: center; margin-left: 10px;"&gt;&lt;a _ngcontent-ng-c3652115533="" href="#"&gt;&lt;img _ngcontent-ng-c3652115533="" src="images/logo.png" alt="logo" class="img-fluid ml-4"&gt;&lt;/a&gt;&lt;h2 _ngcontent-ng-c3652115533="" class="fw-bold mb-0 ms-2" style="font-family: 'Roboto', sans-serif; color: #3cc374;"&gt;SHOPFER&lt;/h2&gt;&lt;/div&gt;&lt;/div&gt;&lt;div _ngcontent-ng-c3652115533="" class="col-sm-6 offset-sm-2 offset-md-0 col-lg-5 d-none d-lg-block"&gt;&lt;app-search-bar _ngcontent-ng-c3652115533="" _nghost-ng-c143125522=""&gt;&lt;div _ngcontent-ng-c143125522="" class="search-bar row bg-light p-2 my-2 rounded-4"&gt;&lt;div _ngcontent-ng-c143125522="" class="col-md-4 d-none d-md-block"&gt;&lt;select _ngcontent-ng-c143125522="" class="form-select border-0 bg-transparent ng-untouched ng-pristine ng-valid" ng-reflect-model=""&gt;&lt;option _ngcontent-ng-c143125522=""&gt;All Categories&lt;/option&gt;&lt;option _ngcontent-ng-c143125522="" value="beauty" ng-reflect-value="beauty"&gt; beauty &lt;/option&gt;&lt;option _ngcontent-ng-c143125522="" value="fragrances" ng-reflect-value="fragrances"&gt; fragrances &lt;/option&gt;&lt;option _ngcontent-ng-c143125522="" value="furniture" ng-reflect-value="furniture"&gt; furniture &lt;/option&gt;&lt;option _ngcontent-ng-c143125522="" value="groceries" ng-reflect-value="groceries"&gt; groceries &lt;/option&gt;&lt;option _ngcontent-ng-c143125522="" value="home-decoration" ng-reflect-value="home-decoration"&gt; home-decoration &lt;/option&gt;&lt;option _ngcontent-ng-c143125522="" value="kitchen-accessories" ng-reflect-value="kitchen-accessories"&gt; kitchen-accessories &lt;/option&gt;&lt;option _ngcontent-ng-c143125522="" value="laptops" ng-reflect-value="laptops"&gt; laptops &lt;/option&gt;&lt;option _ngcontent-ng-c143125522="" value="mens-shirts" ng-reflect-value="mens-shirts"&gt; mens-shirts &lt;/option&gt;&lt;option _ngcontent-ng-c143125522="" value="mens-shoes" ng-reflect-value="mens-shoes"&gt; mens-shoes &lt;/option&gt;&lt;option _ngcontent-ng-c143125522="" value="mens-watches" ng-reflect-value="mens-watches"&gt; mens-watches &lt;/option&gt;&lt;option _ngcontent-ng-c143125522="" value="mobile-accessories" ng-reflect-value="mobile-accessories"&gt; mobile-accessories &lt;/option&gt;&lt;option _ngcontent-ng-c143125522="" value="motorcycle" ng-reflect-value="motorcycle"&gt; motorcycle &lt;/option&gt;&lt;option _ngcontent-ng-c143125522="" value="skin-care" ng-reflect-value="skin-care"&gt; skin-care &lt;/option&gt;&lt;option _ngcontent-ng-c143125522="" value="smartphones" ng-reflect-value="smartphones"&gt; smartphones &lt;/option&gt;&lt;option _ngcontent-ng-c143125522="" value="sports-accessories" ng-reflect-value="sports-accessories"&gt; sports-accessories &lt;/option&gt;&lt;option _ngcontent-ng-c143125522="" value="sunglasses" ng-reflect-value="sunglasses"&gt; sunglasses &lt;/option&gt;&lt;option _ngcontent-ng-c143125522="" value="tablets" ng-reflect-value="tablets"&gt; tablets &lt;/option&gt;&lt;option _ngcontent-ng-c143125522="" value="tops" ng-reflect-value="tops"&gt; tops &lt;/option&gt;&lt;option _ngcontent-ng-c143125522="" value="vehicle" ng-reflect-value="vehicle"&gt; vehicle &lt;/option&gt;&lt;option _ngcontent-ng-c143125522="" value="womens-bags" ng-reflect-value="womens-bags"&gt; womens-bags &lt;/option&gt;&lt;option _ngcontent-ng-c143125522="" value="womens-dresses" ng-reflect-value="womens-dresses"&gt; womens-dresses &lt;/option&gt;&lt;option _ngcontent-ng-c143125522="" value="womens-jewellery" ng-reflect-value="womens-jewellery"&gt; womens-jewellery &lt;/option&gt;&lt;option _ngcontent-ng-c143125522="" value="womens-shoes" ng-reflect-value="womens-shoes"&gt; womens-shoes &lt;/option&gt;&lt;option _ngcontent-ng-c143125522="" value="womens-watches" ng-reflect-value="womens-watches"&gt; womens-watches &lt;/option&gt;&lt;!--bindings={
  "ng-reflect-ng-for-of": "beauty,fragrances,furniture,gr"
}--&gt;&lt;/select&gt;&lt;/div&gt;&lt;div _ngcontent-ng-c143125522="" class="col-11 col-md-7"&gt;&lt;form _ngcontent-ng-c143125522="" novalidate="" id="search-form" method="post" class="text-center ng-untouched ng-pristine ng-valid"&gt;&lt;input _ngcontent-ng-c143125522="" name="search" type="text" placeholder="Search for what you want" class="form-control border-0 bg-transparent ng-untouched ng-pristine ng-valid" ng-reflect-name="search" ng-reflect-model=""&gt;&lt;/form&gt;&lt;/div&gt;&lt;div _ngcontent-ng-c143125522="" class="col-1"&gt;&lt;svg _ngcontent-ng-c143125522="" xmlns="http://www.w3.org/2000/svg" width="24" height="24" viewBox="0 0 24 24"&gt;&lt;path _ngcontent-ng-c143125522="" fill="currentColor" d="M21.71 20.29L18 16.61A9 9 0 1 0 16.61 18l3.68 3.68a1 1 0 0 0 1.42 0a1 1 0 0 0 0-1.39ZM11 18a7 7 0 1 1 7-7a7 7 0 0 1-7 7Z"&gt;&lt;/path&gt;&lt;/svg&gt;&lt;/div&gt;&lt;/div&gt;&lt;/app-search-bar&gt;&lt;/div&gt;&lt;div _ngcontent-ng-c3652115533="" class="col-sm-8 col-lg-4 d-flex justify-content-end gap-5 align-items-center mt-4 mt-sm-0 justify-content-center justify-content-sm-end"&gt;&lt;div _ngcontent-ng-c3652115533="" class="cart text-end d-none d-lg-block dropdown"&gt;&lt;button _ngcontent-ng-c3652115533="" class="btn btn-dark" style="margin-right: 5px;"&gt; Log out &lt;/button&gt;&lt;!--bindings={
  "ng-reflect-ng-if-else": "[object Object]"
}--&gt;&lt;!--container--&gt;&lt;button _ngcontent-ng-c3652115533="" class="btn btn-primary"&gt; Show Cart &lt;/button&gt;&lt;/div&gt;&lt;/div&gt;&lt;app-cart _ngcontent-ng-c3652115533="" _nghost-ng-c649832374=""&gt;&lt;!--bindings={
  "ng-reflect-ng-if": "false"
}--&gt;&lt;/app-cart&gt;&lt;/div&gt;&lt;/div&gt;&lt;div _ngcontent-ng-c3652115533="" class="container-fluid"&gt;&lt;div _ngcontent-ng-c3652115533="" class="row py-3"&gt;&lt;div _ngcontent-ng-c3652115533="" class="d-flex justify-content-center justify-content-sm-between align-items-center"&gt;&lt;nav _ngcontent-ng-c3652115533="" class="main-menu d-flex navbar navbar-expand-lg"&gt;&lt;button _ngcontent-ng-c3652115533="" type="button" data-bs-toggle="offcanvas" data-bs-target="#offcanvasNavbar" aria-controls="offcanvasNavbar" class="navbar-toggler"&gt;&lt;span _ngcontent-ng-c3652115533="" class="navbar-toggler-icon"&gt;&lt;/span&gt;&lt;/button&gt;&lt;div _ngcontent-ng-c3652115533="" tabindex="-1" id="offcanvasNavbar" aria-labelledby="offcanvasNavbarLabel" class="offcanvas offcanvas-end"&gt;&lt;div _ngcontent-ng-c3652115533="" class="offcanvas-header justify-content-center"&gt;&lt;button _ngcontent-ng-c3652115533="" type="button" data-bs-dismiss="offcanvas" aria-label="Close" class="btn-close"&gt;&lt;/button&gt;&lt;/div&gt;&lt;/div&gt;&lt;/nav&gt;&lt;/div&gt;&lt;/div&gt;&lt;/div&gt;&lt;/header&gt;&lt;/app-header&gt;&lt;!--bindings={
  "ng-reflect-ng-if": "true"
}--&gt;&lt;router-outlet _ngcontent-ng-c3253827745=""&gt;&lt;/router-outlet&gt;&lt;app-list-product _nghost-ng-c4236686320=""&gt;&lt;svg _ngcontent-ng-c4236686320="" xmlns="http://www.w3.org/2000/svg" style="display: none;"&gt;&lt;defs _ngcontent-ng-c4236686320=""&gt;&lt;symbol _ngcontent-ng-c4236686320="" xmlns="http://www.w3.org/2000/svg" id="link" viewBox="0 0 24 24"&gt;&lt;path _ngcontent-ng-c4236686320="" fill="currentColor" d="M12 19a1 1 0 1 0-1-1a1 1 0 0 0 1 1Zm5 0a1 1 0 1 0-1-1a1 1 0 0 0 1 1Zm0-4a1 1 0 1 0-1-1a1 1 0 0 0 1 1Zm-5 0a1 1 0 1 0-1-1a1 1 0 0 0 1 1Zm7-12h-1V2a1 1 0 0 0-2 0v1H8V2a1 1 0 0 0-2 0v1H5a3 3 0 0 0-3 3v14a3 3 0 0 0 3 3h14a3 3 0 0 0 3-3V6a3 3 0 0 0-3-3Zm1 17a1 1 0 0 1-1 1H5a1 1 0 0 1-1-1v-9h16Zm0-11H4V6a1 1 0 0 1 1-1h1v1a1 1 0 0 0 2 0V5h8v1a1 1 0 0 0 2 0V5h1a1 1 0 0 1 1 1ZM7 15a1 1 0 1 0-1-1a1 1 0 0 0 1 1Zm0 4a1 1 0 1 0-1-1a1 1 0 0 0 1 1Z"&gt;&lt;/path&gt;&lt;/symbol&gt;&lt;symbol _ngcontent-ng-c4236686320="" xmlns="http://www.w3.org/2000/svg" id="arrow-right" viewBox="0 0 24 24"&gt;&lt;path _ngcontent-ng-c4236686320="" fill="currentColor" d="M17.92 11.62a1 1 0 0 0-.21-.33l-5-5a1 1 0 0 0-1.42 1.42l3.3 3.29H7a1 1 0 0 0 0 2h7.59l-3.3 3.29a1 1 0 0 0 0 1.42a1 1 0 0 0 1.42 0l5-5a1 1 0 0 0 .21-.33a1 1 0 0 0 0-.76Z"&gt;&lt;/path&gt;&lt;/symbol&gt;&lt;symbol _ngcontent-ng-c4236686320="" xmlns="http://www.w3.org/2000/svg" id="category" viewBox="0 0 24 24"&gt;&lt;path _ngcontent-ng-c4236686320="" fill="currentColor" d="M19 5.5h-6.28l-.32-1a3 3 0 0 0-2.84-2H5a3 3 0 0 0-3 3v13a3 3 0 0 0 3 3h14a3 3 0 0 0 3-3v-10a3 3 0 0 0-3-3Zm1 13a1 1 0 0 1-1 1H5a1 1 0 0 1-1-1v-13a1 1 0 0 1 1-1h4.56a1 1 0 0 1 .95.68l.54 1.64a1 1 0 0 0 .95.68h7a1 1 0 0 1 1 1Z"&gt;&lt;/path&gt;&lt;/symbol&gt;&lt;symbol _ngcontent-ng-c4236686320="" xmlns="http://www.w3.org/2000/svg" id="calendar" viewBox="0 0 24 24"&gt;&lt;path _ngcontent-ng-c4236686320="" fill="currentColor" d="M19 4h-2V3a1 1 0 0 0-2 0v1H9V3a1 1 0 0 0-2 0v1H5a3 3 0 0 0-3 3v12a3 3 0 0 0 3 3h14a3 3 0 0 0 3-3V7a3 3 0 0 0-3-3Zm1 15a1 1 0 0 1-1 1H5a1 1 0 0 1-1-1v-7h16Zm0-9H4V7a1 1 0 0 1 1-1h2v1a1 1 0 0 0 2 0V6h6v1a1 1 0 0 0 2 0V6h2a1 1 0 0 1 1 1Z"&gt;&lt;/path&gt;&lt;/symbol&gt;&lt;symbol _ngcontent-ng-c4236686320="" xmlns="http://www.w3.org/2000/svg" id="heart" viewBox="0 0 24 24"&gt;&lt;path _ngcontent-ng-c4236686320="" fill="currentColor" d="M20.16 4.61A6.27 6.27 0 0 0 12 4a6.27 6.27 0 0 0-8.16 9.48l7.45 7.45a1 1 0 0 0 1.42 0l7.45-7.45a6.27 6.27 0 0 0 0-8.87Zm-1.41 7.46L12 18.81l-6.75-6.74a4.28 4.28 0 0 1 3-7.3a4.25 4.25 0 0 1 3 1.25a1 1 0 0 0 1.42 0a4.27 4.27 0 0 1 6 6.05Z"&gt;&lt;/path&gt;&lt;/symbol&gt;&lt;symbol _ngcontent-ng-c4236686320="" xmlns="http://www.w3.org/2000/svg" id="plus" viewBox="0 0 24 24"&gt;&lt;path _ngcontent-ng-c4236686320="" fill="currentColor" d="M19 11h-6V5a1 1 0 0 0-2 0v6H5a1 1 0 0 0 0 2h6v6a1 1 0 0 0 2 0v-6h6a1 1 0 0 0 0-2Z"&gt;&lt;/path&gt;&lt;/symbol&gt;&lt;symbol _ngcontent-ng-c4236686320="" xmlns="http://www.w3.org/2000/svg" id="minus" viewBox="0 0 24 24"&gt;&lt;path _ngcontent-ng-c4236686320="" fill="currentColor" d="M19 11H5a1 1 0 0 0 0 2h14a1 1 0 0 0 0-2Z"&gt;&lt;/path&gt;&lt;/symbol&gt;&lt;symbol _ngcontent-ng-c4236686320="" xmlns="http://www.w3.org/2000/svg" id="cart" viewBox="0 0 24 24"&gt;&lt;path _ngcontent-ng-c4236686320="" fill="currentColor" d="M8.5 19a1.5 1.5 0 1 0 1.5 1.5A1.5 1.5 0 0 0 8.5 19ZM19 16H7a1 1 0 0 1 0-2h8.491a3.013 3.013 0 0 0 2.885-2.176l1.585-5.55A1 1 0 0 0 19 5H6.74a3.007 3.007 0 0 0-2.82-2H3a1 1 0 0 0 0 2h.921a1.005 1.005 0 0 1 .962.725l.155.545v.005l1.641 5.742A3 3 0 0 0 7 18h12a1 1 0 0 0 0-2Zm-1.326-9l-1.22 4.274a1.005 1.005 0 0 1-.963.726H8.754l-.255-.892L7.326 7ZM16.5 19a1.5 1.5 0 1 0 1.5 1.5a1.5 1.5 0 0 0-1.5-1.5Z"&gt;&lt;/path&gt;&lt;/symbol&gt;&lt;symbol _ngcontent-ng-c4236686320="" xmlns="http://www.w3.org/2000/svg" id="check" viewBox="0 0 24 24"&gt;&lt;path _ngcontent-ng-c4236686320="" fill="currentColor" d="M18.71 7.21a1 1 0 0 0-1.42 0l-7.45 7.46l-3.13-3.14A1 1 0 1 0 5.29 13l3.84 3.84a1 1 0 0 0 1.42 0l8.16-8.16a1 1 0 0 0 0-1.47Z"&gt;&lt;/path&gt;&lt;/symbol&gt;&lt;symbol _ngcontent-ng-c4236686320="" xmlns="http://www.w3.org/2000/svg" id="trash" viewBox="0 0 24 24"&gt;&lt;path _ngcontent-ng-c4236686320="" fill="currentColor" d="M10 18a1 1 0 0 0 1-1v-6a1 1 0 0 0-2 0v6a1 1 0 0 0 1 1ZM20 6h-4V5a3 3 0 0 0-3-3h-2a3 3 0 0 0-3 3v1H4a1 1 0 0 0 0 2h1v11a3 3 0 0 0 3 3h8a3 3 0 0 0 3-3V8h1a1 1 0 0 0 0-2ZM10 5a1 1 0 0 1 1-1h2a1 1 0 0 1 1 1v1h-4Zm7 14a1 1 0 0 1-1 1H8a1 1 0 0 1-1-1V8h10Zm-3-1a1 1 0 0 0 1-1v-6a1 1 0 0 0-2 0v6a1 1 0 0 0 1 1Z"&gt;&lt;/path&gt;&lt;/symbol&gt;&lt;symbol _ngcontent-ng-c4236686320="" xmlns="http://www.w3.org/2000/svg" id="star-outline" viewBox="0 0 15 15"&gt;&lt;path _ngcontent-ng-c4236686320="" fill="none" stroke="currentColor" stroke-linecap="round" stroke-linejoin="round" d="M7.5 9.804L5.337 11l.413-2.533L4 6.674l2.418-.37L7.5 4l1.082 2.304l2.418.37l-1.75 1.793L9.663 11L7.5 9.804Z"&gt;&lt;/path&gt;&lt;/symbol&gt;&lt;symbol _ngcontent-ng-c4236686320="" xmlns="http://www.w3.org/2000/svg" id="star-solid" viewBox="0 0 15 15"&gt;&lt;path _ngcontent-ng-c4236686320="" fill="currentColor" d="M7.953 3.788a.5.5 0 0 0-.906 0L6.08 5.85l-2.154.33a.5.5 0 0 0-.283.843l1.574 1.613l-.373 2.284a.5.5 0 0 0 .736.518l1.92-1.063l1.921 1.063a.5.5 0 0 0 .736-.519l-.373-2.283l1.574-1.613a.5.5 0 0 0-.283-.844L8.921 5.85l-.968-2.062Z"&gt;&lt;/path&gt;&lt;/symbol&gt;&lt;symbol _ngcontent-ng-c4236686320="" xmlns="http://www.w3.org/2000/svg" id="search" viewBox="0 0 24 24"&gt;&lt;path _ngcontent-ng-c4236686320="" fill="currentColor" d="M21.71 20.29L18 16.61A9 9 0 1 0 16.61 18l3.68 3.68a1 1 0 0 0 1.42 0a1 1 0 0 0 0-1.39ZM11 18a7 7 0 1 1 7-7a7 7 0 0 1-7 7Z"&gt;&lt;/path&gt;&lt;/symbol&gt;&lt;symbol _ngcontent-ng-c4236686320="" xmlns="http://www.w3.org/2000/svg" id="user" viewBox="0 0 24 24"&gt;&lt;path _ngcontent-ng-c4236686320="" fill="currentColor" d="M15.71 12.71a6 6 0 1 0-7.42 0a10 10 0 0 0-6.22 8.18a1 1 0 0 0 2 .22a8 8 0 0 1 15.9 0a1 1 0 0 0 1 .89h.11a1 1 0 0 0 .88-1.1a10 10 0 0 0-6.25-8.19ZM12 12a4 4 0 1 1 4-4a4 4 0 0 1-4 4Z"&gt;&lt;/path&gt;&lt;/symbol&gt;&lt;symbol _ngcontent-ng-c4236686320="" xmlns="http://www.w3.org/2000/svg" id="close" viewBox="0 0 15 15"&gt;&lt;path _ngcontent-ng-c4236686320="" fill="currentColor" d="M7.953 3.788a.5.5 0 0 0-.906 0L6.08 5.85l-2.154.33a.5.5 0 0 0-.283.843l1.574 1.613l-.373 2.284a.5.5 0 0 0 .736.518l1.92-1.063l1.921 1.063a.5.5 0 0 0 .736-.519l-.373-2.283l1.574-1.613a.5.5 0 0 0-.283-.844L8.921 5.85l-.968-2.062Z"&gt;&lt;/path&gt;&lt;/symbol&gt;&lt;/defs&gt;&lt;/svg&gt;&lt;div _ngconte
[...]
</kw>
<kw name="Get WebElements" owner="SeleniumLibrary">
<msg time="2025-07-15T14:08:55.993909" level="INFO">${links} = [&lt;selenium.webdriver.remote.webelement.WebElement (session="e5fb51c0-0141-42f2-b8be-bfd1d0029e94", element="80dff4a6-80d9-4838-9886-7c1f1b65b96f")&gt;, &lt;selenium.webdriver.remote.webelement.WebElement (s...</msg>
<var>${links}</var>
<arg>css:a</arg>
<doc>Returns a list of WebElement objects matching the ``locator``.</doc>
<status status="PASS" start="2025-07-15T14:08:55.983700" elapsed="0.010313"/>
</kw>
<kw name="Log" owner="BuiltIn">
<msg time="2025-07-15T14:08:55.994751" level="INFO">Found links: [&lt;selenium.webdriver.remote.webelement.WebElement (session="e5fb51c0-0141-42f2-b8be-bfd1d0029e94", element="80dff4a6-80d9-4838-9886-7c1f1b65b96f")&gt;, &lt;selenium.webdriver.remote.webelement.WebElement (session="e5fb51c0-0141-42f2-b8be-bfd1d0029e94", element="2f2b2538-2bd1-4308-9dd0-560d67cfeb6d")&gt;, &lt;selenium.webdriver.remote.webelement.WebElement (session="e5fb51c0-0141-42f2-b8be-bfd1d0029e94", element="0b8587b2-93d4-4c66-9793-7694b3da132e")&gt;, &lt;selenium.webdriver.remote.webelement.WebElement (session="e5fb51c0-0141-42f2-b8be-bfd1d0029e94", element="cd8d1200-877b-4589-bab8-7b8c32280582")&gt;, &lt;selenium.webdriver.remote.webelement.WebElement (session="e5fb51c0-0141-42f2-b8be-bfd1d0029e94", element="17885344-fb2d-4837-9690-e184bb67b078")&gt;, &lt;selenium.webdriver.remote.webelement.WebElement (session="e5fb51c0-0141-42f2-b8be-bfd1d0029e94", element="9a62e4ac-ce49-44ad-b5b8-714b71e93862")&gt;, &lt;selenium.webdriver.remote.webelement.WebElement (session="e5fb51c0-0141-42f2-b8be-bfd1d0029e94", element="f8675a98-ee34-42b4-9feb-d84a6531aefd")&gt;, &lt;selenium.webdriver.remote.webelement.WebElement (session="e5fb51c0-0141-42f2-b8be-bfd1d0029e94", element="64266e9e-1d22-4eda-ae5f-dfea7c33bc9e")&gt;, &lt;selenium.webdriver.remote.webelement.WebElement (session="e5fb51c0-0141-42f2-b8be-bfd1d0029e94", element="15229d87-8668-4cc4-8d9c-ad23c97edee8")&gt;, &lt;selenium.webdriver.remote.webelement.WebElement (session="e5fb51c0-0141-42f2-b8be-bfd1d0029e94", element="c18a82c3-61a4-4597-b491-56b00b27fb78")&gt;, &lt;selenium.webdriver.remote.webelement.WebElement (session="e5fb51c0-0141-42f2-b8be-bfd1d0029e94", element="03e38081-3f44-4496-9fde-358ad22b5389")&gt;, &lt;selenium.webdriver.remote.webelement.WebElement (session="e5fb51c0-0141-42f2-b8be-bfd1d0029e94", element="c2a85d8d-b248-4e48-9259-df23f6bc820a")&gt;, &lt;selenium.webdriver.remote.webelement.WebElement (session="e5fb51c0-0141-42f2-b8be-bfd1d0029e94", element="1ffece6d-b45a-4508-8b20-8ee4d824c016")&gt;, &lt;selenium.webdriver.remote.webelement.WebElement (session="e5fb51c0-0141-42f2-b8be-bfd1d0029e94", element="0b28ab63-aadc-4c8d-b9fb-17370b54fc6b")&gt;, &lt;selenium.webdriver.remote.webelement.WebElement (session="e5fb51c0-0141-42f2-b8be-bfd1d0029e94", element="bdd3b063-753f-47cf-8495-a2af7f66bdf6")&gt;, &lt;selenium.webdriver.remote.webelement.WebElement (session="e5fb51c0-0141-42f2-b8be-bfd1d0029e94", element="91bae828-594a-4fbd-be06-8a3a86044aa5")&gt;, &lt;selenium.webdriver.remote.webelement.WebElement (session="e5fb51c0-0141-42f2-b8be-bfd1d0029e94", element="8e9e938a-ee89-462e-b0bd-19692c849670")&gt;, &lt;selenium.webdriver.remote.webelement.WebElement (session="e5fb51c0-0141-42f2-b8be-bfd1d0029e94", element="ac9f353e-e83d-42f5-823e-35640c9c0e23")&gt;, &lt;selenium.webdriver.remote.webelement.WebElement (session="e5fb51c0-0141-42f2-b8be-bfd1d0029e94", element="87ddcba4-9cd8-4f18-9a96-a304ef6ad2d2")&gt;, &lt;selenium.webdriver.remote.webelement.WebElement (session="e5fb51c0-0141-42f2-b8be-bfd1d0029e94", element="dc14343d-9a60-4ac2-a969-90b8cc2a4388")&gt;, &lt;selenium.webdriver.remote.webelement.WebElement (session="e5fb51c0-0141-42f2-b8be-bfd1d0029e94", element="74ff8b71-5b1e-416b-806c-68eb6e2db5e3")&gt;, &lt;selenium.webdriver.remote.webelement.WebElement (session="e5fb51c0-0141-42f2-b8be-bfd1d0029e94", element="d68666e3-5df3-4f88-9ca4-065463245f76")&gt;, &lt;selenium.webdriver.remote.webelement.WebElement (session="e5fb51c0-0141-42f2-b8be-bfd1d0029e94", element="e127ac2f-52ac-4706-9afd-96e54680252d")&gt;, &lt;selenium.webdriver.remote.webelement.WebElement (session="e5fb51c0-0141-42f2-b8be-bfd1d0029e94", element="07894169-1381-445a-bc33-98f33caa55a2")&gt;, &lt;selenium.webdriver.remote.webelement.WebElement (session="e5fb51c0-0141-42f2-b8be-bfd1d0029e94", element="309c1ace-a594-4946-80b9-34e00c8df685")&gt;, &lt;selenium.webdriver.remote.webelement.WebElement (session="e5fb51c0-0141-42f2-b8be-bfd1d0029e94", element="2278bcfe-ef56-4273-8aa0-52ec61e8f328")&gt;, &lt;selenium.webdriver.remote.webelement.WebElement (session="e5fb51c0-0141-42f2-b8be-bfd1d0029e94", element="4fe3ed78-b7c4-4e4a-bcd4-af551d220333")&gt;, &lt;selenium.webdriver.remote.webelement.WebElement (session="e5fb51c0-0141-42f2-b8be-bfd1d0029e94", element="ef404adf-08e1-4837-a214-c8c7cc0330c2")&gt;, &lt;selenium.webdriver.remote.webelement.WebElement (session="e5fb51c0-0141-42f2-b8be-bfd1d0029e94", element="e95fb186-b244-4ed5-bac6-65848c7534be")&gt;, &lt;selenium.webdriver.remote.webelement.WebElement (session="e5fb51c0-0141-42f2-b8be-bfd1d0029e94", element="59f34b78-1b9e-4eec-a612-988d2fe95f7f")&gt;, &lt;selenium.webdriver.remote.webelement.WebElement (session="e5fb51c0-0141-42f2-b8be-bfd1d0029e94", element="1abf91a5-feae-441f-8069-5c76179db8ff")&gt;, &lt;selenium.webdriver.remote.webelement.WebElement (session="e5fb51c0-0141-42f2-b8be-bfd1d0029e94", element="b2bc3643-5bf5-4860-aa21-0b5b9c36deb1")&gt;, &lt;selenium.webdriver.remote.webelement.WebElement (session="e5fb51c0-0141-42f2-b8be-bfd1d0029e94", element="64cb0eab-36a2-47dd-ae26-9996cf9d4e36")&gt;, &lt;selenium.webdriver.remote.webelement.WebElement (session="e5fb51c0-0141-42f2-b8be-bfd1d0029e94", element="4a699b37-1c90-49b4-a959-bfae1a9d86a2")&gt;, &lt;selenium.webdriver.remote.webelement.WebElement (session="e5fb51c0-0141-42f2-b8be-bfd1d0029e94", element="69eca5c9-63c6-432e-baa2-d017d6d68296")&gt;, &lt;selenium.webdriver.remote.webelement.WebElement (session="e5fb51c0-0141-42f2-b8be-bfd1d0029e94", element="d9e391e3-d7ef-4e0b-9aa0-7371cd18134d")&gt;, &lt;selenium.webdriver.remote.webelement.WebElement (session="e5fb51c0-0141-42f2-b8be-bfd1d0029e94", element="ab616814-82d5-48d0-a8d4-534b5bd314ef")&gt;, &lt;selenium.webdriver.remote.webelement.WebElement (session="e5fb51c0-0141-42f2-b8be-bfd1d0029e94", element="6c147bc6-199c-4b53-b5f8-ca949c3c2bcf")&gt;, &lt;selenium.webdriver.remote.webelement.WebElement (session="e5fb51c0-0141-42f2-b8be-bfd1d0029e94", element="9bee4c2e-8d7e-4411-bbb1-9bfa989d2c7a")&gt;, &lt;selenium.webdriver.remote.webelement.WebElement (session="e5fb51c0-0141-42f2-b8be-bfd1d0029e94", element="58763e92-96d5-42c3-a71f-ad20da31e874")&gt;, &lt;selenium.webdriver.remote.webelement.WebElement (session="e5fb51c0-0141-42f2-b8be-bfd1d0029e94", element="8be794f4-5caf-4457-b8bb-434e6dbfd5fe")&gt;, &lt;selenium.webdriver.remote.webelement.WebElement (session="e5fb51c0-0141-42f2-b8be-bfd1d0029e94", element="9d2dd1f8-e92c-4a28-b3f6-68f5c6b34555")&gt;, &lt;selenium.webdriver.remote.webelement.WebElement (session="e5fb51c0-0141-42f2-b8be-bfd1d0029e94", element="f89e7238-83fd-456a-ab5f-3a9056698b21")&gt;, &lt;selenium.webdriver.remote.webelement.WebElement (session="e5fb51c0-0141-42f2-b8be-bfd1d0029e94", element="f39aa0b0-b8dc-4bf5-ba34-0bd4ed86f3f9")&gt;, &lt;selenium.webdriver.remote.webelement.WebElement (session="e5fb51c0-0141-42f2-b8be-bfd1d0029e94", element="68814f72-c7c7-4aa9-a506-0dc32bc20898")&gt;, &lt;selenium.webdriver.remote.webelement.WebElement (session="e5fb51c0-0141-42f2-b8be-bfd1d0029e94", element="89a38387-c816-455b-841a-42cb784f1bc0")&gt;, &lt;selenium.webdriver.remote.webelement.WebElement (session="e5fb51c0-0141-42f2-b8be-bfd1d0029e94", element="f2cff670-e063-4d03-9944-5dbf2273c763")&gt;, &lt;selenium.webdriver.remote.webelement.WebElement (session="e5fb51c0-0141-42f2-b8be-bfd1d0029e94", element="5157ba0f-210f-462c-89ec-14eb4723581b")&gt;, &lt;selenium.webdriver.remote.webelement.WebElement (session="e5fb51c0-0141-42f2-b8be-bfd1d0029e94", element="5bacae1b-2176-4ec7-95c2-9c5f89301ddc")&gt;, &lt;selenium.webdriver.remote.webelement.WebElement (session="e5fb51c0-0141-42f2-b8be-bfd1d0029e94", element="05ab4b6e-a537-4433-866f-06b1d1e7e856")&gt;, &lt;selenium.webdriver.remote.webelement.WebElement (session="e5fb51c0-0141-42f2-b8be-bfd1d0029e94", element="5ac1bd1d-b39c-49da-be65-ad401a90c42c")&gt;, &lt;selenium.webdriver.remote.webelement.WebElement (session="e5fb51c0-0141-42f2-b8be-bfd1d0029e94", element="cf510479-5334-4ce3-996e-7ee0d691c6be")&gt;, &lt;selenium.webdriver.remote.webelement.WebElement (session="e5fb51c0-0141-42f2-b8be-bfd1d0029e94", element="4acfbcb1-5ef3-42c8-9214-bba87c9c6d13")&gt;, &lt;selenium.webdriver.remote.webelement.WebElement (session="e5fb51c0-0141-42f2-b8be-bfd1d0029e94", element="2c528e48-ffb9-49af-9ae7-95dbba3f0254")&gt;, &lt;selenium.webdriver.remote.webelement.WebElement (session="e5fb51c0-0141-42f2-b8be-bfd1d0029e94", element="453443a1-f1a6-46e8-9bd6-f6bb14534088")&gt;, &lt;selenium.webdriver.remote.webelement.WebElement (session="e5fb51c0-0141-42f2-b8be-bfd1d0029e94", element="c80a743c-a70e-48f3-b3d0-13e953be31e2")&gt;, &lt;selenium.webdriver.remote.webelement.WebElement (session="e5fb51c0-0141-42f2-b8be-bfd1d0029e94", element="80c8b4ee-eabf-42a6-8d70-34b13ea1f808")&gt;, &lt;selenium.webdriver.remote.webelement.WebElement (session="e5fb51c0-0141-42f2-b8be-bfd1d0029e94", element="963be0ef-7a23-4f65-a544-74a6d29c598b")&gt;, &lt;selenium.webdriver.remote.webelement.WebElement (session="e5fb51c0-0141-42f2-b8be-bfd1d0029e94", element="564a83f5-0b40-40db-9013-233ed2ae989c")&gt;, &lt;selenium.webdriver.remote.webelement.WebElement (session="e5fb51c0-0141-42f2-b8be-bfd1d0029e94", element="6f181218-9a7a-4a00-b686-c47142bc8f5b")&gt;, &lt;selenium.webdriver.remote.webelement.WebElement (session="e5fb51c0-0141-42f2-b8be-bfd1d0029e94", element="9bd5e75b-22c7-4232-8a0a-a005c25f838e")&gt;, &lt;selenium.webdriver.remote.webelement.WebElement (session="e5fb51c0-0141-42f2-b8be-bfd1d0029e94", element="bddda632-ff89-40cf-a17e-352006a52594")&gt;, &lt;selenium.webdriver.remote.webelement.WebElement (session="e5fb51c0-0141-42f2-b8be-bfd1d0029e94", element="a810ebcd-e28d-40f3-a25e-78bfb8894cf4")&gt;, &lt;selenium.webdriver.remote.webelement.WebElement (session="e5fb51c0-0141-42f2-b8be-bfd1d0029e94", element="3e83ac4c-677b-4b83-a1e5-dfd0f7a759fe")&gt;, &lt;selenium.webdriver.remote.webelement.WebElement (session="e5fb51c0-0141-42f2-b8be-bfd1d0029e94", element="ec2228d2-a86a-4293-bdf9-301becfd2495")&gt;, &lt;selenium.webdriver.remote.webelement.WebElement (session="e5fb51c0-0141-42f2-b8be-bfd1d0029e94", element="af346cfe-9076-4f92-ad04-870df58a40c6")&gt;]</msg>
<arg>Found links: ${links}</arg>
<doc>Logs the given message with the given level.</doc>
<status status="PASS" start="2025-07-15T14:08:55.994327" elapsed="0.000785"/>
</kw>
<kw name="Create List" owner="BuiltIn">
<msg time="2025-07-15T14:08:55.995904" level="INFO">${logout_patterns} = ['logout', 'sign out', 'disconnect', 'déconnexion']</msg>
<var>${logout_patterns}</var>
<arg>logout</arg>
<arg>sign out</arg>
<arg>disconnect</arg>
<arg>déconnexion</arg>
<doc>Returns a list containing given items.</doc>
<status status="PASS" start="2025-07-15T14:08:55.995482" elapsed="0.000517"/>
</kw>
<for flavor="IN">
<iter>
<kw name="Run Keyword And Return Status" owner="BuiltIn">
<kw name="Page Should Contain" owner="SeleniumLibrary">
<msg time="2025-07-15T14:09:00.164882" level="INFO" html="true">&lt;/td&gt;&lt;/tr&gt;&lt;tr&gt;&lt;td colspan="3"&gt;&lt;a href="selenium-screenshot-172.png"&gt;&lt;img src="selenium-screenshot-172.png" width="800px"&gt;&lt;/a&gt;</msg>
<msg time="2025-07-15T14:09:00.165055" level="FAIL">Page should have contained text 'logout' but did not.</msg>
<arg>${pattern}</arg>
<doc>Verifies that current page contains ``text``.</doc>
<status status="FAIL" start="2025-07-15T14:08:55.997387" elapsed="4.168512">Page should have contained text 'logout' but did not.</status>
</kw>
<msg time="2025-07-15T14:09:00.166070" level="INFO">${found} = False</msg>
<var>${found}</var>
<arg>Page Should Contain</arg>
<arg>${pattern}</arg>
<doc>Runs the given keyword with given arguments and returns the status as a Boolean value.</doc>
<status status="PASS" start="2025-07-15T14:08:55.996954" elapsed="4.169150"/>
</kw>
<kw name="Run Keyword If" owner="BuiltIn">
<arg>${found}</arg>
<arg>Log</arg>
<arg>Found logout pattern: ${pattern}</arg>
<doc>Runs the given keyword with the given arguments, if ``condition`` is true.</doc>
<status status="PASS" start="2025-07-15T14:09:00.166259" elapsed="0.000172"/>
</kw>
<var name="${pattern}">logout</var>
<status status="PASS" start="2025-07-15T14:08:55.996683" elapsed="4.169808"/>
</iter>
<iter>
<kw name="Run Keyword And Return Status" owner="BuiltIn">
<kw name="Page Should Contain" owner="SeleniumLibrary">
<msg time="2025-07-15T14:09:04.402729" level="INFO" html="true">&lt;/td&gt;&lt;/tr&gt;&lt;tr&gt;&lt;td colspan="3"&gt;&lt;a href="selenium-screenshot-173.png"&gt;&lt;img src="selenium-screenshot-173.png" width="800px"&gt;&lt;/a&gt;</msg>
<msg time="2025-07-15T14:09:04.402930" level="FAIL">Page should have contained text 'sign out' but did not.</msg>
<arg>${pattern}</arg>
<doc>Verifies that current page contains ``text``.</doc>
<status status="FAIL" start="2025-07-15T14:09:00.166869" elapsed="4.236993">Page should have contained text 'sign out' but did not.</status>
</kw>
<msg time="2025-07-15T14:09:04.404049" level="INFO">${found} = False</msg>
<var>${found}</var>
<arg>Page Should Contain</arg>
<arg>${pattern}</arg>
<doc>Runs the given keyword with given arguments and returns the status as a Boolean value.</doc>
<status status="PASS" start="2025-07-15T14:09:00.166710" elapsed="4.237379"/>
</kw>
<kw name="Run Keyword If" owner="BuiltIn">
<arg>${found}</arg>
<arg>Log</arg>
<arg>Found logout pattern: ${pattern}</arg>
<doc>Runs the given keyword with the given arguments, if ``condition`` is true.</doc>
<status status="PASS" start="2025-07-15T14:09:04.404283" elapsed="0.000170"/>
</kw>
<var name="${pattern}">sign out</var>
<status status="PASS" start="2025-07-15T14:09:00.166613" elapsed="4.237910"/>
</iter>
<iter>
<kw name="Run Keyword And Return Status" owner="BuiltIn">
<kw name="Page Should Contain" owner="SeleniumLibrary">
<msg time="2025-07-15T14:09:08.555407" level="INFO" html="true">&lt;/td&gt;&lt;/tr&gt;&lt;tr&gt;&lt;td colspan="3"&gt;&lt;a href="selenium-screenshot-174.png"&gt;&lt;img src="selenium-screenshot-174.png" width="800px"&gt;&lt;/a&gt;</msg>
<msg time="2025-07-15T14:09:08.555594" level="FAIL">Page should have contained text 'disconnect' but did not.</msg>
<arg>${pattern}</arg>
<doc>Verifies that current page contains ``text``.</doc>
<status status="FAIL" start="2025-07-15T14:09:04.404962" elapsed="4.151400">Page should have contained text 'disconnect' but did not.</status>
</kw>
<msg time="2025-07-15T14:09:08.556519" level="INFO">${found} = False</msg>
<var>${found}</var>
<arg>Page Should Contain</arg>
<arg>${pattern}</arg>
<doc>Runs the given keyword with given arguments and returns the status as a Boolean value.</doc>
<status status="PASS" start="2025-07-15T14:09:04.404805" elapsed="4.151744"/>
</kw>
<kw name="Run Keyword If" owner="BuiltIn">
<arg>${found}</arg>
<arg>Log</arg>
<arg>Found logout pattern: ${pattern}</arg>
<doc>Runs the given keyword with the given arguments, if ``condition`` is true.</doc>
<status status="PASS" start="2025-07-15T14:09:08.556698" elapsed="0.000149"/>
</kw>
<var name="${pattern}">disconnect</var>
<status status="PASS" start="2025-07-15T14:09:04.404685" elapsed="4.152217"/>
</iter>
<iter>
<kw name="Run Keyword And Return Status" owner="BuiltIn">
<kw name="Page Should Contain" owner="SeleniumLibrary">
<msg time="2025-07-15T14:09:12.731494" level="INFO" html="true">&lt;/td&gt;&lt;/tr&gt;&lt;tr&gt;&lt;td colspan="3"&gt;&lt;a href="selenium-screenshot-175.png"&gt;&lt;img src="selenium-screenshot-175.png" width="800px"&gt;&lt;/a&gt;</msg>
<msg time="2025-07-15T14:09:12.731724" level="FAIL">Page should have contained text 'déconnexion' but did not.</msg>
<arg>${pattern}</arg>
<doc>Verifies that current page contains ``text``.</doc>
<status status="FAIL" start="2025-07-15T14:09:08.557267" elapsed="4.175799">Page should have contained text 'déconnexion' but did not.</status>
</kw>
<msg time="2025-07-15T14:09:12.733302" level="INFO">${found} = False</msg>
<var>${found}</var>
<arg>Page Should Contain</arg>
<arg>${pattern}</arg>
<doc>Runs the given keyword with given arguments and returns the status as a Boolean value.</doc>
<status status="PASS" start="2025-07-15T14:09:08.557117" elapsed="4.176224"/>
</kw>
<kw name="Run Keyword If" owner="BuiltIn">
<arg>${found}</arg>
<arg>Log</arg>
<arg>Found logout pattern: ${pattern}</arg>
<doc>Runs the given keyword with the given arguments, if ``condition`` is true.</doc>
<status status="PASS" start="2025-07-15T14:09:12.733508" elapsed="0.000164"/>
</kw>
<var name="${pattern}">déconnexion</var>
<status status="PASS" start="2025-07-15T14:09:08.557016" elapsed="4.176715"/>
</iter>
<var>${pattern}</var>
<value>@{logout_patterns}</value>
<status status="PASS" start="2025-07-15T14:08:55.996228" elapsed="16.737559"/>
</for>
<status status="PASS" start="2025-07-15T14:08:53.939424" elapsed="18.794474"/>
</kw>
<kw name="Close Browser And Capture On Failure" type="TEARDOWN">
<kw name="Run Keyword If Test Failed" owner="BuiltIn">
<arg>Capture Page Screenshot</arg>
<arg>failure-{index}.png</arg>
<doc>Runs the given keyword with the given arguments, if the test failed.</doc>
<status status="PASS" start="2025-07-15T14:09:12.734766" elapsed="0.000160"/>
</kw>
<kw name="Run Keyword If Test Failed" owner="BuiltIn">
<arg>Log Source</arg>
<doc>Runs the given keyword with the given arguments, if the test failed.</doc>
<status status="PASS" start="2025-07-15T14:09:12.735111" elapsed="0.000135"/>
</kw>
<kw name="Close Browser" owner="SeleniumLibrary">
<doc>Closes the current browser.</doc>
<status status="PASS" start="2025-07-15T14:09:12.735387" elapsed="3.201277"/>
</kw>
<status status="PASS" start="2025-07-15T14:09:12.734386" elapsed="3.202626"/>
</kw>
<doc>Test pour déboguer les éléments de la page après inscription</doc>
<tag>debug</tag>
<status status="PASS" start="2025-07-15T14:08:37.643594" elapsed="38.294666"/>
</test>
<kw name="Log" owner="BuiltIn" type="TEARDOWN">
<msg time="2025-07-15T14:09:15.941707" level="INFO">Suite de tests e-commerce terminée</msg>
<arg>Suite de tests e-commerce terminée</arg>
<doc>Logs the given message with the given level.</doc>
<status status="PASS" start="2025-07-15T14:09:15.941391" elapsed="0.000448"/>
</kw>
<doc>Tests automatisés pour application e-commerce Angular</doc>
<status status="PASS" start="2025-07-15T14:04:21.273364" elapsed="294.668599"/>
</suite>
<statistics>
<total>
<stat pass="12" fail="0" skip="0">All Tests</stat>
</total>
<tag>
<stat pass="3" fail="0" skip="0">authentication</stat>
<stat pass="1" fail="0" skip="0">complete</stat>
<stat pass="3" fail="0" skip="0">critical</stat>
<stat pass="1" fail="0" skip="0">debug</stat>
<stat pass="1" fail="0" skip="0">functional</stat>
<stat pass="3" fail="0" skip="0">navigation</stat>
<stat pass="3" fail="0" skip="0">negative</stat>
<stat pass="1" fail="0" skip="0">prerequisite</stat>
<stat pass="2" fail="0" skip="0">registration</stat>
<stat pass="1" fail="0" skip="0">smoke</stat>
<stat pass="5" fail="0" skip="0">ui</stat>
<stat pass="1" fail="0" skip="0">workflow</stat>
</tag>
<suite>
<stat name="Hello" id="s1" pass="12" fail="0" skip="0">Hello</stat>
</suite>
</statistics>
<errors>
<msg time="2025-07-15T14:04:21.264088" level="WARN">Error in file 'C:\Users\lenovo\E-commerce-App-main\robot-tests\hello.robot' on line 202: The '[Return]' setting is deprecated. Use the 'RETURN' statement instead.</msg>
</errors>
</robot>
